<?xml version="1.0" encoding="UTF-8" ?>
<testsuite errors="0" failures="0" hostname="battower" name="com.google.javascript.jscomp.InlineVariablesTest" tests="134" time="0.132" timestamp="2013-02-28T06:31:59">
  <properties>
[...]
</properties>
  <testcase classname="com.google.javascript.jscomp.InlineVariablesTest" name="testForIn" time="0.0030" />
  <testcase classname="com.google.javascript.jscomp.InlineVariablesTest" name="testNoInlineGetpropIntoCall" time="0.0010" />
  <testcase classname="com.google.javascript.jscomp.InlineVariablesTest" name="testDoNotInlineIncrement" time="0.0010" />
  <testcase classname="com.google.javascript.jscomp.InlineVariablesTest" name="testDoNotInlineIntoLhsOfAssign" time="0.0" />
  <testcase classname="com.google.javascript.jscomp.InlineVariablesTest" name="testDoNotExitLoop" time="0.0010" />
  <testcase classname="com.google.javascript.jscomp.InlineVariablesTest" name="testRenamePropertyFunction" time="0.0" />
  <testcase classname="com.google.javascript.jscomp.InlineVariablesTest" name="testInlineGlobal" time="0.0010" />
  <testcase classname="com.google.javascript.jscomp.InlineVariablesTest" name="testNoInlineExportedName" time="0.0010" />
  <testcase classname="com.google.javascript.jscomp.InlineVariablesTest" name="testNoInlineExportedName2" time="0.0" />
  <testcase classname="com.google.javascript.jscomp.InlineVariablesTest" name="testDoNotInlineDecrement" time="0.0010" />
  <testcase classname="com.google.javascript.jscomp.InlineVariablesTest" name="testInlineIntoRhsOfAssign" time="0.0" />
  <testcase classname="com.google.javascript.jscomp.InlineVariablesTest" name="testInlineInFunction" time="0.0010" />
  <testcase classname="com.google.javascript.jscomp.InlineVariablesTest" name="testInlineInFunction2" time="0.0010" />
  <testcase classname="com.google.javascript.jscomp.InlineVariablesTest" name="testInlineInFunction3" time="0.0" />
  <testcase classname="com.google.javascript.jscomp.InlineVariablesTest" name="testInlineInFunction4" time="0.0010" />
  <testcase classname="com.google.javascript.jscomp.InlineVariablesTest" name="testInlineInFunction5" time="0.0010" />
  <testcase classname="com.google.javascript.jscomp.InlineVariablesTest" name="testInlineAcrossModules" time="0.0" />
  <testcase classname="com.google.javascript.jscomp.InlineVariablesTest" name="testDoNotExitConditional1" time="0.0010" />
  <testcase classname="com.google.javascript.jscomp.InlineVariablesTest" name="testDoNotExitConditional2" time="0.0010" />
  <testcase classname="com.google.javascript.jscomp.InlineVariablesTest" name="testDoNotExitConditional3" time="0.0" />
  <testcase classname="com.google.javascript.jscomp.InlineVariablesTest" name="testDoNotExitForLoop" time="0.0020" />
  <testcase classname="com.google.javascript.jscomp.InlineVariablesTest" name="testDoNotEnterSubscope" time="0.0010" />
  <testcase classname="com.google.javascript.jscomp.InlineVariablesTest" name="testDoNotExitTry" time="0.0020" />
  <testcase classname="com.google.javascript.jscomp.InlineVariablesTest" name="testDoNotEnterCatch" time="0.0010" />
  <testcase classname="com.google.javascript.jscomp.InlineVariablesTest" name="testDoNotEnterFinally" time="0.0" />
  <testcase classname="com.google.javascript.jscomp.InlineVariablesTest" name="testInsideIfConditional" time="0.0020" />
  <testcase classname="com.google.javascript.jscomp.InlineVariablesTest" name="testOnlyReadAtInitialization" time="0.0050" />
  <testcase classname="com.google.javascript.jscomp.InlineVariablesTest" name="testImmutableWithSingleReferenceAfterInitialzation" time="0.0050" />
  <testcase classname="com.google.javascript.jscomp.InlineVariablesTest" name="testSingleReferenceAfterInitialzation" time="0.0050" />
  <testcase classname="com.google.javascript.jscomp.InlineVariablesTest" name="testInsideIfBranch" time="0.0010" />
  <testcase classname="com.google.javascript.jscomp.InlineVariablesTest" name="testInsideAndConditional" time="0.0" />
  <testcase classname="com.google.javascript.jscomp.InlineVariablesTest" name="testInsideAndBranch" time="0.0010" />
  <testcase classname="com.google.javascript.jscomp.InlineVariablesTest" name="testInsideOrBranch" time="0.0" />
  <testcase classname="com.google.javascript.jscomp.InlineVariablesTest" name="testInsideHookBranch" time="0.0010" />
  <testcase classname="com.google.javascript.jscomp.InlineVariablesTest" name="testInsideHookConditional" time="0.0010" />
  <testcase classname="com.google.javascript.jscomp.InlineVariablesTest" name="testInsideOrBranchInsideIfConditional" time="0.0" />
  <testcase classname="com.google.javascript.jscomp.InlineVariablesTest" name="testInsideOrBranchInsideIfConditionalWithConstant" time="0.0010" />
  <testcase classname="com.google.javascript.jscomp.InlineVariablesTest" name="testCrossFunctionsAsLeftLeaves" time="0.0020" />
  <testcase classname="com.google.javascript.jscomp.InlineVariablesTest" name="testDoCrossFunction" time="0.0010" />
  <testcase classname="com.google.javascript.jscomp.InlineVariablesTest" name="testDoNotCrossReferencingFunction" time="0.0010" />
  <testcase classname="com.google.javascript.jscomp.InlineVariablesTest" name="testChainedAssignment" time="0.0020" />
  <testcase classname="com.google.javascript.jscomp.InlineVariablesTest" name="testDoCrossNewVariables" time="0.0010" />
  <testcase classname="com.google.javascript.jscomp.InlineVariablesTest" name="testDoNotCrossFunctionCalls" time="0.0" />
  <testcase classname="com.google.javascript.jscomp.InlineVariablesTest" name="testDoNotCrossAssignment" time="0.0020" />
  <testcase classname="com.google.javascript.jscomp.InlineVariablesTest" name="testDoNotCrossDelete" time="0.0" />
  <testcase classname="com.google.javascript.jscomp.InlineVariablesTest" name="testDoNotCrossAssignmentPlus" time="0.0010" />
  <testcase classname="com.google.javascript.jscomp.InlineVariablesTest" name="testDoNotCrossIncrement" time="0.0010" />
  <testcase classname="com.google.javascript.jscomp.InlineVariablesTest" name="testDoNotCrossConstructor" time="0.0" />
  <testcase classname="com.google.javascript.jscomp.InlineVariablesTest" name="testDoCrossVar" time="0.0010" />
  <testcase classname="com.google.javascript.jscomp.InlineVariablesTest" name="testOverlappingInlines" time="0.0010" />
  <testcase classname="com.google.javascript.jscomp.InlineVariablesTest" name="testOverlappingInlineFunctions" time="0.0010" />
  <testcase classname="com.google.javascript.jscomp.InlineVariablesTest" name="testInlineIntoLoops" time="0.0020" />
  <testcase classname="com.google.javascript.jscomp.InlineVariablesTest" name="testInlineIntoFunction" time="0.0010" />
  <testcase classname="com.google.javascript.jscomp.InlineVariablesTest" name="testNoInlineIntoNamedFunction" time="0.0010" />
  <testcase classname="com.google.javascript.jscomp.InlineVariablesTest" name="testInlineIntoNestedNonHoistedNamedFunctions" time="0.0" />
  <testcase classname="com.google.javascript.jscomp.InlineVariablesTest" name="testNoInlineIntoNestedNamedFunctions" time="0.0010" />
  <testcase classname="com.google.javascript.jscomp.InlineVariablesTest" name="testNoInlineMutatedVariable" time="0.0010" />
  <testcase classname="com.google.javascript.jscomp.InlineVariablesTest" name="testInlineImmutableMultipleTimes" time="0.0010" />
  <testcase classname="com.google.javascript.jscomp.InlineVariablesTest" name="testNoInlineStringMultipleTimesIfNotWorthwhile" time="0.0" />
  <testcase classname="com.google.javascript.jscomp.InlineVariablesTest" name="testInlineStringMultipleTimesWhenAliasingAllStrings" time="0.0" />
  <testcase classname="com.google.javascript.jscomp.InlineVariablesTest" name="testNoInlineBackwards" time="0.0010" />
  <testcase classname="com.google.javascript.jscomp.InlineVariablesTest" name="testNoInlineOutOfBranch" time="0.0" />
  <testcase classname="com.google.javascript.jscomp.InlineVariablesTest" name="testInterferingInlines" time="0.0010" />
  <testcase classname="com.google.javascript.jscomp.InlineVariablesTest" name="testInlineIntoTryCatch" time="0.0010" />
  <testcase classname="com.google.javascript.jscomp.InlineVariablesTest" name="testInlineConstants" time="0.0" />
  <testcase classname="com.google.javascript.jscomp.InlineVariablesTest" name="testInlineStringWhenWorthwhile" time="0.0010" />
  <testcase classname="com.google.javascript.jscomp.InlineVariablesTest" name="testInlineConstantAlias" time="0.0010" />
  <testcase classname="com.google.javascript.jscomp.InlineVariablesTest" name="testInlineConstantAliasWithAnnotation" time="0.0" />
  <testcase classname="com.google.javascript.jscomp.InlineVariablesTest" name="testInlineConstantAliasWithNonConstant" time="0.0010" />
  <testcase classname="com.google.javascript.jscomp.InlineVariablesTest" name="testCascadingInlines" time="0.0010" />
  <testcase classname="com.google.javascript.jscomp.InlineVariablesTest" name="testInlineFunctionDeclaration" time="0.0020" />
  <testcase classname="com.google.javascript.jscomp.InlineVariablesTest" name="test2388531" time="0.0020" />
  <testcase classname="com.google.javascript.jscomp.InlineVariablesTest" name="testRecursiveFunction1" time="0.0" />
  <testcase classname="com.google.javascript.jscomp.InlineVariablesTest" name="testRecursiveFunction2" time="0.0010" />
  <testcase classname="com.google.javascript.jscomp.InlineVariablesTest" name="testUnreferencedBleedingFunction" time="0.0010" />
  <testcase classname="com.google.javascript.jscomp.InlineVariablesTest" name="testReferencedBleedingFunction" time="0.0" />
  <testcase classname="com.google.javascript.jscomp.InlineVariablesTest" name="testInlineAliases1" time="0.0010" />
  <testcase classname="com.google.javascript.jscomp.InlineVariablesTest" name="testInlineAliases1b" time="0.0010" />
  <testcase classname="com.google.javascript.jscomp.InlineVariablesTest" name="testInlineAliases1c" time="0.0" />
  <testcase classname="com.google.javascript.jscomp.InlineVariablesTest" name="testInlineAliases1d" time="0.0010" />
  <testcase classname="com.google.javascript.jscomp.InlineVariablesTest" name="testInlineAliases2" time="0.0010" />
  <testcase classname="com.google.javascript.jscomp.InlineVariablesTest" name="testInlineAliases2b" time="0.0010" />
  <testcase classname="com.google.javascript.jscomp.InlineVariablesTest" name="testInlineAliases2c" time="0.0" />
  <testcase classname="com.google.javascript.jscomp.InlineVariablesTest" name="testInlineAliases2d" time="0.0010" />
  <testcase classname="com.google.javascript.jscomp.InlineVariablesTest" name="testInlineAliasesInLoop" time="0.0010" />
  <testcase classname="com.google.javascript.jscomp.InlineVariablesTest" name="testNoInlineAliasesInLoop" time="0.0010" />
  <testcase classname="com.google.javascript.jscomp.InlineVariablesTest" name="testNoInlineAliases1" time="0.0010" />
  <testcase classname="com.google.javascript.jscomp.InlineVariablesTest" name="testNoInlineAliases1b" time="0.0010" />
  <testcase classname="com.google.javascript.jscomp.InlineVariablesTest" name="testNoInlineAliases2" time="0.0" />
  <testcase classname="com.google.javascript.jscomp.InlineVariablesTest" name="testNoInlineAliases2b" time="0.0010" />
  <testcase classname="com.google.javascript.jscomp.InlineVariablesTest" name="testNoInlineAliases3" time="0.0010" />
  <testcase classname="com.google.javascript.jscomp.InlineVariablesTest" name="testNoInlineAliases3b" time="0.0010" />
  <testcase classname="com.google.javascript.jscomp.InlineVariablesTest" name="testNoInlineAliases4" time="0.0010" />
  <testcase classname="com.google.javascript.jscomp.InlineVariablesTest" name="testNoInlineAliases4b" time="0.0" />
  <testcase classname="com.google.javascript.jscomp.InlineVariablesTest" name="testNoInlineAliases5" time="0.0010" />
  <testcase classname="com.google.javascript.jscomp.InlineVariablesTest" name="testNoInlineAliases5b" time="0.0010" />
  <testcase classname="com.google.javascript.jscomp.InlineVariablesTest" name="testNoInlineAliases6" time="0.0010" />
  <testcase classname="com.google.javascript.jscomp.InlineVariablesTest" name="testNoInlineAliases6b" time="0.0" />
  <testcase classname="com.google.javascript.jscomp.InlineVariablesTest" name="testNoInlineAliases7" time="0.0010" />
  <testcase classname="com.google.javascript.jscomp.InlineVariablesTest" name="testNoInlineAliases7b" time="0.0010" />
  <testcase classname="com.google.javascript.jscomp.InlineVariablesTest" name="testNoInlineAliases8" time="0.0010" />
  <testcase classname="com.google.javascript.jscomp.InlineVariablesTest" name="testNoInlineAliases8b" time="0.0" />
  <testcase classname="com.google.javascript.jscomp.InlineVariablesTest" name="testSideEffectOrder" time="0.0020" />
  <testcase classname="com.google.javascript.jscomp.InlineVariablesTest" name="testInlineParameterAlias1" time="0.0" />
  <testcase classname="com.google.javascript.jscomp.InlineVariablesTest" name="testInlineParameterAlias2" time="0.0010" />
  <testcase classname="com.google.javascript.jscomp.InlineVariablesTest" name="testInlineFunctionAlias1a" time="0.0" />
  <testcase classname="com.google.javascript.jscomp.InlineVariablesTest" name="testInlineFunctionAlias1b" time="0.0" />
  <testcase classname="com.google.javascript.jscomp.InlineVariablesTest" name="testInlineFunctionAlias2a" time="0.0010" />
  <testcase classname="com.google.javascript.jscomp.InlineVariablesTest" name="testInlineFunctionAlias2b" time="0.0" />
  <testcase classname="com.google.javascript.jscomp.InlineVariablesTest" name="testInlineCatchAlias1" time="0.0" />
  <testcase classname="com.google.javascript.jscomp.InlineVariablesTest" name="testInlineCatchAlias2" time="0.0010" />
  <testcase classname="com.google.javascript.jscomp.InlineVariablesTest" name="testLocalsOnly1" time="0.0" />
  <testcase classname="com.google.javascript.jscomp.InlineVariablesTest" name="testLocalsOnly2" time="0.0010" />
  <testcase classname="com.google.javascript.jscomp.InlineVariablesTest" name="testInlineUndefined1" time="0.0" />
  <testcase classname="com.google.javascript.jscomp.InlineVariablesTest" name="testInlineUndefined2" time="0.0" />
  <testcase classname="com.google.javascript.jscomp.InlineVariablesTest" name="testInlineUndefined3" time="0.0010" />
  <testcase classname="com.google.javascript.jscomp.InlineVariablesTest" name="testInlineUndefined4" time="0.0" />
  <testcase classname="com.google.javascript.jscomp.InlineVariablesTest" name="testInlineUndefined5" time="0.0010" />
  <testcase classname="com.google.javascript.jscomp.InlineVariablesTest" name="testIssue90" time="0.0" />
  <testcase classname="com.google.javascript.jscomp.InlineVariablesTest" name="testThisAlias" time="0.0010" />
  <testcase classname="com.google.javascript.jscomp.InlineVariablesTest" name="testThisEscapedAlias" time="0.0" />
  <testcase classname="com.google.javascript.jscomp.InlineVariablesTest" name="testInlineNamedFunction" time="0.0" />
  <testcase classname="com.google.javascript.jscomp.InlineVariablesTest" name="testIssue378ModifiedArguments1" time="0.0010" />
  <testcase classname="com.google.javascript.jscomp.InlineVariablesTest" name="testIssue378ModifiedArguments2" time="0.0" />
  <testcase classname="com.google.javascript.jscomp.InlineVariablesTest" name="testIssue378EscapedArguments1" time="0.0" />
  <testcase classname="com.google.javascript.jscomp.InlineVariablesTest" name="testIssue378EscapedArguments2" time="0.0010" />
  <testcase classname="com.google.javascript.jscomp.InlineVariablesTest" name="testIssue378EscapedArguments3" time="0.0010" />
  <testcase classname="com.google.javascript.jscomp.InlineVariablesTest" name="testIssue378EscapedArguments4" time="0.0010" />
  <testcase classname="com.google.javascript.jscomp.InlineVariablesTest" name="testIssue378ArgumentsRead1" time="0.0" />
  <testcase classname="com.google.javascript.jscomp.InlineVariablesTest" name="testIssue378ArgumentsRead2" time="0.0010" />
  <testcase classname="com.google.javascript.jscomp.InlineVariablesTest" name="testArgumentsModifiedInOuterFunction" time="0.0010" />
  <testcase classname="com.google.javascript.jscomp.InlineVariablesTest" name="testArgumentsModifiedInInnerFunction" time="0.0010" />
  <testcase classname="com.google.javascript.jscomp.InlineVariablesTest" name="testNoInlineRedeclaredExterns" time="0.0" />
  <testcase classname="com.google.javascript.jscomp.InlineVariablesTest" name="testBug6598844" time="0.011" />
  <system-out><![CDATA[]]></system-out>
  <system-err><![CDATA[]]></system-err>
</testsuite>
