<?xml version="1.0" encoding="UTF-8" ?>
<testsuite errors="0" failures="0" hostname="battower" name="com.google.javascript.jscomp.InlineFunctionsTest" tests="228" time="0.324" timestamp="2013-02-28T06:31:59">
  <properties>
[...]
</properties>
  <testcase classname="com.google.javascript.jscomp.InlineFunctionsTest" name="testInlineEmptyFunction1" time="0.0010" />
  <testcase classname="com.google.javascript.jscomp.InlineFunctionsTest" name="testInlineEmptyFunction2" time="0.0010" />
  <testcase classname="com.google.javascript.jscomp.InlineFunctionsTest" name="testInlineEmptyFunction3" time="0.0010" />
  <testcase classname="com.google.javascript.jscomp.InlineFunctionsTest" name="testInlineEmptyFunction4" time="0.0010" />
  <testcase classname="com.google.javascript.jscomp.InlineFunctionsTest" name="testInlineEmptyFunction5" time="0.0010" />
  <testcase classname="com.google.javascript.jscomp.InlineFunctionsTest" name="testInlineFunctions1" time="0.0010" />
  <testcase classname="com.google.javascript.jscomp.InlineFunctionsTest" name="testInlineFunctions2" time="0.0020" />
  <testcase classname="com.google.javascript.jscomp.InlineFunctionsTest" name="testInlineFunctions3" time="0.0010" />
  <testcase classname="com.google.javascript.jscomp.InlineFunctionsTest" name="testInlineFunctions4" time="0.0020" />
  <testcase classname="com.google.javascript.jscomp.InlineFunctionsTest" name="testInlineFunctions5" time="0.0020" />
  <testcase classname="com.google.javascript.jscomp.InlineFunctionsTest" name="testInlineFunctions6" time="0.0010" />
  <testcase classname="com.google.javascript.jscomp.InlineFunctionsTest" name="testInlineFunctions7" time="0.0010" />
  <testcase classname="com.google.javascript.jscomp.InlineFunctionsTest" name="testInlineFunctions8" time="0.0010" />
  <testcase classname="com.google.javascript.jscomp.InlineFunctionsTest" name="testInlineFunctions9" time="0.0010" />
  <testcase classname="com.google.javascript.jscomp.InlineFunctionsTest" name="testInlineFunctions10" time="0.0020" />
  <testcase classname="com.google.javascript.jscomp.InlineFunctionsTest" name="testInlineFunctions11" time="0.0010" />
  <testcase classname="com.google.javascript.jscomp.InlineFunctionsTest" name="testInlineFunctions12" time="0.0020" />
  <testcase classname="com.google.javascript.jscomp.InlineFunctionsTest" name="testInlineFunctions13" time="0.0010" />
  <testcase classname="com.google.javascript.jscomp.InlineFunctionsTest" name="testInlineFunctions14" time="0.0020" />
  <testcase classname="com.google.javascript.jscomp.InlineFunctionsTest" name="testInlineFunctions15a" time="0.0010" />
  <testcase classname="com.google.javascript.jscomp.InlineFunctionsTest" name="testInlineFunctions15b" time="0.0030" />
  <testcase classname="com.google.javascript.jscomp.InlineFunctionsTest" name="testInlineFunctions15c" time="0.0030" />
  <testcase classname="com.google.javascript.jscomp.InlineFunctionsTest" name="testInlineFunctions15d" time="0.0040" />
  <testcase classname="com.google.javascript.jscomp.InlineFunctionsTest" name="testInlineFunctions16a" time="0.0030" />
  <testcase classname="com.google.javascript.jscomp.InlineFunctionsTest" name="testInlineFunctions16b" time="0.0020" />
  <testcase classname="com.google.javascript.jscomp.InlineFunctionsTest" name="testInlineFunctions17" time="0.0010" />
  <testcase classname="com.google.javascript.jscomp.InlineFunctionsTest" name="testInlineFunctions18" time="0.0010" />
  <testcase classname="com.google.javascript.jscomp.InlineFunctionsTest" name="testInlineFunctions19" time="0.0010" />
  <testcase classname="com.google.javascript.jscomp.InlineFunctionsTest" name="testInlineFunctions20" time="0.0040" />
  <testcase classname="com.google.javascript.jscomp.InlineFunctionsTest" name="testInlineFunctions21" time="0.0010" />
  <testcase classname="com.google.javascript.jscomp.InlineFunctionsTest" name="testInlineFunctions22" time="0.0020" />
  <testcase classname="com.google.javascript.jscomp.InlineFunctionsTest" name="testInlineFunctions23" time="0.0030" />
  <testcase classname="com.google.javascript.jscomp.InlineFunctionsTest" name="testInlineFunctions24" time="0.0010" />
  <testcase classname="com.google.javascript.jscomp.InlineFunctionsTest" name="testInlineFunctions25" time="0.0010" />
  <testcase classname="com.google.javascript.jscomp.InlineFunctionsTest" name="testInlineFunctions26" time="0.0010" />
  <testcase classname="com.google.javascript.jscomp.InlineFunctionsTest" name="testInlineFunctions27" time="0.0020" />
  <testcase classname="com.google.javascript.jscomp.InlineFunctionsTest" name="testInlineFunctions28" time="0.0010" />
  <testcase classname="com.google.javascript.jscomp.InlineFunctionsTest" name="testInlineFunctions29" time="0.0020" />
  <testcase classname="com.google.javascript.jscomp.InlineFunctionsTest" name="testInlineFunctions30" time="0.0010" />
  <testcase classname="com.google.javascript.jscomp.InlineFunctionsTest" name="testInlineFunctions31" time="0.0020" />
  <testcase classname="com.google.javascript.jscomp.InlineFunctionsTest" name="testMixedModeInlining1" time="0.0010" />
  <testcase classname="com.google.javascript.jscomp.InlineFunctionsTest" name="testMixedModeInlining2" time="0.0010" />
  <testcase classname="com.google.javascript.jscomp.InlineFunctionsTest" name="testMixedModeInlining3" time="0.0010" />
  <testcase classname="com.google.javascript.jscomp.InlineFunctionsTest" name="testMixedModeInlining4" time="0.0010" />
  <testcase classname="com.google.javascript.jscomp.InlineFunctionsTest" name="testMixedModeInliningCosting1" time="0.0020" />
  <testcase classname="com.google.javascript.jscomp.InlineFunctionsTest" name="testMixedModeInliningCosting2" time="0.0030" />
  <testcase classname="com.google.javascript.jscomp.InlineFunctionsTest" name="testMixedModeInliningCosting3" time="0.0020" />
  <testcase classname="com.google.javascript.jscomp.InlineFunctionsTest" name="testMixedModeInliningCosting4" time="0.0030" />
  <testcase classname="com.google.javascript.jscomp.InlineFunctionsTest" name="testNoInlineIfParametersModified1" time="0.0010" />
  <testcase classname="com.google.javascript.jscomp.InlineFunctionsTest" name="testNoInlineIfParametersModified2" time="0.0010" />
  <testcase classname="com.google.javascript.jscomp.InlineFunctionsTest" name="testNoInlineIfParametersModified3" time="0.0010" />
  <testcase classname="com.google.javascript.jscomp.InlineFunctionsTest" name="testNoInlineIfParametersModified4" time="0.0010" />
  <testcase classname="com.google.javascript.jscomp.InlineFunctionsTest" name="testNoInlineIfParametersModified5" time="0.0010" />
  <testcase classname="com.google.javascript.jscomp.InlineFunctionsTest" name="testNoInlineIfParametersModified6" time="0.0020" />
  <testcase classname="com.google.javascript.jscomp.InlineFunctionsTest" name="testNoInlineIfParametersModified7" time="0.0010" />
  <testcase classname="com.google.javascript.jscomp.InlineFunctionsTest" name="testNoInlineIfParametersModified8" time="0.0010" />
  <testcase classname="com.google.javascript.jscomp.InlineFunctionsTest" name="testNoInlineIfParametersModified9" time="0.0010" />
  <testcase classname="com.google.javascript.jscomp.InlineFunctionsTest" name="testInlineNeverPartialSubtitution1" time="0.0010" />
  <testcase classname="com.google.javascript.jscomp.InlineFunctionsTest" name="testInlineNeverPartialSubtitution2" time="0.0" />
  <testcase classname="com.google.javascript.jscomp.InlineFunctionsTest" name="testInlineNeverMutateConstants" time="0.0010" />
  <testcase classname="com.google.javascript.jscomp.InlineFunctionsTest" name="testInlineNeverOverrideNewValues" time="0.0010" />
  <testcase classname="com.google.javascript.jscomp.InlineFunctionsTest" name="testInlineMutableArgsReferencedOnce" time="0.0010" />
  <testcase classname="com.google.javascript.jscomp.InlineFunctionsTest" name="testNoInlineMutableArgs1" time="0.0010" />
  <testcase classname="com.google.javascript.jscomp.InlineFunctionsTest" name="testNoInlineMutableArgs2" time="0.0010" />
  <testcase classname="com.google.javascript.jscomp.InlineFunctionsTest" name="testNoInlineMutableArgs3" time="0.0020" />
  <testcase classname="com.google.javascript.jscomp.InlineFunctionsTest" name="testNoInlineMutableArgs4" time="0.0010" />
  <testcase classname="com.google.javascript.jscomp.InlineFunctionsTest" name="testInlineBlockMutableArgs1" time="0.0010" />
  <testcase classname="com.google.javascript.jscomp.InlineFunctionsTest" name="testInlineBlockMutableArgs2" time="0.0010" />
  <testcase classname="com.google.javascript.jscomp.InlineFunctionsTest" name="testInlineBlockMutableArgs3" time="0.0010" />
  <testcase classname="com.google.javascript.jscomp.InlineFunctionsTest" name="testInlineBlockMutableArgs4" time="0.0010" />
  <testcase classname="com.google.javascript.jscomp.InlineFunctionsTest" name="testShadowVariables1" time="0.0010" />
  <testcase classname="com.google.javascript.jscomp.InlineFunctionsTest" name="testShadowVariables2" time="0.0020" />
  <testcase classname="com.google.javascript.jscomp.InlineFunctionsTest" name="testShadowVariables3" time="0.0010" />
  <testcase classname="com.google.javascript.jscomp.InlineFunctionsTest" name="testShadowVariables4" time="0.0020" />
  <testcase classname="com.google.javascript.jscomp.InlineFunctionsTest" name="testShadowVariables5" time="0.0010" />
  <testcase classname="com.google.javascript.jscomp.InlineFunctionsTest" name="testShadowVariables6" time="0.0020" />
  <testcase classname="com.google.javascript.jscomp.InlineFunctionsTest" name="testShadowVariables7" time="0.0030" />
  <testcase classname="com.google.javascript.jscomp.InlineFunctionsTest" name="testShadowVariables8" time="0.0010" />
  <testcase classname="com.google.javascript.jscomp.InlineFunctionsTest" name="testShadowVariables9" time="0.0010" />
  <testcase classname="com.google.javascript.jscomp.InlineFunctionsTest" name="testShadowVariables10" time="0.0020" />
  <testcase classname="com.google.javascript.jscomp.InlineFunctionsTest" name="testShadowVariables11" time="0.0010" />
  <testcase classname="com.google.javascript.jscomp.InlineFunctionsTest" name="testShadowVariables12" time="0.0020" />
  <testcase classname="com.google.javascript.jscomp.InlineFunctionsTest" name="testShadowVariables13" time="0.0010" />
  <testcase classname="com.google.javascript.jscomp.InlineFunctionsTest" name="testShadowVariables14" time="0.0020" />
  <testcase classname="com.google.javascript.jscomp.InlineFunctionsTest" name="testShadowVariables15" time="0.0010" />
  <testcase classname="com.google.javascript.jscomp.InlineFunctionsTest" name="testShadowVariables16" time="0.0030" />
  <testcase classname="com.google.javascript.jscomp.InlineFunctionsTest" name="testShadowVariables17" time="0.0010" />
  <testcase classname="com.google.javascript.jscomp.InlineFunctionsTest" name="testShadowVariables18" time="0.0020" />
  <testcase classname="com.google.javascript.jscomp.InlineFunctionsTest" name="testCostBasedInlining1" time="0.0010" />
  <testcase classname="com.google.javascript.jscomp.InlineFunctionsTest" name="testCostBasedInlining2" time="0.0010" />
  <testcase classname="com.google.javascript.jscomp.InlineFunctionsTest" name="testCostBasedInlining3" time="0.0020" />
  <testcase classname="com.google.javascript.jscomp.InlineFunctionsTest" name="testCostBasedInlining4" time="0.0020" />
  <testcase classname="com.google.javascript.jscomp.InlineFunctionsTest" name="testCostBasedInlining5" time="0.0010" />
  <testcase classname="com.google.javascript.jscomp.InlineFunctionsTest" name="testCostBasedInlining6" time="0.0010" />
  <testcase classname="com.google.javascript.jscomp.InlineFunctionsTest" name="testCostBasedInlining7" time="0.0020" />
  <testcase classname="com.google.javascript.jscomp.InlineFunctionsTest" name="testCostBasedInlining8" time="0.0010" />
  <testcase classname="com.google.javascript.jscomp.InlineFunctionsTest" name="testCostBasedInlining9" time="0.0010" />
  <testcase classname="com.google.javascript.jscomp.InlineFunctionsTest" name="testCostBasedInlining10" time="0.0" />
  <testcase classname="com.google.javascript.jscomp.InlineFunctionsTest" name="testCostBasedInlining11" time="0.0" />
  <testcase classname="com.google.javascript.jscomp.InlineFunctionsTest" name="testCostBasedInlining12" time="0.0010" />
  <testcase classname="com.google.javascript.jscomp.InlineFunctionsTest" name="testCostBasedInliningComplex1" time="0.0010" />
  <testcase classname="com.google.javascript.jscomp.InlineFunctionsTest" name="testCostBasedInliningComplex2" time="0.0010" />
  <testcase classname="com.google.javascript.jscomp.InlineFunctionsTest" name="testCostBasedInliningComplex3" time="0.0020" />
  <testcase classname="com.google.javascript.jscomp.InlineFunctionsTest" name="testCostBasedInliningComplex4" time="0.0010" />
  <testcase classname="com.google.javascript.jscomp.InlineFunctionsTest" name="testCostBasedInliningComplex5" time="0.0010" />
  <testcase classname="com.google.javascript.jscomp.InlineFunctionsTest" name="testCostBasedInliningComplex6" time="0.0010" />
  <testcase classname="com.google.javascript.jscomp.InlineFunctionsTest" name="testCostBasedInliningComplex7" time="0.0020" />
  <testcase classname="com.google.javascript.jscomp.InlineFunctionsTest" name="testCostBasedInliningComplex8" time="0.0" />
  <testcase classname="com.google.javascript.jscomp.InlineFunctionsTest" name="testCostBasedInliningComplex9" time="0.0" />
  <testcase classname="com.google.javascript.jscomp.InlineFunctionsTest" name="testDoubleInlining1" time="0.0010" />
  <testcase classname="com.google.javascript.jscomp.InlineFunctionsTest" name="testDoubleInlining2" time="0.0010" />
  <testcase classname="com.google.javascript.jscomp.InlineFunctionsTest" name="testNoInlineOfNonGlobalFunction1" time="0.0010" />
  <testcase classname="com.google.javascript.jscomp.InlineFunctionsTest" name="testNoInlineOfNonGlobalFunction2" time="0.0010" />
  <testcase classname="com.google.javascript.jscomp.InlineFunctionsTest" name="testNoInlineOfNonGlobalFunction3" time="0.0010" />
  <testcase classname="com.google.javascript.jscomp.InlineFunctionsTest" name="testNoInlineOfNonGlobalFunction4" time="0.0" />
  <testcase classname="com.google.javascript.jscomp.InlineFunctionsTest" name="testNoInlineMaskedFunction" time="0.0" />
  <testcase classname="com.google.javascript.jscomp.InlineFunctionsTest" name="testNoInlineNonFunction" time="0.0010" />
  <testcase classname="com.google.javascript.jscomp.InlineFunctionsTest" name="testInlineCall" time="0.0010" />
  <testcase classname="com.google.javascript.jscomp.InlineFunctionsTest" name="testInlineFunctionWithArgsMismatch1" time="0.0010" />
  <testcase classname="com.google.javascript.jscomp.InlineFunctionsTest" name="testInlineFunctionWithArgsMismatch2" time="0.0010" />
  <testcase classname="com.google.javascript.jscomp.InlineFunctionsTest" name="testInlineFunctionWithArgsMismatch3" time="0.0" />
  <testcase classname="com.google.javascript.jscomp.InlineFunctionsTest" name="testInlineFunctionWithArgsMismatch4" time="0.0" />
  <testcase classname="com.google.javascript.jscomp.InlineFunctionsTest" name="testArgumentsWithSideEffectsNeverInlined1" time="0.0010" />
  <testcase classname="com.google.javascript.jscomp.InlineFunctionsTest" name="testArgumentsWithSideEffectsNeverInlined2" time="0.0010" />
  <testcase classname="com.google.javascript.jscomp.InlineFunctionsTest" name="testOneSideEffectCallDoesNotRuinOthers" time="0.0010" />
  <testcase classname="com.google.javascript.jscomp.InlineFunctionsTest" name="testComplexInlineNoResultNoParamCall1" time="0.0010" />
  <testcase classname="com.google.javascript.jscomp.InlineFunctionsTest" name="testComplexInlineNoResultNoParamCall2" time="0.0010" />
  <testcase classname="com.google.javascript.jscomp.InlineFunctionsTest" name="testComplexInlineNoResultNoParamCall3" time="0.0010" />
  <testcase classname="com.google.javascript.jscomp.InlineFunctionsTest" name="testComplexInlineNoResultWithParamCall1" time="0.0" />
  <testcase classname="com.google.javascript.jscomp.InlineFunctionsTest" name="testComplexInlineNoResultWithParamCall2" time="0.0010" />
  <testcase classname="com.google.javascript.jscomp.InlineFunctionsTest" name="testComplexInlineNoResultWithParamCall3" time="0.0010" />
  <testcase classname="com.google.javascript.jscomp.InlineFunctionsTest" name="testComplexInline1" time="0.0010" />
  <testcase classname="com.google.javascript.jscomp.InlineFunctionsTest" name="testComplexInline2" time="0.0010" />
  <testcase classname="com.google.javascript.jscomp.InlineFunctionsTest" name="testComplexInline3" time="0.0010" />
  <testcase classname="com.google.javascript.jscomp.InlineFunctionsTest" name="testComplexInline4" time="0.0010" />
  <testcase classname="com.google.javascript.jscomp.InlineFunctionsTest" name="testComplexInline5" time="0.0010" />
  <testcase classname="com.google.javascript.jscomp.InlineFunctionsTest" name="testComplexInline6" time="0.0010" />
  <testcase classname="com.google.javascript.jscomp.InlineFunctionsTest" name="testComplexInline7" time="0.0010" />
  <testcase classname="com.google.javascript.jscomp.InlineFunctionsTest" name="testComplexInline8" time="0.0010" />
  <testcase classname="com.google.javascript.jscomp.InlineFunctionsTest" name="testComplexInlineVars1" time="0.0" />
  <testcase classname="com.google.javascript.jscomp.InlineFunctionsTest" name="testComplexInlineVars2" time="0.0010" />
  <testcase classname="com.google.javascript.jscomp.InlineFunctionsTest" name="testComplexInlineVars3" time="0.0010" />
  <testcase classname="com.google.javascript.jscomp.InlineFunctionsTest" name="testComplexInlineVars4" time="0.0010" />
  <testcase classname="com.google.javascript.jscomp.InlineFunctionsTest" name="testComplexInlineVars5" time="0.0010" />
  <testcase classname="com.google.javascript.jscomp.InlineFunctionsTest" name="testComplexInlineVars6" time="0.0010" />
  <testcase classname="com.google.javascript.jscomp.InlineFunctionsTest" name="testComplexInlineVars7" time="0.0010" />
  <testcase classname="com.google.javascript.jscomp.InlineFunctionsTest" name="testComplexInlineVars8" time="0.0010" />
  <testcase classname="com.google.javascript.jscomp.InlineFunctionsTest" name="testComplexInlineVars9" time="0.0010" />
  <testcase classname="com.google.javascript.jscomp.InlineFunctionsTest" name="testComplexInlineVars10" time="0.0010" />
  <testcase classname="com.google.javascript.jscomp.InlineFunctionsTest" name="testComplexInlineVars11" time="0.0" />
  <testcase classname="com.google.javascript.jscomp.InlineFunctionsTest" name="testComplexInlineVars12" time="0.0" />
  <testcase classname="com.google.javascript.jscomp.InlineFunctionsTest" name="testComplexInlineInExpresssions1" time="0.0010" />
  <testcase classname="com.google.javascript.jscomp.InlineFunctionsTest" name="testComplexInlineInExpresssions2" time="0.0010" />
  <testcase classname="com.google.javascript.jscomp.InlineFunctionsTest" name="testComplexInlineInExpresssions3" time="0.0010" />
  <testcase classname="com.google.javascript.jscomp.InlineFunctionsTest" name="testComplexInlineInExpresssions4" time="0.0010" />
  <testcase classname="com.google.javascript.jscomp.InlineFunctionsTest" name="testComplexInlineInExpresssions5" time="0.0010" />
  <testcase classname="com.google.javascript.jscomp.InlineFunctionsTest" name="testComplexNoInline1" time="0.0010" />
  <testcase classname="com.google.javascript.jscomp.InlineFunctionsTest" name="testComplexNoInline2" time="0.0010" />
  <testcase classname="com.google.javascript.jscomp.InlineFunctionsTest" name="testComplexSample" time="0.0010" />
  <testcase classname="com.google.javascript.jscomp.InlineFunctionsTest" name="testComplexSampleNoInline" time="0.0010" />
  <testcase classname="com.google.javascript.jscomp.InlineFunctionsTest" name="testComplexNoVarSub" time="0.0010" />
  <testcase classname="com.google.javascript.jscomp.InlineFunctionsTest" name="testComplexFunctionWithFunctionDefinition1" time="0.0" />
  <testcase classname="com.google.javascript.jscomp.InlineFunctionsTest" name="testComplexFunctionWithFunctionDefinition2" time="0.0010" />
  <testcase classname="com.google.javascript.jscomp.InlineFunctionsTest" name="testComplexFunctionWithFunctionDefinition2a" time="0.0020" />
  <testcase classname="com.google.javascript.jscomp.InlineFunctionsTest" name="testComplexFunctionWithFunctionDefinition3" time="0.0020" />
  <testcase classname="com.google.javascript.jscomp.InlineFunctionsTest" name="testDecomposePlusEquals" time="0.0010" />
  <testcase classname="com.google.javascript.jscomp.InlineFunctionsTest" name="testDecomposeFunctionExpressionInCall" time="0.0010" />
  <testcase classname="com.google.javascript.jscomp.InlineFunctionsTest" name="testInlineConstructor1" time="0.0010" />
  <testcase classname="com.google.javascript.jscomp.InlineFunctionsTest" name="testInlineConstructor2" time="0.0" />
  <testcase classname="com.google.javascript.jscomp.InlineFunctionsTest" name="testInlineConstructor3" time="0.0010" />
  <testcase classname="com.google.javascript.jscomp.InlineFunctionsTest" name="testInlineConstructor4" time="0.0010" />
  <testcase classname="com.google.javascript.jscomp.InlineFunctionsTest" name="testFunctionExpressionInlining1" time="0.0" />
  <testcase classname="com.google.javascript.jscomp.InlineFunctionsTest" name="testFunctionExpressionInlining2" time="0.012" />
  <testcase classname="com.google.javascript.jscomp.InlineFunctionsTest" name="testFunctionExpressionInlining3" time="0.0010" />
  <testcase classname="com.google.javascript.jscomp.InlineFunctionsTest" name="testFunctionExpressionInlining4" time="0.0010" />
  <testcase classname="com.google.javascript.jscomp.InlineFunctionsTest" name="testFunctionExpressionCallInlining1" time="0.0" />
  <testcase classname="com.google.javascript.jscomp.InlineFunctionsTest" name="testFunctionExpressionCallInlining2" time="0.0010" />
  <testcase classname="com.google.javascript.jscomp.InlineFunctionsTest" name="testFunctionExpressionCallInlining3" time="0.0010" />
  <testcase classname="com.google.javascript.jscomp.InlineFunctionsTest" name="testFunctionExpressionCallInlining4" time="0.0010" />
  <testcase classname="com.google.javascript.jscomp.InlineFunctionsTest" name="testFunctionExpressionCallInlining5" time="0.0" />
  <testcase classname="com.google.javascript.jscomp.InlineFunctionsTest" name="testFunctionExpressionCallInlining6" time="0.0010" />
  <testcase classname="com.google.javascript.jscomp.InlineFunctionsTest" name="testFunctionExpressionCallInlining7" time="0.0010" />
  <testcase classname="com.google.javascript.jscomp.InlineFunctionsTest" name="testFunctionExpressionCallInlining8" time="0.0" />
  <testcase classname="com.google.javascript.jscomp.InlineFunctionsTest" name="testFunctionExpressionCallInlining9" time="0.0" />
  <testcase classname="com.google.javascript.jscomp.InlineFunctionsTest" name="testFunctionExpressionCallInlining10" time="0.0010" />
  <testcase classname="com.google.javascript.jscomp.InlineFunctionsTest" name="testFunctionExpressionCallInlining11a" time="0.0010" />
  <testcase classname="com.google.javascript.jscomp.InlineFunctionsTest" name="testFunctionExpressionCallInlining11b" time="0.0010" />
  <testcase classname="com.google.javascript.jscomp.InlineFunctionsTest" name="testFunctionExpressionCallInlining11c" time="0.0020" />
  <testcase classname="com.google.javascript.jscomp.InlineFunctionsTest" name="testFunctionExpressionCallInlining11d" time="0.0010" />
  <testcase classname="com.google.javascript.jscomp.InlineFunctionsTest" name="testFunctionExpressionCallInlining11e" time="0.0020" />
  <testcase classname="com.google.javascript.jscomp.InlineFunctionsTest" name="testFunctionExpressionCallInlining12" time="0.0010" />
  <testcase classname="com.google.javascript.jscomp.InlineFunctionsTest" name="testFunctionExpressionOmega" time="0.0010" />
  <testcase classname="com.google.javascript.jscomp.InlineFunctionsTest" name="testLocalFunctionInlining1" time="0.0" />
  <testcase classname="com.google.javascript.jscomp.InlineFunctionsTest" name="testLocalFunctionInlining2" time="0.0010" />
  <testcase classname="com.google.javascript.jscomp.InlineFunctionsTest" name="testLocalFunctionInlining3" time="0.0010" />
  <testcase classname="com.google.javascript.jscomp.InlineFunctionsTest" name="testLocalFunctionInlining4" time="0.0010" />
  <testcase classname="com.google.javascript.jscomp.InlineFunctionsTest" name="testLocalFunctionInlining5" time="0.0010" />
  <testcase classname="com.google.javascript.jscomp.InlineFunctionsTest" name="testLocalFunctionInlining6" time="0.0" />
  <testcase classname="com.google.javascript.jscomp.InlineFunctionsTest" name="testLocalFunctionInliningOnly1" time="0.0010" />
  <testcase classname="com.google.javascript.jscomp.InlineFunctionsTest" name="testLocalFunctionInliningOnly2" time="0.0010" />
  <testcase classname="com.google.javascript.jscomp.InlineFunctionsTest" name="testLocalFunctionInliningOnly3" time="0.0010" />
  <testcase classname="com.google.javascript.jscomp.InlineFunctionsTest" name="testLocalFunctionInliningOnly4" time="0.0010" />
  <testcase classname="com.google.javascript.jscomp.InlineFunctionsTest" name="testInlineWithThis1" time="0.0020" />
  <testcase classname="com.google.javascript.jscomp.InlineFunctionsTest" name="testInlineWithThis2" time="0.0010" />
  <testcase classname="com.google.javascript.jscomp.InlineFunctionsTest" name="testInlineWithThis3" time="0.0010" />
  <testcase classname="com.google.javascript.jscomp.InlineFunctionsTest" name="testInlineWithThis4" time="0.0010" />
  <testcase classname="com.google.javascript.jscomp.InlineFunctionsTest" name="testInlineWithThis5" time="0.0020" />
  <testcase classname="com.google.javascript.jscomp.InlineFunctionsTest" name="testInlineWithThis6" time="0.0010" />
  <testcase classname="com.google.javascript.jscomp.InlineFunctionsTest" name="testInlineWithThis7" time="0.0010" />
  <testcase classname="com.google.javascript.jscomp.InlineFunctionsTest" name="testFunctionExpressionYCombinator" time="0.0040" />
  <testcase classname="com.google.javascript.jscomp.InlineFunctionsTest" name="testRenamePropertyFunction" time="0.0" />
  <testcase classname="com.google.javascript.jscomp.InlineFunctionsTest" name="testReplacePropertyFunction" time="0.0020" />
  <testcase classname="com.google.javascript.jscomp.InlineFunctionsTest" name="testInlineWithClosureContainingThis" time="0.0" />
  <testcase classname="com.google.javascript.jscomp.InlineFunctionsTest" name="testIssue5159924a" time="0.0" />
  <testcase classname="com.google.javascript.jscomp.InlineFunctionsTest" name="testIssue5159924b" time="0.0" />
  <testcase classname="com.google.javascript.jscomp.InlineFunctionsTest" name="testInlineObject" time="0.0010" />
  <testcase classname="com.google.javascript.jscomp.InlineFunctionsTest" name="testBug4944818" time="0.0010" />
  <testcase classname="com.google.javascript.jscomp.InlineFunctionsTest" name="testIssue423" time="0.0030" />
  <testcase classname="com.google.javascript.jscomp.InlineFunctionsTest" name="testIssue728" time="0.0040" />
  <testcase classname="com.google.javascript.jscomp.InlineFunctionsTest" name="testAnonymous1" time="0.0030" />
  <testcase classname="com.google.javascript.jscomp.InlineFunctionsTest" name="testAnonymous2" time="0.0010" />
  <testcase classname="com.google.javascript.jscomp.InlineFunctionsTest" name="testAnonymous3" time="0.0030" />
  <testcase classname="com.google.javascript.jscomp.InlineFunctionsTest" name="testLoopWithFunctionWithFunction" time="0.0020" />
  <testcase classname="com.google.javascript.jscomp.InlineFunctionsTest" name="testMethodWithFunctionWithFunction" time="0.0020" />
  <testcase classname="com.google.javascript.jscomp.InlineFunctionsTest" name="testCrossModuleInlining1" time="0.0010" />
  <testcase classname="com.google.javascript.jscomp.InlineFunctionsTest" name="testCrossModuleInlining2" time="0.0020" />
  <testcase classname="com.google.javascript.jscomp.InlineFunctionsTest" name="testCrossModuleInlining3" time="0.0010" />
  <testcase classname="com.google.javascript.jscomp.InlineFunctionsTest" name="test6671158" time="0.0020" />
  <system-out><![CDATA[]]></system-out>
  <system-err><![CDATA[]]></system-err>
</testsuite>
