<?xml version="1.0" encoding="UTF-8" ?>
<testsuite errors="0" failures="0" hostname="battower" name="com.google.javascript.jscomp.TypeInferenceTest" tests="110" time="0.042" timestamp="2013-02-28T06:32:08">
  <properties>
[...]
</properties>
  <testcase classname="com.google.javascript.jscomp.TypeInferenceTest" name="testGetProp" time="0.0" />
  <testcase classname="com.google.javascript.jscomp.TypeInferenceTest" name="testAssignment" time="0.0" />
  <testcase classname="com.google.javascript.jscomp.TypeInferenceTest" name="testInnerFunction1" time="0.0" />
  <testcase classname="com.google.javascript.jscomp.TypeInferenceTest" name="testInnerFunction2" time="0.0" />
  <testcase classname="com.google.javascript.jscomp.TypeInferenceTest" name="testHook" time="0.0" />
  <testcase classname="com.google.javascript.jscomp.TypeInferenceTest" name="testObjectLit" time="0.0010" />
  <testcase classname="com.google.javascript.jscomp.TypeInferenceTest" name="testThrow" time="0.0010" />
  <testcase classname="com.google.javascript.jscomp.TypeInferenceTest" name="testJoin1" time="0.0" />
  <testcase classname="com.google.javascript.jscomp.TypeInferenceTest" name="testJoin2" time="0.0" />
  <testcase classname="com.google.javascript.jscomp.TypeInferenceTest" name="testPropertyInference1" time="0.0010" />
  <testcase classname="com.google.javascript.jscomp.TypeInferenceTest" name="testPropertyInference2" time="0.0" />
  <testcase classname="com.google.javascript.jscomp.TypeInferenceTest" name="testPropertyInference3" time="0.0" />
  <testcase classname="com.google.javascript.jscomp.TypeInferenceTest" name="testAdd1" time="0.0" />
  <testcase classname="com.google.javascript.jscomp.TypeInferenceTest" name="testAdd2" time="0.0" />
  <testcase classname="com.google.javascript.jscomp.TypeInferenceTest" name="testAdd3" time="0.0" />
  <testcase classname="com.google.javascript.jscomp.TypeInferenceTest" name="testReturn1" time="0.0" />
  <testcase classname="com.google.javascript.jscomp.TypeInferenceTest" name="testReturn2" time="0.0" />
  <testcase classname="com.google.javascript.jscomp.TypeInferenceTest" name="testNew1" time="0.0" />
  <testcase classname="com.google.javascript.jscomp.TypeInferenceTest" name="testCall1" time="0.0010" />
  <testcase classname="com.google.javascript.jscomp.TypeInferenceTest" name="testCast2" time="0.0" />
  <testcase classname="com.google.javascript.jscomp.TypeInferenceTest" name="testIf1" time="0.0010" />
  <testcase classname="com.google.javascript.jscomp.TypeInferenceTest" name="testIf2" time="0.0" />
  <testcase classname="com.google.javascript.jscomp.TypeInferenceTest" name="testIf3" time="0.0" />
  <testcase classname="com.google.javascript.jscomp.TypeInferenceTest" name="testDo" time="0.0" />
  <testcase classname="com.google.javascript.jscomp.TypeInferenceTest" name="testVar" time="0.0" />
  <testcase classname="com.google.javascript.jscomp.TypeInferenceTest" name="testInstanceOf2" time="0.0" />
  <testcase classname="com.google.javascript.jscomp.TypeInferenceTest" name="testInstanceOf3" time="0.0" />
  <testcase classname="com.google.javascript.jscomp.TypeInferenceTest" name="testInstanceOf4" time="0.0010" />
  <testcase classname="com.google.javascript.jscomp.TypeInferenceTest" name="testGetElem" time="0.0" />
  <testcase classname="com.google.javascript.jscomp.TypeInferenceTest" name="testAssumption" time="0.0" />
  <testcase classname="com.google.javascript.jscomp.TypeInferenceTest" name="testEmptyVar" time="0.0010" />
  <testcase classname="com.google.javascript.jscomp.TypeInferenceTest" name="testExprWithinCast" time="0.0" />
  <testcase classname="com.google.javascript.jscomp.TypeInferenceTest" name="testGetElemDereference" time="0.0" />
  <testcase classname="com.google.javascript.jscomp.TypeInferenceTest" name="testIf1a" time="0.0" />
  <testcase classname="com.google.javascript.jscomp.TypeInferenceTest" name="testAssert1" time="0.0010" />
  <testcase classname="com.google.javascript.jscomp.TypeInferenceTest" name="testAssert1a" time="0.0" />
  <testcase classname="com.google.javascript.jscomp.TypeInferenceTest" name="testAssert2" time="0.0" />
  <testcase classname="com.google.javascript.jscomp.TypeInferenceTest" name="testAssert3" time="0.0010" />
  <testcase classname="com.google.javascript.jscomp.TypeInferenceTest" name="testAssert4" time="0.0" />
  <testcase classname="com.google.javascript.jscomp.TypeInferenceTest" name="testAssert5" time="0.0" />
  <testcase classname="com.google.javascript.jscomp.TypeInferenceTest" name="testAssert6" time="0.0010" />
  <testcase classname="com.google.javascript.jscomp.TypeInferenceTest" name="testAssert7" time="0.0" />
  <testcase classname="com.google.javascript.jscomp.TypeInferenceTest" name="testAssert8" time="0.0" />
  <testcase classname="com.google.javascript.jscomp.TypeInferenceTest" name="testAssert9" time="0.0" />
  <testcase classname="com.google.javascript.jscomp.TypeInferenceTest" name="testAssert10" time="0.0010" />
  <testcase classname="com.google.javascript.jscomp.TypeInferenceTest" name="testAssertNumber" time="0.0" />
  <testcase classname="com.google.javascript.jscomp.TypeInferenceTest" name="testAssertNumber2" time="0.0" />
  <testcase classname="com.google.javascript.jscomp.TypeInferenceTest" name="testAssertNumber3" time="0.0010" />
  <testcase classname="com.google.javascript.jscomp.TypeInferenceTest" name="testAssertString" time="0.0" />
  <testcase classname="com.google.javascript.jscomp.TypeInferenceTest" name="testAssertFunction" time="0.0" />
  <testcase classname="com.google.javascript.jscomp.TypeInferenceTest" name="testAssertObject" time="0.0" />
  <testcase classname="com.google.javascript.jscomp.TypeInferenceTest" name="testAssertObject2" time="0.0" />
  <testcase classname="com.google.javascript.jscomp.TypeInferenceTest" name="testAssertObject3" time="0.0" />
  <testcase classname="com.google.javascript.jscomp.TypeInferenceTest" name="testAssertObject4" time="0.0" />
  <testcase classname="com.google.javascript.jscomp.TypeInferenceTest" name="testAssertObject5" time="0.0010" />
  <testcase classname="com.google.javascript.jscomp.TypeInferenceTest" name="testAssertArray" time="0.0" />
  <testcase classname="com.google.javascript.jscomp.TypeInferenceTest" name="testAssertInstanceof1" time="0.0" />
  <testcase classname="com.google.javascript.jscomp.TypeInferenceTest" name="testAssertInstanceof2" time="0.0010" />
  <testcase classname="com.google.javascript.jscomp.TypeInferenceTest" name="testAssertInstanceof3" time="0.0" />
  <testcase classname="com.google.javascript.jscomp.TypeInferenceTest" name="testAssertInstanceof4" time="0.0" />
  <testcase classname="com.google.javascript.jscomp.TypeInferenceTest" name="testAssertInstanceof5" time="0.0" />
  <testcase classname="com.google.javascript.jscomp.TypeInferenceTest" name="testAssertWithIsDefAndNotNull" time="0.0010" />
  <testcase classname="com.google.javascript.jscomp.TypeInferenceTest" name="testIsDefAndNoResolvedType" time="0.0" />
  <testcase classname="com.google.javascript.jscomp.TypeInferenceTest" name="testAssertWithNotIsNull" time="0.0" />
  <testcase classname="com.google.javascript.jscomp.TypeInferenceTest" name="testWhile1" time="0.0010" />
  <testcase classname="com.google.javascript.jscomp.TypeInferenceTest" name="testWhile2" time="0.0" />
  <testcase classname="com.google.javascript.jscomp.TypeInferenceTest" name="testFor1" time="0.0" />
  <testcase classname="com.google.javascript.jscomp.TypeInferenceTest" name="testFor2" time="0.0010" />
  <testcase classname="com.google.javascript.jscomp.TypeInferenceTest" name="testFor3" time="0.0" />
  <testcase classname="com.google.javascript.jscomp.TypeInferenceTest" name="testFor4" time="0.0" />
  <testcase classname="com.google.javascript.jscomp.TypeInferenceTest" name="testFor5" time="0.0" />
  <testcase classname="com.google.javascript.jscomp.TypeInferenceTest" name="testFor6" time="0.0" />
  <testcase classname="com.google.javascript.jscomp.TypeInferenceTest" name="testSwitch1" time="0.0010" />
  <testcase classname="com.google.javascript.jscomp.TypeInferenceTest" name="testSwitch2" time="0.0" />
  <testcase classname="com.google.javascript.jscomp.TypeInferenceTest" name="testSwitch3" time="0.0" />
  <testcase classname="com.google.javascript.jscomp.TypeInferenceTest" name="testSwitch4" time="0.0010" />
  <testcase classname="com.google.javascript.jscomp.TypeInferenceTest" name="testTry1" time="0.0" />
  <testcase classname="com.google.javascript.jscomp.TypeInferenceTest" name="testTry2" time="0.0" />
  <testcase classname="com.google.javascript.jscomp.TypeInferenceTest" name="testTry3" time="0.0010" />
  <testcase classname="com.google.javascript.jscomp.TypeInferenceTest" name="testCatch1" time="0.0" />
  <testcase classname="com.google.javascript.jscomp.TypeInferenceTest" name="testCatch2" time="0.0" />
  <testcase classname="com.google.javascript.jscomp.TypeInferenceTest" name="testUnknownType1" time="0.0010" />
  <testcase classname="com.google.javascript.jscomp.TypeInferenceTest" name="testUnknownType2" time="0.0" />
  <testcase classname="com.google.javascript.jscomp.TypeInferenceTest" name="testInfiniteLoop1" time="0.0" />
  <testcase classname="com.google.javascript.jscomp.TypeInferenceTest" name="testInfiniteLoop2" time="0.0010" />
  <testcase classname="com.google.javascript.jscomp.TypeInferenceTest" name="testArrayLit" time="0.0" />
  <testcase classname="com.google.javascript.jscomp.TypeInferenceTest" name="testEnumRAI1" time="0.0" />
  <testcase classname="com.google.javascript.jscomp.TypeInferenceTest" name="testEnumRAI2" time="0.0010" />
  <testcase classname="com.google.javascript.jscomp.TypeInferenceTest" name="testEnumRAI3" time="0.0" />
  <testcase classname="com.google.javascript.jscomp.TypeInferenceTest" name="testEnumRAI4" time="0.0" />
  <testcase classname="com.google.javascript.jscomp.TypeInferenceTest" name="testShortCircuitingAnd" time="0.0010" />
  <testcase classname="com.google.javascript.jscomp.TypeInferenceTest" name="testShortCircuitingAnd2" time="0.0" />
  <testcase classname="com.google.javascript.jscomp.TypeInferenceTest" name="testShortCircuitingOr" time="0.0" />
  <testcase classname="com.google.javascript.jscomp.TypeInferenceTest" name="testShortCircuitingOr2" time="0.0010" />
  <testcase classname="com.google.javascript.jscomp.TypeInferenceTest" name="testAssignInCondition" time="0.0" />
  <testcase classname="com.google.javascript.jscomp.TypeInferenceTest" name="testInstanceOf1" time="0.0" />
  <testcase classname="com.google.javascript.jscomp.TypeInferenceTest" name="testInstanceOf5" time="0.0" />
  <testcase classname="com.google.javascript.jscomp.TypeInferenceTest" name="testInstanceOf6" time="0.0" />
  <testcase classname="com.google.javascript.jscomp.TypeInferenceTest" name="testFlattening" time="0.0040" />
  <testcase classname="com.google.javascript.jscomp.TypeInferenceTest" name="testUnary" time="0.0" />
  <testcase classname="com.google.javascript.jscomp.TypeInferenceTest" name="testAssignAdd" time="0.0" />
  <testcase classname="com.google.javascript.jscomp.TypeInferenceTest" name="testComparison" time="0.0" />
  <testcase classname="com.google.javascript.jscomp.TypeInferenceTest" name="testThrownExpression" time="0.0" />
  <testcase classname="com.google.javascript.jscomp.TypeInferenceTest" name="testCast1" time="0.0010" />
  <testcase classname="com.google.javascript.jscomp.TypeInferenceTest" name="testBackwardsInferenceCall" time="0.0" />
  <testcase classname="com.google.javascript.jscomp.TypeInferenceTest" name="testBackwardsInferenceNew" time="0.0" />
  <testcase classname="com.google.javascript.jscomp.TypeInferenceTest" name="testNoThisInference" time="0.0010" />
  <testcase classname="com.google.javascript.jscomp.TypeInferenceTest" name="testRecordInference" time="0.0" />
  <testcase classname="com.google.javascript.jscomp.TypeInferenceTest" name="testIssue785" time="0.0010" />
  <testcase classname="com.google.javascript.jscomp.TypeInferenceTest" name="testAssertTypeofProp" time="0.0" />
  <system-out><![CDATA[]]></system-out>
  <system-err><![CDATA[]]></system-err>
</testsuite>
