<?xml version="1.0" encoding="UTF-8" ?>
<testsuite errors="0" failures="0" hostname="battower" name="com.google.javascript.jscomp.CommandLineRunnerTest" tests="112" time="1.089" timestamp="2013-02-28T06:31:56">
  <properties>
[...]
</properties>
  <testcase classname="com.google.javascript.jscomp.CommandLineRunnerTest" name="testIssue601" time="0.037" />
  <testcase classname="com.google.javascript.jscomp.CommandLineRunnerTest" name="testUnknownAnnotation" time="0.06" />
  <testcase classname="com.google.javascript.jscomp.CommandLineRunnerTest" name="testWarningGuardOrdering1" time="0.013" />
  <testcase classname="com.google.javascript.jscomp.CommandLineRunnerTest" name="testWarningGuardOrdering2" time="0.0050" />
  <testcase classname="com.google.javascript.jscomp.CommandLineRunnerTest" name="testWarningGuardOrdering3" time="0.01" />
  <testcase classname="com.google.javascript.jscomp.CommandLineRunnerTest" name="testWarningGuardOrdering4" time="0.0060" />
  <testcase classname="com.google.javascript.jscomp.CommandLineRunnerTest" name="testSimpleModeLeavesUnusedParams" time="0.011" />
  <testcase classname="com.google.javascript.jscomp.CommandLineRunnerTest" name="testAdvancedModeRemovesUnusedParams" time="0.031" />
  <testcase classname="com.google.javascript.jscomp.CommandLineRunnerTest" name="testCheckGlobalThisOffByDefault" time="0.011" />
  <testcase classname="com.google.javascript.jscomp.CommandLineRunnerTest" name="testCheckGlobalThisOnWithAdvancedMode" time="0.0090" />
  <testcase classname="com.google.javascript.jscomp.CommandLineRunnerTest" name="testCheckGlobalThisOnWithErrorFlag" time="0.0050" />
  <testcase classname="com.google.javascript.jscomp.CommandLineRunnerTest" name="testCheckGlobalThisOff" time="0.012" />
  <testcase classname="com.google.javascript.jscomp.CommandLineRunnerTest" name="testTypeCheckingOffByDefault" time="0.012" />
  <testcase classname="com.google.javascript.jscomp.CommandLineRunnerTest" name="testReflectedMethods" time="0.031" />
  <testcase classname="com.google.javascript.jscomp.CommandLineRunnerTest" name="testInlineVariables" time="0.035" />
  <testcase classname="com.google.javascript.jscomp.CommandLineRunnerTest" name="testTypedAdvanced" time="0.028" />
  <testcase classname="com.google.javascript.jscomp.CommandLineRunnerTest" name="testTypeCheckingOnWithVerbose" time="0.0080" />
  <testcase classname="com.google.javascript.jscomp.CommandLineRunnerTest" name="testTypeParsingOffByDefault" time="0.0090" />
  <testcase classname="com.google.javascript.jscomp.CommandLineRunnerTest" name="testTypeParsingOnWithVerbose" time="0.014" />
  <testcase classname="com.google.javascript.jscomp.CommandLineRunnerTest" name="testTypeCheckOverride1" time="0.0090" />
  <testcase classname="com.google.javascript.jscomp.CommandLineRunnerTest" name="testTypeCheckOverride2" time="0.016" />
  <testcase classname="com.google.javascript.jscomp.CommandLineRunnerTest" name="testCheckSymbolsOffForDefault" time="0.0080" />
  <testcase classname="com.google.javascript.jscomp.CommandLineRunnerTest" name="testCheckSymbolsOnForVerbose" time="0.0070" />
  <testcase classname="com.google.javascript.jscomp.CommandLineRunnerTest" name="testCheckSymbolsOverrideForVerbose" time="0.01" />
  <testcase classname="com.google.javascript.jscomp.CommandLineRunnerTest" name="testCheckSymbolsOverrideForQuiet" time="0.0050" />
  <testcase classname="com.google.javascript.jscomp.CommandLineRunnerTest" name="testCheckUndefinedProperties1" time="0.0050" />
  <testcase classname="com.google.javascript.jscomp.CommandLineRunnerTest" name="testCheckUndefinedProperties2" time="0.0070" />
  <testcase classname="com.google.javascript.jscomp.CommandLineRunnerTest" name="testCheckUndefinedProperties3" time="0.0080" />
  <testcase classname="com.google.javascript.jscomp.CommandLineRunnerTest" name="testDuplicateParams" time="0.0040" />
  <testcase classname="com.google.javascript.jscomp.CommandLineRunnerTest" name="testDefineFlag" time="0.01" />
  <testcase classname="com.google.javascript.jscomp.CommandLineRunnerTest" name="testDefineFlag2" time="0.0080" />
  <testcase classname="com.google.javascript.jscomp.CommandLineRunnerTest" name="testDefineFlag3" time="0.0080" />
  <testcase classname="com.google.javascript.jscomp.CommandLineRunnerTest" name="testScriptStrictModeNoWarning" time="0.014" />
  <testcase classname="com.google.javascript.jscomp.CommandLineRunnerTest" name="testFunctionStrictModeNoWarning" time="0.013" />
  <testcase classname="com.google.javascript.jscomp.CommandLineRunnerTest" name="testQuietMode" time="0.013" />
  <testcase classname="com.google.javascript.jscomp.CommandLineRunnerTest" name="testProcessClosurePrimitives" time="0.017" />
  <testcase classname="com.google.javascript.jscomp.CommandLineRunnerTest" name="testGetMsgWiring" time="0.021" />
  <testcase classname="com.google.javascript.jscomp.CommandLineRunnerTest" name="testCssNameWiring" time="0.0090" />
  <testcase classname="com.google.javascript.jscomp.CommandLineRunnerTest" name="testIssue70a" time="0.0030" />
  <testcase classname="com.google.javascript.jscomp.CommandLineRunnerTest" name="testIssue70b" time="0.0080" />
  <testcase classname="com.google.javascript.jscomp.CommandLineRunnerTest" name="testIssue81" time="0.01" />
  <testcase classname="com.google.javascript.jscomp.CommandLineRunnerTest" name="testIssue115" time="0.012" />
  <testcase classname="com.google.javascript.jscomp.CommandLineRunnerTest" name="testIssue297" time="0.013" />
  <testcase classname="com.google.javascript.jscomp.CommandLineRunnerTest" name="testHiddenSideEffect" time="0.011" />
  <testcase classname="com.google.javascript.jscomp.CommandLineRunnerTest" name="testIssue504" time="0.014" />
  <testcase classname="com.google.javascript.jscomp.CommandLineRunnerTest" name="testIssue601b" time="0.012" />
  <testcase classname="com.google.javascript.jscomp.CommandLineRunnerTest" name="testIssue601c" time="0.012" />
  <testcase classname="com.google.javascript.jscomp.CommandLineRunnerTest" name="testIssue846" time="0.012" />
  <testcase classname="com.google.javascript.jscomp.CommandLineRunnerTest" name="testDebugFlag1" time="0.01" />
  <testcase classname="com.google.javascript.jscomp.CommandLineRunnerTest" name="testDebugFlag2" time="0.0080" />
  <testcase classname="com.google.javascript.jscomp.CommandLineRunnerTest" name="testDebugFlag3" time="0.011" />
  <testcase classname="com.google.javascript.jscomp.CommandLineRunnerTest" name="testDebugFlag4" time="0.01" />
  <testcase classname="com.google.javascript.jscomp.CommandLineRunnerTest" name="testBooleanFlag1" time="0.0070" />
  <testcase classname="com.google.javascript.jscomp.CommandLineRunnerTest" name="testBooleanFlag2" time="0.0060" />
  <testcase classname="com.google.javascript.jscomp.CommandLineRunnerTest" name="testHelpFlag" time="0.011" />
  <testcase classname="com.google.javascript.jscomp.CommandLineRunnerTest" name="testExternsLifting1" time="0.0060" />
  <testcase classname="com.google.javascript.jscomp.CommandLineRunnerTest" name="testExternsLifting2" time="0.0080" />
  <testcase classname="com.google.javascript.jscomp.CommandLineRunnerTest" name="testSourceSortingOff" time="0.0040" />
  <testcase classname="com.google.javascript.jscomp.CommandLineRunnerTest" name="testSourceSortingOn" time="0.0070" />
  <testcase classname="com.google.javascript.jscomp.CommandLineRunnerTest" name="testSourceSortingOn2" time="0.0060" />
  <testcase classname="com.google.javascript.jscomp.CommandLineRunnerTest" name="testSourceSortingOn3" time="0.0070" />
  <testcase classname="com.google.javascript.jscomp.CommandLineRunnerTest" name="testSourceSortingCircularDeps1" time="0.0030" />
  <testcase classname="com.google.javascript.jscomp.CommandLineRunnerTest" name="testSourceSortingCircularDeps2" time="0.0030" />
  <testcase classname="com.google.javascript.jscomp.CommandLineRunnerTest" name="testSourcePruningOn1" time="0.0070" />
  <testcase classname="com.google.javascript.jscomp.CommandLineRunnerTest" name="testSourcePruningOn2" time="0.0070" />
  <testcase classname="com.google.javascript.jscomp.CommandLineRunnerTest" name="testSourcePruningOn3" time="0.0060" />
  <testcase classname="com.google.javascript.jscomp.CommandLineRunnerTest" name="testSourcePruningOn4" time="0.0070" />
  <testcase classname="com.google.javascript.jscomp.CommandLineRunnerTest" name="testSourcePruningOn5" time="0.0030" />
  <testcase classname="com.google.javascript.jscomp.CommandLineRunnerTest" name="testSourcePruningOn6" time="0.0070" />
  <testcase classname="com.google.javascript.jscomp.CommandLineRunnerTest" name="testSourcePruningOn7" time="0.0060" />
  <testcase classname="com.google.javascript.jscomp.CommandLineRunnerTest" name="testSourcePruningOn8" time="0.0070" />
  <testcase classname="com.google.javascript.jscomp.CommandLineRunnerTest" name="testNoCompile" time="0.0070" />
  <testcase classname="com.google.javascript.jscomp.CommandLineRunnerTest" name="testDependencySortingWhitespaceMode" time="0.0040" />
  <testcase classname="com.google.javascript.jscomp.CommandLineRunnerTest" name="testForwardDeclareDroppedTypes" time="0.015" />
  <testcase classname="com.google.javascript.jscomp.CommandLineRunnerTest" name="testOnlyClosureDependenciesEmptyEntryPoints" time="0.0010" />
  <testcase classname="com.google.javascript.jscomp.CommandLineRunnerTest" name="testOnlyClosureDependenciesOneEntryPoint" time="0.0070" />
  <testcase classname="com.google.javascript.jscomp.CommandLineRunnerTest" name="testSourceMapExpansion1" time="0.0060" />
  <testcase classname="com.google.javascript.jscomp.CommandLineRunnerTest" name="testSourceMapExpansion2" time="0.0060" />
  <testcase classname="com.google.javascript.jscomp.CommandLineRunnerTest" name="testSourceMapExpansion3" time="0.0060" />
  <testcase classname="com.google.javascript.jscomp.CommandLineRunnerTest" name="testSourceMapFormat1" time="0.0050" />
  <testcase classname="com.google.javascript.jscomp.CommandLineRunnerTest" name="testSourceMapFormat2" time="0.0050" />
  <testcase classname="com.google.javascript.jscomp.CommandLineRunnerTest" name="testModuleWrapperBaseNameExpansion" time="0.0060" />
  <testcase classname="com.google.javascript.jscomp.CommandLineRunnerTest" name="testCharSetExpansion" time="0.01" />
  <testcase classname="com.google.javascript.jscomp.CommandLineRunnerTest" name="testChainModuleManifest" time="0.0070" />
  <testcase classname="com.google.javascript.jscomp.CommandLineRunnerTest" name="testStarModuleManifest" time="0.0070" />
  <testcase classname="com.google.javascript.jscomp.CommandLineRunnerTest" name="testOutputModuleGraphJson" time="0.0060" />
  <testcase classname="com.google.javascript.jscomp.CommandLineRunnerTest" name="testVersionFlag" time="0.0060" />
  <testcase classname="com.google.javascript.jscomp.CommandLineRunnerTest" name="testVersionFlag2" time="0.013" />
  <testcase classname="com.google.javascript.jscomp.CommandLineRunnerTest" name="testPrintAstFlag" time="0.0060" />
  <testcase classname="com.google.javascript.jscomp.CommandLineRunnerTest" name="testSyntheticExterns" time="0.0090" />
  <testcase classname="com.google.javascript.jscomp.CommandLineRunnerTest" name="testGoogAssertStripping" time="0.012" />
  <testcase classname="com.google.javascript.jscomp.CommandLineRunnerTest" name="testMissingReturnCheckOnWithVerbose" time="0.0060" />
  <testcase classname="com.google.javascript.jscomp.CommandLineRunnerTest" name="testGenerateExports" time="0.0070" />
  <testcase classname="com.google.javascript.jscomp.CommandLineRunnerTest" name="testDepreciationWithVerbose" time="0.0060" />
  <testcase classname="com.google.javascript.jscomp.CommandLineRunnerTest" name="testTwoParseErrors" time="0.0030" />
  <testcase classname="com.google.javascript.jscomp.CommandLineRunnerTest" name="testES3ByDefault" time="0.0020" />
  <testcase classname="com.google.javascript.jscomp.CommandLineRunnerTest" name="testES5ChecksByDefault" time="0.0050" />
  <testcase classname="com.google.javascript.jscomp.CommandLineRunnerTest" name="testES5ChecksInVerbose" time="0.0060" />
  <testcase classname="com.google.javascript.jscomp.CommandLineRunnerTest" name="testES5" time="0.011" />
  <testcase classname="com.google.javascript.jscomp.CommandLineRunnerTest" name="testES5Strict" time="0.01" />
  <testcase classname="com.google.javascript.jscomp.CommandLineRunnerTest" name="testES5StrictUseStrict" time="0.0040" />
  <testcase classname="com.google.javascript.jscomp.CommandLineRunnerTest" name="testES5StrictUseStrictMultipleInputs" time="0.0040" />
  <testcase classname="com.google.javascript.jscomp.CommandLineRunnerTest" name="testWithKeywordDefault" time="0.0040" />
  <testcase classname="com.google.javascript.jscomp.CommandLineRunnerTest" name="testWithKeywordWithEs5ChecksOff" time="0.0060" />
  <testcase classname="com.google.javascript.jscomp.CommandLineRunnerTest" name="testNoSrCFilesWithManifest" time="0.0020" />
  <testcase classname="com.google.javascript.jscomp.CommandLineRunnerTest" name="testTransformAMD" time="0.0060" />
  <testcase classname="com.google.javascript.jscomp.CommandLineRunnerTest" name="testProcessCJS" time="0.0060" />
  <testcase classname="com.google.javascript.jscomp.CommandLineRunnerTest" name="testProcessCJSWithModuleOutput" time="0.0040" />
  <testcase classname="com.google.javascript.jscomp.CommandLineRunnerTest" name="testFormattingSingleQuote" time="0.011" />
  <testcase classname="com.google.javascript.jscomp.CommandLineRunnerTest" name="testTransformAMDAndProcessCJS" time="0.0040" />
  <testcase classname="com.google.javascript.jscomp.CommandLineRunnerTest" name="testModuleJSON" time="0.0040" />
  <testcase classname="com.google.javascript.jscomp.CommandLineRunnerTest" name="testOutputSameAsInput" time="0.0040" />
  <system-out><![CDATA[]]></system-out>
  <system-err><![CDATA[Closure Compiler (http://code.google.com/closure/compiler)
Version: exported
Built on: 2013/02/28 01:31
Closure Compiler (http://code.google.com/closure/compiler)
Version: exported
Built on: 2013/02/28 01:31
]]></system-err>
</testsuite>
