<?xml version="1.0" encoding="UTF-8" ?>
<testsuite errors="0" failures="0" hostname="battower" name="com.google.javascript.jscomp.CollapsePropertiesTest" tests="228" time="0.297" timestamp="2013-02-28T06:31:56">
  <properties>
[...]
</properties>
  <testcase classname="com.google.javascript.jscomp.CollapsePropertiesTest" name="testNewOperator" time="0.0030" />
  <testcase classname="com.google.javascript.jscomp.CollapsePropertiesTest" name="testCollapse" time="0.0020" />
  <testcase classname="com.google.javascript.jscomp.CollapsePropertiesTest" name="testMultiLevelCollapse" time="0.0010" />
  <testcase classname="com.google.javascript.jscomp.CollapsePropertiesTest" name="testDecrement" time="0.0010" />
  <testcase classname="com.google.javascript.jscomp.CollapsePropertiesTest" name="testIncrement" time="0.0020" />
  <testcase classname="com.google.javascript.jscomp.CollapsePropertiesTest" name="testObjLitDeclaration" time="0.0010" />
  <testcase classname="com.google.javascript.jscomp.CollapsePropertiesTest" name="testObjLitDeclarationWithGet1" time="0.0020" />
  <testcase classname="com.google.javascript.jscomp.CollapsePropertiesTest" name="testObjLitDeclarationWithGet2" time="0.0010" />
  <testcase classname="com.google.javascript.jscomp.CollapsePropertiesTest" name="testObjLitDeclarationWithGet3" time="0.0020" />
  <testcase classname="com.google.javascript.jscomp.CollapsePropertiesTest" name="testObjLitDeclarationWithSet1" time="0.0010" />
  <testcase classname="com.google.javascript.jscomp.CollapsePropertiesTest" name="testObjLitDeclarationWithSet2" time="0.0020" />
  <testcase classname="com.google.javascript.jscomp.CollapsePropertiesTest" name="testObjLitDeclarationWithSet3" time="0.0020" />
  <testcase classname="com.google.javascript.jscomp.CollapsePropertiesTest" name="testObjLitDeclarationWithGetAndSet1" time="0.0010" />
  <testcase classname="com.google.javascript.jscomp.CollapsePropertiesTest" name="testObjLitDeclarationWithDuplicateKeys" time="0.0010" />
  <testcase classname="com.google.javascript.jscomp.CollapsePropertiesTest" name="testObjLitAssignmentDepth1" time="0.0020" />
  <testcase classname="com.google.javascript.jscomp.CollapsePropertiesTest" name="testObjLitAssignmentDepth2" time="0.0010" />
  <testcase classname="com.google.javascript.jscomp.CollapsePropertiesTest" name="testObjLitAssignmentDepth3" time="0.0020" />
  <testcase classname="com.google.javascript.jscomp.CollapsePropertiesTest" name="testObjLitAssignmentDepth4" time="0.0020" />
  <testcase classname="com.google.javascript.jscomp.CollapsePropertiesTest" name="testGlobalObjectDeclaredToPreserveItsPreviousValue1" time="0.0010" />
  <testcase classname="com.google.javascript.jscomp.CollapsePropertiesTest" name="testGlobalObjectDeclaredToPreserveItsPreviousValue2" time="0.0010" />
  <testcase classname="com.google.javascript.jscomp.CollapsePropertiesTest" name="testGlobalObjectDeclaredToPreserveItsPreviousValue3" time="0.0010" />
  <testcase classname="com.google.javascript.jscomp.CollapsePropertiesTest" name="testGlobalObjectNameInBooleanExpressionDepth1_1" time="0.0010" />
  <testcase classname="com.google.javascript.jscomp.CollapsePropertiesTest" name="testGlobalObjectNameInBooleanExpressionDepth1_2" time="0.0020" />
  <testcase classname="com.google.javascript.jscomp.CollapsePropertiesTest" name="testGlobalObjectNameInBooleanExpressionDepth1_3" time="0.0010" />
  <testcase classname="com.google.javascript.jscomp.CollapsePropertiesTest" name="testGlobalObjectNameInBooleanExpressionDepth1_4" time="0.0020" />
  <testcase classname="com.google.javascript.jscomp.CollapsePropertiesTest" name="testGlobalObjectNameInBooleanExpressionDepth1_5" time="0.0010" />
  <testcase classname="com.google.javascript.jscomp.CollapsePropertiesTest" name="testGlobalObjectNameInBooleanExpressionDepth1_6" time="0.0020" />
  <testcase classname="com.google.javascript.jscomp.CollapsePropertiesTest" name="testGlobalObjectNameInBooleanExpressionDepth2" time="0.0020" />
  <testcase classname="com.google.javascript.jscomp.CollapsePropertiesTest" name="testGlobalObjectNameInBooleanExpressionDepth3" time="0.0010" />
  <testcase classname="com.google.javascript.jscomp.CollapsePropertiesTest" name="testGlobalFunctionNameInBooleanExpressionDepth1" time="0.0020" />
  <testcase classname="com.google.javascript.jscomp.CollapsePropertiesTest" name="testGlobalFunctionNameInBooleanExpressionDepth2" time="0.0010" />
  <testcase classname="com.google.javascript.jscomp.CollapsePropertiesTest" name="testAliasCreatedForObjectDepth1_1" time="0.0010" />
  <testcase classname="com.google.javascript.jscomp.CollapsePropertiesTest" name="testAliasCreatedForObjectDepth1_2" time="0.0010" />
  <testcase classname="com.google.javascript.jscomp.CollapsePropertiesTest" name="testAliasCreatedForObjectDepth1_3" time="0.0010" />
  <testcase classname="com.google.javascript.jscomp.CollapsePropertiesTest" name="testAliasCreatedForObjectDepth2_1" time="0.0010" />
  <testcase classname="com.google.javascript.jscomp.CollapsePropertiesTest" name="testAliasCreatedForObjectDepth2_2" time="0.0010" />
  <testcase classname="com.google.javascript.jscomp.CollapsePropertiesTest" name="testAliasCreatedForEnumDepth1_1" time="0.0020" />
  <testcase classname="com.google.javascript.jscomp.CollapsePropertiesTest" name="testAliasCreatedForEnumDepth1_2" time="0.0010" />
  <testcase classname="com.google.javascript.jscomp.CollapsePropertiesTest" name="testAliasCreatedForEnumDepth1_3" time="0.0010" />
  <testcase classname="com.google.javascript.jscomp.CollapsePropertiesTest" name="testAliasCreatedForEnumDepth1_4" time="0.0010" />
  <testcase classname="com.google.javascript.jscomp.CollapsePropertiesTest" name="testAliasCreatedForEnumDepth2_1" time="0.0010" />
  <testcase classname="com.google.javascript.jscomp.CollapsePropertiesTest" name="testAliasCreatedForEnumDepth2_2" time="0.0020" />
  <testcase classname="com.google.javascript.jscomp.CollapsePropertiesTest" name="testAliasCreatedForEnumDepth2_3" time="0.0010" />
  <testcase classname="com.google.javascript.jscomp.CollapsePropertiesTest" name="testAliasCreatedForEnumOfObjects" time="0.0020" />
  <testcase classname="com.google.javascript.jscomp.CollapsePropertiesTest" name="testAliasCreatedForEnumOfObjects2" time="0.0010" />
  <testcase classname="com.google.javascript.jscomp.CollapsePropertiesTest" name="testAliasCreatedForPropertyOfEnumOfObjects" time="0.0020" />
  <testcase classname="com.google.javascript.jscomp.CollapsePropertiesTest" name="testAliasCreatedForPropertyOfEnumOfObjects2" time="0.0010" />
  <testcase classname="com.google.javascript.jscomp.CollapsePropertiesTest" name="testMisusedEnumTag" time="0.0020" />
  <testcase classname="com.google.javascript.jscomp.CollapsePropertiesTest" name="testMisusedConstructorTag" time="0.0010" />
  <testcase classname="com.google.javascript.jscomp.CollapsePropertiesTest" name="testAliasCreatedForFunctionDepth1_1" time="0.0020" />
  <testcase classname="com.google.javascript.jscomp.CollapsePropertiesTest" name="testAliasCreatedForCtorDepth1_1" time="0.0010" />
  <testcase classname="com.google.javascript.jscomp.CollapsePropertiesTest" name="testAliasCreatedForFunctionDepth1_2" time="0.0010" />
  <testcase classname="com.google.javascript.jscomp.CollapsePropertiesTest" name="testAliasCreatedForCtorDepth1_2" time="0.0010" />
  <testcase classname="com.google.javascript.jscomp.CollapsePropertiesTest" name="testAliasCreatedForFunctionDepth1_3" time="0.0010" />
  <testcase classname="com.google.javascript.jscomp.CollapsePropertiesTest" name="testAliasCreatedForCtorDepth1_3" time="0.0010" />
  <testcase classname="com.google.javascript.jscomp.CollapsePropertiesTest" name="testAliasCreatedForFunctionDepth2" time="0.0010" />
  <testcase classname="com.google.javascript.jscomp.CollapsePropertiesTest" name="testAliasCreatedForCtorDepth2" time="0.0010" />
  <testcase classname="com.google.javascript.jscomp.CollapsePropertiesTest" name="testAliasCreatedForClassDepth1_1" time="0.0020" />
  <testcase classname="com.google.javascript.jscomp.CollapsePropertiesTest" name="testAliasCreatedForClassDepth1_2" time="0.0010" />
  <testcase classname="com.google.javascript.jscomp.CollapsePropertiesTest" name="testAliasCreatedForClassDepth1_3" time="0.0010" />
  <testcase classname="com.google.javascript.jscomp.CollapsePropertiesTest" name="testAliasCreatedForClassDepth2_1" time="0.0010" />
  <testcase classname="com.google.javascript.jscomp.CollapsePropertiesTest" name="testAliasCreatedForClassDepth2_2" time="0.0010" />
  <testcase classname="com.google.javascript.jscomp.CollapsePropertiesTest" name="testAliasCreatedForClassDepth2_3" time="0.0010" />
  <testcase classname="com.google.javascript.jscomp.CollapsePropertiesTest" name="testAliasCreatedForClassProperty" time="0.0010" />
  <testcase classname="com.google.javascript.jscomp.CollapsePropertiesTest" name="testNestedObjLit" time="0.0010" />
  <testcase classname="com.google.javascript.jscomp.CollapsePropertiesTest" name="testObjLitDeclarationUsedInSameVarList" time="0.0010" />
  <testcase classname="com.google.javascript.jscomp.CollapsePropertiesTest" name="testPropGetInsideAnObjLit" time="0.0020" />
  <testcase classname="com.google.javascript.jscomp.CollapsePropertiesTest" name="testObjLitWithQuotedKeyThatDoesNotGetRead" time="0.0010" />
  <testcase classname="com.google.javascript.jscomp.CollapsePropertiesTest" name="testObjLitWithQuotedKeyThatGetsRead" time="0.0010" />
  <testcase classname="com.google.javascript.jscomp.CollapsePropertiesTest" name="testFunctionWithQuotedPropertyThatDoesNotGetRead" time="0.0010" />
  <testcase classname="com.google.javascript.jscomp.CollapsePropertiesTest" name="testFunctionWithQuotedPropertyThatGetsRead" time="0.0080" />
  <testcase classname="com.google.javascript.jscomp.CollapsePropertiesTest" name="testObjLitAssignedToMultipleNames1" time="0.0010" />
  <testcase classname="com.google.javascript.jscomp.CollapsePropertiesTest" name="testObjLitAssignedToMultipleNames2" time="0.0020" />
  <testcase classname="com.google.javascript.jscomp.CollapsePropertiesTest" name="testObjLitRedefinedInGlobalScope" time="0.0010" />
  <testcase classname="com.google.javascript.jscomp.CollapsePropertiesTest" name="testObjLitRedefinedInLocalScope" time="0.0010" />
  <testcase classname="com.google.javascript.jscomp.CollapsePropertiesTest" name="testObjLitAssignedInTernaryExpression1" time="0.0010" />
  <testcase classname="com.google.javascript.jscomp.CollapsePropertiesTest" name="testObjLitAssignedInTernaryExpression2" time="0.0020" />
  <testcase classname="com.google.javascript.jscomp.CollapsePropertiesTest" name="testGlobalVarSetToObjLitConditionally1" time="0.0010" />
  <testcase classname="com.google.javascript.jscomp.CollapsePropertiesTest" name="testGlobalVarSetToObjLitConditionally1b" time="0.0010" />
  <testcase classname="com.google.javascript.jscomp.CollapsePropertiesTest" name="testGlobalVarSetToObjLitConditionally2" time="0.0010" />
  <testcase classname="com.google.javascript.jscomp.CollapsePropertiesTest" name="testGlobalVarSetToObjLitConditionally3" time="0.0010" />
  <testcase classname="com.google.javascript.jscomp.CollapsePropertiesTest" name="testObjectPropertySetToObjLitConditionally" time="0.0020" />
  <testcase classname="com.google.javascript.jscomp.CollapsePropertiesTest" name="testFunctionPropertySetToObjLitConditionally" time="0.0010" />
  <testcase classname="com.google.javascript.jscomp.CollapsePropertiesTest" name="testPrototypePropertySetToAnObjectLiteral" time="0.0010" />
  <testcase classname="com.google.javascript.jscomp.CollapsePropertiesTest" name="testObjectPropertyResetInLocalScope" time="0.0010" />
  <testcase classname="com.google.javascript.jscomp.CollapsePropertiesTest" name="testFunctionPropertyResetInLocalScope" time="0.0010" />
  <testcase classname="com.google.javascript.jscomp.CollapsePropertiesTest" name="testNamespaceResetInGlobalScope1" time="0.0010" />
  <testcase classname="com.google.javascript.jscomp.CollapsePropertiesTest" name="testNamespaceResetInGlobalScope2" time="0.0010" />
  <testcase classname="com.google.javascript.jscomp.CollapsePropertiesTest" name="testNamespaceResetInLocalScope1" time="0.0020" />
  <testcase classname="com.google.javascript.jscomp.CollapsePropertiesTest" name="testNamespaceResetInLocalScope2" time="0.0010" />
  <testcase classname="com.google.javascript.jscomp.CollapsePropertiesTest" name="testNamespaceDefinedInLocalScope" time="0.0010" />
  <testcase classname="com.google.javascript.jscomp.CollapsePropertiesTest" name="testAddPropertyToObjectInLocalScopeDepth1" time="0.0010" />
  <testcase classname="com.google.javascript.jscomp.CollapsePropertiesTest" name="testAddPropertyToObjectInLocalScopeDepth2" time="0.0010" />
  <testcase classname="com.google.javascript.jscomp.CollapsePropertiesTest" name="testAddPropertyToFunctionInLocalScopeDepth1" time="0.0010" />
  <testcase classname="com.google.javascript.jscomp.CollapsePropertiesTest" name="testAddPropertyToFunctionInLocalScopeDepth2" time="0.0020" />
  <testcase classname="com.google.javascript.jscomp.CollapsePropertiesTest" name="testAddPropertyToUncollapsibleObjectInLocalScopeDepth1" time="0.0010" />
  <testcase classname="com.google.javascript.jscomp.CollapsePropertiesTest" name="testAddPropertyToUncollapsibleFunctionInLocalScopeDepth1" time="0.0010" />
  <testcase classname="com.google.javascript.jscomp.CollapsePropertiesTest" name="testAddPropertyToUncollapsibleNamedCtorInLocalScopeDepth1" time="0.0010" />
  <testcase classname="com.google.javascript.jscomp.CollapsePropertiesTest" name="testAddPropertyToUncollapsibleCtorInLocalScopeDepth1" time="0.0010" />
  <testcase classname="com.google.javascript.jscomp.CollapsePropertiesTest" name="testAddPropertyToUncollapsibleObjectInLocalScopeDepth2" time="0.0020" />
  <testcase classname="com.google.javascript.jscomp.CollapsePropertiesTest" name="testAddPropertyToUncollapsibleFunctionInLocalScopeDepth2" time="0.0010" />
  <testcase classname="com.google.javascript.jscomp.CollapsePropertiesTest" name="testAddPropertyToUncollapsibleCtorInLocalScopeDepth2" time="0.0010" />
  <testcase classname="com.google.javascript.jscomp.CollapsePropertiesTest" name="testPropertyOfChildFuncOfUncollapsibleObjectDepth1" time="0.0020" />
  <testcase classname="com.google.javascript.jscomp.CollapsePropertiesTest" name="testPropertyOfChildFuncOfUncollapsibleObjectDepth2" time="0.0010" />
  <testcase classname="com.google.javascript.jscomp.CollapsePropertiesTest" name="testAddPropertyToChildFuncOfUncollapsibleObjectInLocalScope" time="0.0010" />
  <testcase classname="com.google.javascript.jscomp.CollapsePropertiesTest" name="testAddPropertyToChildTypeOfUncollapsibleObjectInLocalScope" time="0.0020" />
  <testcase classname="com.google.javascript.jscomp.CollapsePropertiesTest" name="testAddPropertyToChildOfUncollapsibleFunctionInLocalScope" time="0.0010" />
  <testcase classname="com.google.javascript.jscomp.CollapsePropertiesTest" name="testAddPropertyToChildOfUncollapsibleCtorInLocalScope" time="0.0010" />
  <testcase classname="com.google.javascript.jscomp.CollapsePropertiesTest" name="testResetObjectPropertyInLocalScope" time="0.0010" />
  <testcase classname="com.google.javascript.jscomp.CollapsePropertiesTest" name="testResetFunctionPropertyInLocalScope" time="0.0010" />
  <testcase classname="com.google.javascript.jscomp.CollapsePropertiesTest" name="testGlobalNameReferencedInLocalScopeBeforeDefined1" time="0.0010" />
  <testcase classname="com.google.javascript.jscomp.CollapsePropertiesTest" name="testGlobalNameReferencedInLocalScopeBeforeDefined2" time="0.0010" />
  <testcase classname="com.google.javascript.jscomp.CollapsePropertiesTest" name="testTwiceDefinedGlobalNameDepth1_1" time="0.0010" />
  <testcase classname="com.google.javascript.jscomp.CollapsePropertiesTest" name="testTwiceDefinedGlobalNameDepth1_2" time="0.0010" />
  <testcase classname="com.google.javascript.jscomp.CollapsePropertiesTest" name="testTwiceDefinedGlobalNameDepth2" time="0.0010" />
  <testcase classname="com.google.javascript.jscomp.CollapsePropertiesTest" name="testFunctionCallDepth1" time="0.0010" />
  <testcase classname="com.google.javascript.jscomp.CollapsePropertiesTest" name="testFunctionCallDepth2" time="0.0010" />
  <testcase classname="com.google.javascript.jscomp.CollapsePropertiesTest" name="testFunctionAlias" time="0.0010" />
  <testcase classname="com.google.javascript.jscomp.CollapsePropertiesTest" name="testCallToRedefinedFunction" time="0.0010" />
  <testcase classname="com.google.javascript.jscomp.CollapsePropertiesTest" name="testCollapsePrototypeName" time="0.0010" />
  <testcase classname="com.google.javascript.jscomp.CollapsePropertiesTest" name="testReferencedPrototypeProperty" time="0.0010" />
  <testcase classname="com.google.javascript.jscomp.CollapsePropertiesTest" name="testSetStaticAndPrototypePropertiesOnFunction" time="0.0010" />
  <testcase classname="com.google.javascript.jscomp.CollapsePropertiesTest" name="testReadUndefinedPropertyDepth1" time="0.0010" />
  <testcase classname="com.google.javascript.jscomp.CollapsePropertiesTest" name="testReadUndefinedPropertyDepth2" time="0.0020" />
  <testcase classname="com.google.javascript.jscomp.CollapsePropertiesTest" name="testCallUndefinedMethodOnObjLitDepth1" time="0.0010" />
  <testcase classname="com.google.javascript.jscomp.CollapsePropertiesTest" name="testCallUndefinedMethodOnObjLitDepth2" time="0.0010" />
  <testcase classname="com.google.javascript.jscomp.CollapsePropertiesTest" name="testPropertiesOfAnUndefinedVar" time="0.0010" />
  <testcase classname="com.google.javascript.jscomp.CollapsePropertiesTest" name="testPropertyOfAnObjectThatIsNeitherFunctionNorObjLit" time="0.0010" />
  <testcase classname="com.google.javascript.jscomp.CollapsePropertiesTest" name="testStaticFunctionReferencingThis1" time="0.0020" />
  <testcase classname="com.google.javascript.jscomp.CollapsePropertiesTest" name="testStaticFunctionReferencingThis2" time="0.0010" />
  <testcase classname="com.google.javascript.jscomp.CollapsePropertiesTest" name="testStaticFunctionReferencingThis3" time="0.0010" />
  <testcase classname="com.google.javascript.jscomp.CollapsePropertiesTest" name="testStaticFunctionReferencingThis4" time="0.0010" />
  <testcase classname="com.google.javascript.jscomp.CollapsePropertiesTest" name="testPrototypeMethodReferencingThis" time="0.0010" />
  <testcase classname="com.google.javascript.jscomp.CollapsePropertiesTest" name="testConstructorReferencingThis" time="0.0010" />
  <testcase classname="com.google.javascript.jscomp.CollapsePropertiesTest" name="testSafeReferenceOfThis" time="0.0010" />
  <testcase classname="com.google.javascript.jscomp.CollapsePropertiesTest" name="testGlobalFunctionReferenceOfThis" time="0.0010" />
  <testcase classname="com.google.javascript.jscomp.CollapsePropertiesTest" name="testFunctionGivenTwoNames" time="0.0010" />
  <testcase classname="com.google.javascript.jscomp.CollapsePropertiesTest" name="testObjLitWithUsedNumericKey" time="0.0010" />
  <testcase classname="com.google.javascript.jscomp.CollapsePropertiesTest" name="testObjLitWithUnusedNumericKey" time="0.0010" />
  <testcase classname="com.google.javascript.jscomp.CollapsePropertiesTest" name="testObjLitWithNonIdentifierKeys" time="0.0010" />
  <testcase classname="com.google.javascript.jscomp.CollapsePropertiesTest" name="testChainedAssignments1" time="0.0" />
  <testcase classname="com.google.javascript.jscomp.CollapsePropertiesTest" name="testChainedAssignments2" time="0.0010" />
  <testcase classname="com.google.javascript.jscomp.CollapsePropertiesTest" name="testChainedAssignments3" time="0.0010" />
  <testcase classname="com.google.javascript.jscomp.CollapsePropertiesTest" name="testChainedAssignments4" time="0.0010" />
  <testcase classname="com.google.javascript.jscomp.CollapsePropertiesTest" name="testChainedAssignments5" time="0.0010" />
  <testcase classname="com.google.javascript.jscomp.CollapsePropertiesTest" name="testChainedAssignments6" time="0.0010" />
  <testcase classname="com.google.javascript.jscomp.CollapsePropertiesTest" name="testChainedAssignments7" time="0.0010" />
  <testcase classname="com.google.javascript.jscomp.CollapsePropertiesTest" name="testChainedVarAssignments1" time="0.0010" />
  <testcase classname="com.google.javascript.jscomp.CollapsePropertiesTest" name="testChainedVarAssignments2" time="0.0010" />
  <testcase classname="com.google.javascript.jscomp.CollapsePropertiesTest" name="testChainedVarAssignments3" time="0.0010" />
  <testcase classname="com.google.javascript.jscomp.CollapsePropertiesTest" name="testChainedVarAssignments4" time="0.0010" />
  <testcase classname="com.google.javascript.jscomp.CollapsePropertiesTest" name="testChainedVarAssignments5" time="0.0010" />
  <testcase classname="com.google.javascript.jscomp.CollapsePropertiesTest" name="testPeerAndSubpropertyOfUncollapsibleProperty" time="0.0010" />
  <testcase classname="com.google.javascript.jscomp.CollapsePropertiesTest" name="testComplexAssignmentAfterInitialAssignment" time="0.0010" />
  <testcase classname="com.google.javascript.jscomp.CollapsePropertiesTest" name="testRenamePrefixOfUncollapsibleProperty" time="0.0010" />
  <testcase classname="com.google.javascript.jscomp.CollapsePropertiesTest" name="testMethodCall" time="0.0" />
  <testcase classname="com.google.javascript.jscomp.CollapsePropertiesTest" name="testObjLitDefinedInLocalScopeIsLeftAlone" time="0.0010" />
  <testcase classname="com.google.javascript.jscomp.CollapsePropertiesTest" name="testPropertiesOnBothSidesOfAssignment" time="0.0010" />
  <testcase classname="com.google.javascript.jscomp.CollapsePropertiesTest" name="testCallOnUndefinedProperty" time="0.0010" />
  <testcase classname="com.google.javascript.jscomp.CollapsePropertiesTest" name="testGetPropOnUndefinedProperty" time="0.0010" />
  <testcase classname="com.google.javascript.jscomp.CollapsePropertiesTest" name="testLocalAlias1" time="0.0030" />
  <testcase classname="com.google.javascript.jscomp.CollapsePropertiesTest" name="testLocalAlias2" time="0.0010" />
  <testcase classname="com.google.javascript.jscomp.CollapsePropertiesTest" name="testLocalAlias3" time="0.0010" />
  <testcase classname="com.google.javascript.jscomp.CollapsePropertiesTest" name="testLocalAlias4" time="0.0020" />
  <testcase classname="com.google.javascript.jscomp.CollapsePropertiesTest" name="testLocalAlias5" time="0.0010" />
  <testcase classname="com.google.javascript.jscomp.CollapsePropertiesTest" name="testLocalAlias6" time="0.0010" />
  <testcase classname="com.google.javascript.jscomp.CollapsePropertiesTest" name="testLocalAlias7" time="0.0010" />
  <testcase classname="com.google.javascript.jscomp.CollapsePropertiesTest" name="testGlobalWriteToAncestor" time="0.0010" />
  <testcase classname="com.google.javascript.jscomp.CollapsePropertiesTest" name="testGlobalWriteToNonAncestor" time="0.0010" />
  <testcase classname="com.google.javascript.jscomp.CollapsePropertiesTest" name="testLocalWriteToAncestor" time="0.0010" />
  <testcase classname="com.google.javascript.jscomp.CollapsePropertiesTest" name="testLocalWriteToNonAncestor" time="0.0010" />
  <testcase classname="com.google.javascript.jscomp.CollapsePropertiesTest" name="testNonWellformedAlias1" time="0.0010" />
  <testcase classname="com.google.javascript.jscomp.CollapsePropertiesTest" name="testNonWellformedAlias2" time="0.0010" />
  <testcase classname="com.google.javascript.jscomp.CollapsePropertiesTest" name="testLocalAliasOfAncestor" time="0.0010" />
  <testcase classname="com.google.javascript.jscomp.CollapsePropertiesTest" name="testGlobalAliasOfAncestor" time="0.0010" />
  <testcase classname="com.google.javascript.jscomp.CollapsePropertiesTest" name="testLocalAliasOfOtherName" time="0.0010" />
  <testcase classname="com.google.javascript.jscomp.CollapsePropertiesTest" name="testLocalAliasOfFunction" time="0.0010" />
  <testcase classname="com.google.javascript.jscomp.CollapsePropertiesTest" name="testNoInlineGetpropIntoCall" time="0.0020" />
  <testcase classname="com.google.javascript.jscomp.CollapsePropertiesTest" name="testInlineAliasWithModifications" time="0.0030" />
  <testcase classname="com.google.javascript.jscomp.CollapsePropertiesTest" name="testCollapsePropertyOnExternType" time="0.0" />
  <testcase classname="com.google.javascript.jscomp.CollapsePropertiesTest" name="testCollapseForEachWithoutExterns" time="0.0" />
  <testcase classname="com.google.javascript.jscomp.CollapsePropertiesTest" name="testNoCollapseForEachInExterns" time="0.0" />
  <testcase classname="com.google.javascript.jscomp.CollapsePropertiesTest" name="testDoNotCollapsePropertyOnExternType" time="0.0" />
  <testcase classname="com.google.javascript.jscomp.CollapsePropertiesTest" name="testBug1704733" time="0.0020" />
  <testcase classname="com.google.javascript.jscomp.CollapsePropertiesTest" name="testBug1956277" time="0.0010" />
  <testcase classname="com.google.javascript.jscomp.CollapsePropertiesTest" name="testBug1974371" time="0.0010" />
  <testcase classname="com.google.javascript.jscomp.CollapsePropertiesTest" name="testEnumOfObjects1" time="0.0010" />
  <testcase classname="com.google.javascript.jscomp.CollapsePropertiesTest" name="testEnumOfObjects2" time="0.0010" />
  <testcase classname="com.google.javascript.jscomp.CollapsePropertiesTest" name="testEnumOfObjects3" time="0.0010" />
  <testcase classname="com.google.javascript.jscomp.CollapsePropertiesTest" name="testEnumOfObjects4" time="0.0010" />
  <testcase classname="com.google.javascript.jscomp.CollapsePropertiesTest" name="testObjectOfObjects1" time="0.0010" />
  <testcase classname="com.google.javascript.jscomp.CollapsePropertiesTest" name="testReferenceInAnonymousObject0" time="0.0010" />
  <testcase classname="com.google.javascript.jscomp.CollapsePropertiesTest" name="testReferenceInAnonymousObject1" time="0.0010" />
  <testcase classname="com.google.javascript.jscomp.CollapsePropertiesTest" name="testReferenceInAnonymousObject2" time="0.0010" />
  <testcase classname="com.google.javascript.jscomp.CollapsePropertiesTest" name="testReferenceInAnonymousObject3" time="0.0010" />
  <testcase classname="com.google.javascript.jscomp.CollapsePropertiesTest" name="testReferenceInAnonymousObject4" time="0.0020" />
  <testcase classname="com.google.javascript.jscomp.CollapsePropertiesTest" name="testReferenceInAnonymousObject5" time="0.0010" />
  <testcase classname="com.google.javascript.jscomp.CollapsePropertiesTest" name="testCrashInCommaOperator" time="0.0010" />
  <testcase classname="com.google.javascript.jscomp.CollapsePropertiesTest" name="testCrashInNestedAssign" time="0.0010" />
  <testcase classname="com.google.javascript.jscomp.CollapsePropertiesTest" name="testTwinReferenceCancelsChildCollapsing" time="0.0010" />
  <testcase classname="com.google.javascript.jscomp.CollapsePropertiesTest" name="testPropWithDollarSign" time="0.0010" />
  <testcase classname="com.google.javascript.jscomp.CollapsePropertiesTest" name="testPropWithDollarSign2" time="0.0010" />
  <testcase classname="com.google.javascript.jscomp.CollapsePropertiesTest" name="testPropWithDollarSign3" time="0.0010" />
  <testcase classname="com.google.javascript.jscomp.CollapsePropertiesTest" name="testPropWithDollarSign4" time="0.0010" />
  <testcase classname="com.google.javascript.jscomp.CollapsePropertiesTest" name="testPropWithDollarSign5" time="0.0010" />
  <testcase classname="com.google.javascript.jscomp.CollapsePropertiesTest" name="testConstKey" time="0.0010" />
  <testcase classname="com.google.javascript.jscomp.CollapsePropertiesTest" name="testPropertyOnGlobalCtor" time="0.0010" />
  <testcase classname="com.google.javascript.jscomp.CollapsePropertiesTest" name="testPropertyOnGlobalInterface" time="0.0010" />
  <testcase classname="com.google.javascript.jscomp.CollapsePropertiesTest" name="testPropertyOnGlobalFunction" time="0.0010" />
  <testcase classname="com.google.javascript.jscomp.CollapsePropertiesTest" name="testIssue389" time="0.0010" />
  <testcase classname="com.google.javascript.jscomp.CollapsePropertiesTest" name="testAliasedTopLevelName" time="0.0010" />
  <testcase classname="com.google.javascript.jscomp.CollapsePropertiesTest" name="testAliasedTopLevelEnum" time="0.0020" />
  <testcase classname="com.google.javascript.jscomp.CollapsePropertiesTest" name="testAssignFunctionBeforeDefinition" time="0.0010" />
  <testcase classname="com.google.javascript.jscomp.CollapsePropertiesTest" name="testObjectLitBeforeDefinition" time="0.0010" />
  <testcase classname="com.google.javascript.jscomp.CollapsePropertiesTest" name="testTypedef1" time="0.0010" />
  <testcase classname="com.google.javascript.jscomp.CollapsePropertiesTest" name="testTypedef2" time="0.0010" />
  <testcase classname="com.google.javascript.jscomp.CollapsePropertiesTest" name="testDelete1" time="0.0010" />
  <testcase classname="com.google.javascript.jscomp.CollapsePropertiesTest" name="testDelete2" time="0.0010" />
  <testcase classname="com.google.javascript.jscomp.CollapsePropertiesTest" name="testDelete3" time="0.0010" />
  <testcase classname="com.google.javascript.jscomp.CollapsePropertiesTest" name="testDelete4" time="0.0010" />
  <testcase classname="com.google.javascript.jscomp.CollapsePropertiesTest" name="testDelete5" time="0.0010" />
  <testcase classname="com.google.javascript.jscomp.CollapsePropertiesTest" name="testDelete6" time="0.0010" />
  <testcase classname="com.google.javascript.jscomp.CollapsePropertiesTest" name="testDelete7" time="0.0010" />
  <testcase classname="com.google.javascript.jscomp.CollapsePropertiesTest" name="testDelete8" time="0.0010" />
  <testcase classname="com.google.javascript.jscomp.CollapsePropertiesTest" name="testDelete9" time="0.0010" />
  <testcase classname="com.google.javascript.jscomp.CollapsePropertiesTest" name="testDelete10" time="0.0" />
  <testcase classname="com.google.javascript.jscomp.CollapsePropertiesTest" name="testDelete11" time="0.0010" />
  <testcase classname="com.google.javascript.jscomp.CollapsePropertiesTest" name="testPreserveConstructorDoc" time="0.0010" />
  <system-out><![CDATA[]]></system-out>
  <system-err><![CDATA[]]></system-err>
</testsuite>
