<?xml version="1.0" encoding="UTF-8" ?>
<testsuite errors="0" failures="0" hostname="battower" name="com.google.javascript.jscomp.FunctionInjectorTest" tests="131" time="0.056" timestamp="2013-02-28T06:31:59">
  <properties>
[...]
</properties>
  <testcase classname="com.google.javascript.jscomp.FunctionInjectorTest" name="testIsSimpleFunction1" time="0.0" />
  <testcase classname="com.google.javascript.jscomp.FunctionInjectorTest" name="testIsSimpleFunction2" time="0.0" />
  <testcase classname="com.google.javascript.jscomp.FunctionInjectorTest" name="testIsSimpleFunction3" time="0.0" />
  <testcase classname="com.google.javascript.jscomp.FunctionInjectorTest" name="testIsSimpleFunction4" time="0.0" />
  <testcase classname="com.google.javascript.jscomp.FunctionInjectorTest" name="testIsSimpleFunction5" time="0.0" />
  <testcase classname="com.google.javascript.jscomp.FunctionInjectorTest" name="testIsSimpleFunction6" time="0.0010" />
  <testcase classname="com.google.javascript.jscomp.FunctionInjectorTest" name="testIsSimpleFunction7" time="0.0" />
  <testcase classname="com.google.javascript.jscomp.FunctionInjectorTest" name="testCanInlineReferenceToFunction1" time="0.0010" />
  <testcase classname="com.google.javascript.jscomp.FunctionInjectorTest" name="testCanInlineReferenceToFunction2" time="0.0" />
  <testcase classname="com.google.javascript.jscomp.FunctionInjectorTest" name="testCanInlineReferenceToFunction3" time="0.0" />
  <testcase classname="com.google.javascript.jscomp.FunctionInjectorTest" name="testCanInlineReferenceToFunction4" time="0.0" />
  <testcase classname="com.google.javascript.jscomp.FunctionInjectorTest" name="testCanInlineReferenceToFunction5" time="0.0" />
  <testcase classname="com.google.javascript.jscomp.FunctionInjectorTest" name="testCanInlineReferenceToFunction6" time="0.0" />
  <testcase classname="com.google.javascript.jscomp.FunctionInjectorTest" name="testCanInlineReferenceToFunction7" time="0.0" />
  <testcase classname="com.google.javascript.jscomp.FunctionInjectorTest" name="testCanInlineReferenceToFunction8" time="0.0" />
  <testcase classname="com.google.javascript.jscomp.FunctionInjectorTest" name="testCanInlineReferenceToFunction9" time="0.0" />
  <testcase classname="com.google.javascript.jscomp.FunctionInjectorTest" name="testCanInlineReferenceToFunction10" time="0.0" />
  <testcase classname="com.google.javascript.jscomp.FunctionInjectorTest" name="testCanInlineReferenceToFunction11" time="0.0" />
  <testcase classname="com.google.javascript.jscomp.FunctionInjectorTest" name="testCanInlineReferenceToFunction12" time="0.0" />
  <testcase classname="com.google.javascript.jscomp.FunctionInjectorTest" name="testCanInlineReferenceToFunction12b" time="0.0" />
  <testcase classname="com.google.javascript.jscomp.FunctionInjectorTest" name="testCanInlineReferenceToFunction14" time="0.0" />
  <testcase classname="com.google.javascript.jscomp.FunctionInjectorTest" name="testCanInlineReferenceToFunction15" time="0.0" />
  <testcase classname="com.google.javascript.jscomp.FunctionInjectorTest" name="testCanInlineReferenceToFunction16" time="0.0" />
  <testcase classname="com.google.javascript.jscomp.FunctionInjectorTest" name="testCanInlineReferenceToFunction17" time="0.0" />
  <testcase classname="com.google.javascript.jscomp.FunctionInjectorTest" name="testCanInlineReferenceToFunction18" time="0.0" />
  <testcase classname="com.google.javascript.jscomp.FunctionInjectorTest" name="testCanInlineReferenceToFunction19" time="0.0" />
  <testcase classname="com.google.javascript.jscomp.FunctionInjectorTest" name="testCanInlineReferenceToFunction20" time="0.0" />
  <testcase classname="com.google.javascript.jscomp.FunctionInjectorTest" name="testCanInlineReferenceToFunction21" time="0.0" />
  <testcase classname="com.google.javascript.jscomp.FunctionInjectorTest" name="testCanInlineReferenceToFunction22" time="0.0" />
  <testcase classname="com.google.javascript.jscomp.FunctionInjectorTest" name="testCanInlineReferenceToFunction23" time="0.0010" />
  <testcase classname="com.google.javascript.jscomp.FunctionInjectorTest" name="testCanInlineReferenceToFunction24" time="0.0" />
  <testcase classname="com.google.javascript.jscomp.FunctionInjectorTest" name="testCanInlineReferenceToFunction25" time="0.0" />
  <testcase classname="com.google.javascript.jscomp.FunctionInjectorTest" name="testCanInlineReferenceToFunction26" time="0.0" />
  <testcase classname="com.google.javascript.jscomp.FunctionInjectorTest" name="testCanInlineReferenceToFunction27" time="0.0010" />
  <testcase classname="com.google.javascript.jscomp.FunctionInjectorTest" name="testCanInlineReferenceToFunction28" time="0.0" />
  <testcase classname="com.google.javascript.jscomp.FunctionInjectorTest" name="testCanInlineReferenceToFunction29" time="0.0" />
  <testcase classname="com.google.javascript.jscomp.FunctionInjectorTest" name="testCanInlineReferenceToFunction30" time="0.0" />
  <testcase classname="com.google.javascript.jscomp.FunctionInjectorTest" name="testCanInlineReferenceToFunction31" time="0.0" />
  <testcase classname="com.google.javascript.jscomp.FunctionInjectorTest" name="testCanInlineReferenceToFunction32" time="0.0" />
  <testcase classname="com.google.javascript.jscomp.FunctionInjectorTest" name="testCanInlineReferenceToFunction33" time="0.0" />
  <testcase classname="com.google.javascript.jscomp.FunctionInjectorTest" name="testCanInlineReferenceToFunction34" time="0.0010" />
  <testcase classname="com.google.javascript.jscomp.FunctionInjectorTest" name="testCanInlineReferenceToFunction35" time="0.0" />
  <testcase classname="com.google.javascript.jscomp.FunctionInjectorTest" name="testCanInlineReferenceToFunction36" time="0.0" />
  <testcase classname="com.google.javascript.jscomp.FunctionInjectorTest" name="testCanInlineReferenceToFunction37" time="0.0" />
  <testcase classname="com.google.javascript.jscomp.FunctionInjectorTest" name="testCanInlineReferenceToFunction38" time="0.0010" />
  <testcase classname="com.google.javascript.jscomp.FunctionInjectorTest" name="testCanInlineReferenceToFunction39" time="0.0" />
  <testcase classname="com.google.javascript.jscomp.FunctionInjectorTest" name="testCanInlineReferenceToFunction40" time="0.0010" />
  <testcase classname="com.google.javascript.jscomp.FunctionInjectorTest" name="testCanInlineReferenceToFunction41" time="0.0" />
  <testcase classname="com.google.javascript.jscomp.FunctionInjectorTest" name="testCanInlineReferenceToFunction42" time="0.0" />
  <testcase classname="com.google.javascript.jscomp.FunctionInjectorTest" name="testCanInlineReferenceToFunction43" time="0.0010" />
  <testcase classname="com.google.javascript.jscomp.FunctionInjectorTest" name="testCanInlineReferenceToFunction44" time="0.0" />
  <testcase classname="com.google.javascript.jscomp.FunctionInjectorTest" name="testCanInlineReferenceToFunction45" time="0.0" />
  <testcase classname="com.google.javascript.jscomp.FunctionInjectorTest" name="testCanInlineReferenceToFunction46" time="0.0010" />
  <testcase classname="com.google.javascript.jscomp.FunctionInjectorTest" name="testCanInlineReferenceToFunction47" time="0.0" />
  <testcase classname="com.google.javascript.jscomp.FunctionInjectorTest" name="testCanInlineReferenceToFunction48" time="0.0" />
  <testcase classname="com.google.javascript.jscomp.FunctionInjectorTest" name="testCanInlineReferenceToFunction49" time="0.0" />
  <testcase classname="com.google.javascript.jscomp.FunctionInjectorTest" name="testCanInlineReferenceToFunction50" time="0.0010" />
  <testcase classname="com.google.javascript.jscomp.FunctionInjectorTest" name="testCanInlineReferenceToFunction51" time="0.0" />
  <testcase classname="com.google.javascript.jscomp.FunctionInjectorTest" name="testCanInlineReferenceToFunctionInExpression1" time="0.0" />
  <testcase classname="com.google.javascript.jscomp.FunctionInjectorTest" name="testCanInlineReferenceToFunctionInExpression2" time="0.0" />
  <testcase classname="com.google.javascript.jscomp.FunctionInjectorTest" name="testCanInlineReferenceToFunctionInExpression3" time="0.0010" />
  <testcase classname="com.google.javascript.jscomp.FunctionInjectorTest" name="testCanInlineReferenceToFunctionInExpression4" time="0.0" />
  <testcase classname="com.google.javascript.jscomp.FunctionInjectorTest" name="testCanInlineReferenceToFunctionInExpression5" time="0.0" />
  <testcase classname="com.google.javascript.jscomp.FunctionInjectorTest" name="testCanInlineReferenceToFunctionInExpression5a" time="0.0010" />
  <testcase classname="com.google.javascript.jscomp.FunctionInjectorTest" name="testCanInlineReferenceToFunctionInExpression6" time="0.0" />
  <testcase classname="com.google.javascript.jscomp.FunctionInjectorTest" name="testCanInlineReferenceToFunctionInExpression7" time="0.0" />
  <testcase classname="com.google.javascript.jscomp.FunctionInjectorTest" name="testCanInlineReferenceToFunctionInExpression7a" time="0.0010" />
  <testcase classname="com.google.javascript.jscomp.FunctionInjectorTest" name="testCanInlineReferenceToFunctionInExpression8" time="0.0" />
  <testcase classname="com.google.javascript.jscomp.FunctionInjectorTest" name="testCanInlineReferenceToFunctionInExpression9" time="0.0" />
  <testcase classname="com.google.javascript.jscomp.FunctionInjectorTest" name="testCanInlineReferenceToFunctionInExpression10" time="0.0" />
  <testcase classname="com.google.javascript.jscomp.FunctionInjectorTest" name="testCanInlineReferenceToFunctionInExpression10a" time="0.0" />
  <testcase classname="com.google.javascript.jscomp.FunctionInjectorTest" name="testCanInlineReferenceToFunctionInExpression12" time="0.0" />
  <testcase classname="com.google.javascript.jscomp.FunctionInjectorTest" name="testCanInlineReferenceToFunctionInExpression13" time="0.0" />
  <testcase classname="com.google.javascript.jscomp.FunctionInjectorTest" name="testCanInlineReferenceToFunctionInExpression14" time="0.0010" />
  <testcase classname="com.google.javascript.jscomp.FunctionInjectorTest" name="testCanInlineReferenceToFunctionInExpression14a" time="0.0" />
  <testcase classname="com.google.javascript.jscomp.FunctionInjectorTest" name="testCanInlineReferenceToFunctionInExpression18" time="0.0" />
  <testcase classname="com.google.javascript.jscomp.FunctionInjectorTest" name="testCanInlineReferenceToFunctionInExpression19" time="0.0010" />
  <testcase classname="com.google.javascript.jscomp.FunctionInjectorTest" name="testCanInlineReferenceToFunctionInExpression19a" time="0.0" />
  <testcase classname="com.google.javascript.jscomp.FunctionInjectorTest" name="testCanInlineReferenceToFunctionInExpression21" time="0.0" />
  <testcase classname="com.google.javascript.jscomp.FunctionInjectorTest" name="testCanInlineReferenceToFunctionInExpression21a" time="0.0" />
  <testcase classname="com.google.javascript.jscomp.FunctionInjectorTest" name="testCanInlineReferenceToFunctionInExpression22" time="0.0" />
  <testcase classname="com.google.javascript.jscomp.FunctionInjectorTest" name="testCanInlineReferenceToFunctionInExpression22a" time="0.0" />
  <testcase classname="com.google.javascript.jscomp.FunctionInjectorTest" name="testCanInlineReferenceToFunctionInExpression23" time="0.0" />
  <testcase classname="com.google.javascript.jscomp.FunctionInjectorTest" name="testCanInlineReferenceToFunctionInExpression23a" time="0.0010" />
  <testcase classname="com.google.javascript.jscomp.FunctionInjectorTest" name="testCanInlineReferenceToFunctionInLoop1" time="0.0" />
  <testcase classname="com.google.javascript.jscomp.FunctionInjectorTest" name="testCanInlineReferenceToFunctionInLoop2" time="0.0" />
  <testcase classname="com.google.javascript.jscomp.FunctionInjectorTest" name="testInline1" time="0.0010" />
  <testcase classname="com.google.javascript.jscomp.FunctionInjectorTest" name="testInline2" time="0.0010" />
  <testcase classname="com.google.javascript.jscomp.FunctionInjectorTest" name="testInline3" time="0.0" />
  <testcase classname="com.google.javascript.jscomp.FunctionInjectorTest" name="testInline4" time="0.0" />
  <testcase classname="com.google.javascript.jscomp.FunctionInjectorTest" name="testInline5" time="0.0" />
  <testcase classname="com.google.javascript.jscomp.FunctionInjectorTest" name="testInline6" time="0.0010" />
  <testcase classname="com.google.javascript.jscomp.FunctionInjectorTest" name="testInline7" time="0.0" />
  <testcase classname="com.google.javascript.jscomp.FunctionInjectorTest" name="testInline8" time="0.0010" />
  <testcase classname="com.google.javascript.jscomp.FunctionInjectorTest" name="testInline9" time="0.0" />
  <testcase classname="com.google.javascript.jscomp.FunctionInjectorTest" name="testInline10" time="0.0010" />
  <testcase classname="com.google.javascript.jscomp.FunctionInjectorTest" name="testInline11" time="0.0" />
  <testcase classname="com.google.javascript.jscomp.FunctionInjectorTest" name="testInline12" time="0.0010" />
  <testcase classname="com.google.javascript.jscomp.FunctionInjectorTest" name="testInline13" time="0.0010" />
  <testcase classname="com.google.javascript.jscomp.FunctionInjectorTest" name="testInline14" time="0.0" />
  <testcase classname="com.google.javascript.jscomp.FunctionInjectorTest" name="testInline15" time="0.0010" />
  <testcase classname="com.google.javascript.jscomp.FunctionInjectorTest" name="testInline16" time="0.0" />
  <testcase classname="com.google.javascript.jscomp.FunctionInjectorTest" name="testInline17" time="0.0010" />
  <testcase classname="com.google.javascript.jscomp.FunctionInjectorTest" name="testInline18" time="0.0" />
  <testcase classname="com.google.javascript.jscomp.FunctionInjectorTest" name="testInline19" time="0.0010" />
  <testcase classname="com.google.javascript.jscomp.FunctionInjectorTest" name="testInline19b" time="0.0010" />
  <testcase classname="com.google.javascript.jscomp.FunctionInjectorTest" name="testInlineIntoLoop" time="0.0010" />
  <testcase classname="com.google.javascript.jscomp.FunctionInjectorTest" name="testInlineFunctionWithInnerFunction1" time="0.0" />
  <testcase classname="com.google.javascript.jscomp.FunctionInjectorTest" name="testInlineFunctionWithInnerFunction2" time="0.0010" />
  <testcase classname="com.google.javascript.jscomp.FunctionInjectorTest" name="testInlineFunctionWithInnerFunction3" time="0.0" />
  <testcase classname="com.google.javascript.jscomp.FunctionInjectorTest" name="testInlineFunctionWithInnerFunction4" time="0.0010" />
  <testcase classname="com.google.javascript.jscomp.FunctionInjectorTest" name="testInlineFunctionWithInnerFunction5" time="0.0" />
  <testcase classname="com.google.javascript.jscomp.FunctionInjectorTest" name="testInlineReferenceInExpression1" time="0.0010" />
  <testcase classname="com.google.javascript.jscomp.FunctionInjectorTest" name="testInlineReferenceInExpression2" time="0.0010" />
  <testcase classname="com.google.javascript.jscomp.FunctionInjectorTest" name="testInlineReferenceInExpression3" time="0.0" />
  <testcase classname="com.google.javascript.jscomp.FunctionInjectorTest" name="testInlineReferenceInExpression4" time="0.0010" />
  <testcase classname="com.google.javascript.jscomp.FunctionInjectorTest" name="testInlineReferenceInExpression5" time="0.0010" />
  <testcase classname="com.google.javascript.jscomp.FunctionInjectorTest" name="testInlineReferenceInExpression6" time="0.0" />
  <testcase classname="com.google.javascript.jscomp.FunctionInjectorTest" name="testInlineReferenceInExpression7" time="0.0010" />
  <testcase classname="com.google.javascript.jscomp.FunctionInjectorTest" name="testInlineReferenceInExpression8" time="0.0" />
  <testcase classname="com.google.javascript.jscomp.FunctionInjectorTest" name="testInlineReferenceInExpression9" time="0.0" />
  <testcase classname="com.google.javascript.jscomp.FunctionInjectorTest" name="testInlineReferenceInExpression11" time="0.0010" />
  <testcase classname="com.google.javascript.jscomp.FunctionInjectorTest" name="testInlineReferenceInExpression12" time="0.0" />
  <testcase classname="com.google.javascript.jscomp.FunctionInjectorTest" name="testInlineReferenceInExpression13" time="0.0" />
  <testcase classname="com.google.javascript.jscomp.FunctionInjectorTest" name="testInlineReferenceInExpression14" time="0.0010" />
  <testcase classname="com.google.javascript.jscomp.FunctionInjectorTest" name="testInlineReferenceInExpression15" time="0.0010" />
  <testcase classname="com.google.javascript.jscomp.FunctionInjectorTest" name="testInlineReferenceInExpression16" time="0.0" />
  <testcase classname="com.google.javascript.jscomp.FunctionInjectorTest" name="testInlineReferenceInExpression17" time="0.0" />
  <testcase classname="com.google.javascript.jscomp.FunctionInjectorTest" name="testInlineWithinCalls1" time="0.0010" />
  <testcase classname="com.google.javascript.jscomp.FunctionInjectorTest" name="testInlineAssignmentToConstant" time="0.0010" />
  <testcase classname="com.google.javascript.jscomp.FunctionInjectorTest" name="testBug1897706" time="0.0010" />
  <system-out><![CDATA[]]></system-out>
  <system-err><![CDATA[]]></system-err>
</testsuite>
