<?xml version="1.0" encoding="UTF-8" ?>
<testsuite errors="0" failures="0" hostname="battower" name="com.google.javascript.jscomp.CheckRequiresForConstructorsTest" tests="24" time="0.04" timestamp="2013-02-28T06:31:55">
  <properties>
[...]
</properties>
  <testcase classname="com.google.javascript.jscomp.CheckRequiresForConstructorsTest" name="testPassWithNoNewNodes" time="0.0010" />
  <testcase classname="com.google.javascript.jscomp.CheckRequiresForConstructorsTest" name="testPassWithOneNew" time="0.0010" />
  <testcase classname="com.google.javascript.jscomp.CheckRequiresForConstructorsTest" name="testPassWithOneNewOuterClass" time="0.0010" />
  <testcase classname="com.google.javascript.jscomp.CheckRequiresForConstructorsTest" name="testPassWithOneNewOuterClassWithUpperPrefix" time="0.0010" />
  <testcase classname="com.google.javascript.jscomp.CheckRequiresForConstructorsTest" name="testFailWithOneNew" time="0.0010" />
  <testcase classname="com.google.javascript.jscomp.CheckRequiresForConstructorsTest" name="testPassWithTwoNewNodes" time="0.0010" />
  <testcase classname="com.google.javascript.jscomp.CheckRequiresForConstructorsTest" name="testPassWithNestedNewNodes" time="0.0010" />
  <testcase classname="com.google.javascript.jscomp.CheckRequiresForConstructorsTest" name="testFailWithNestedNewNodes" time="0.0010" />
  <testcase classname="com.google.javascript.jscomp.CheckRequiresForConstructorsTest" name="testPassWithLocalFunctions" time="0.0010" />
  <testcase classname="com.google.javascript.jscomp.CheckRequiresForConstructorsTest" name="testPassWithLocalVariables" time="0.0010" />
  <testcase classname="com.google.javascript.jscomp.CheckRequiresForConstructorsTest" name="testFailWithLocalVariableInMoreThanOneFile" time="0.0010" />
  <testcase classname="com.google.javascript.jscomp.CheckRequiresForConstructorsTest" name="testNewNodesMetaTraditionalFunctionForm" time="0.0010" />
  <testcase classname="com.google.javascript.jscomp.CheckRequiresForConstructorsTest" name="testNewNodesMeta" time="0.0010" />
  <testcase classname="com.google.javascript.jscomp.CheckRequiresForConstructorsTest" name="testShouldWarnWhenInstantiatingObjectsDefinedInGlobalScope" time="0.0010" />
  <testcase classname="com.google.javascript.jscomp.CheckRequiresForConstructorsTest" name="testShouldWarnWhenInstantiatingGlobalClassesFromGlobalScope" time="0.0010" />
  <testcase classname="com.google.javascript.jscomp.CheckRequiresForConstructorsTest" name="testIgnoresNativeObject" time="0.0010" />
  <testcase classname="com.google.javascript.jscomp.CheckRequiresForConstructorsTest" name="testNewNodesWithMoreThanOneFile" time="0.0010" />
  <testcase classname="com.google.javascript.jscomp.CheckRequiresForConstructorsTest" name="testPassWithoutWarningsAndMultipleFiles" time="0.0010" />
  <testcase classname="com.google.javascript.jscomp.CheckRequiresForConstructorsTest" name="testFailWithWarningsAndMultipleFiles" time="0.0010" />
  <testcase classname="com.google.javascript.jscomp.CheckRequiresForConstructorsTest" name="testCanStillCallNumberWithoutNewOperator" time="0.0020" />
  <testcase classname="com.google.javascript.jscomp.CheckRequiresForConstructorsTest" name="testRequiresAreCaughtBeforeProcessed" time="0.012" />
  <testcase classname="com.google.javascript.jscomp.CheckRequiresForConstructorsTest" name="testNoWarningsForThisConstructor" time="0.0010" />
  <testcase classname="com.google.javascript.jscomp.CheckRequiresForConstructorsTest" name="testBug2062487" time="0.0020" />
  <testcase classname="com.google.javascript.jscomp.CheckRequiresForConstructorsTest" name="testIgnoreDuplicateWarningsForSingleClasses" time="0.0010" />
  <system-out><![CDATA[]]></system-out>
  <system-err><![CDATA[28-Feb-2013 1:31:55 AM com.google.javascript.jscomp.LoggerErrorManager println
WARNING: foo.js:1: WARNING - 'foo.bar.goo' used but not goog.require'd
var foo = {}; var bar = new foo.bar.goo();
                        ^

28-Feb-2013 1:31:55 AM com.google.javascript.jscomp.LoggerErrorManager printSummary
WARNING: 0 error(s), 1 warning(s)
]]></system-err>
</testsuite>
