<?xml version="1.0" encoding="UTF-8" ?>
<testsuite errors="0" failures="0" hostname="battower" name="com.google.javascript.rhino.jstype.JSTypeTest" tests="143" time="0.316" timestamp="2013-02-28T06:32:09">
  <properties>
[...]
</properties>
  <testcase classname="com.google.javascript.rhino.jstype.JSTypeTest" name="testFunctionType" time="0.0010" />
  <testcase classname="com.google.javascript.rhino.jstype.JSTypeTest" name="testUnknownType" time="0.0" />
  <testcase classname="com.google.javascript.rhino.jstype.JSTypeTest" name="testNullType" time="0.0010" />
  <testcase classname="com.google.javascript.rhino.jstype.JSTypeTest" name="testUniversalConstructorType" time="0.0" />
  <testcase classname="com.google.javascript.rhino.jstype.JSTypeTest" name="testNoObjectType" time="0.0" />
  <testcase classname="com.google.javascript.rhino.jstype.JSTypeTest" name="testNoType" time="0.0" />
  <testcase classname="com.google.javascript.rhino.jstype.JSTypeTest" name="testNoResolvedType" time="0.0" />
  <testcase classname="com.google.javascript.rhino.jstype.JSTypeTest" name="testArrayType" time="0.0010" />
  <testcase classname="com.google.javascript.rhino.jstype.JSTypeTest" name="testCheckedUnknownType" time="0.0" />
  <testcase classname="com.google.javascript.rhino.jstype.JSTypeTest" name="testAllType" time="0.0" />
  <testcase classname="com.google.javascript.rhino.jstype.JSTypeTest" name="testTheObjectType" time="0.0" />
  <testcase classname="com.google.javascript.rhino.jstype.JSTypeTest" name="testNumberObjectType" time="0.0" />
  <testcase classname="com.google.javascript.rhino.jstype.JSTypeTest" name="testNumberValueType" time="0.0" />
  <testcase classname="com.google.javascript.rhino.jstype.JSTypeTest" name="testDateType" time="0.0010" />
  <testcase classname="com.google.javascript.rhino.jstype.JSTypeTest" name="testRegExpType" time="0.0" />
  <testcase classname="com.google.javascript.rhino.jstype.JSTypeTest" name="testStringObjectType" time="0.0010" />
  <testcase classname="com.google.javascript.rhino.jstype.JSTypeTest" name="testStringValueType" time="0.0" />
  <testcase classname="com.google.javascript.rhino.jstype.JSTypeTest" name="testRecordType" time="0.0" />
  <testcase classname="com.google.javascript.rhino.jstype.JSTypeTest" name="testFunctionInstanceType" time="0.0010" />
  <testcase classname="com.google.javascript.rhino.jstype.JSTypeTest" name="testRecordTypeSubtyping" time="0.0" />
  <testcase classname="com.google.javascript.rhino.jstype.JSTypeTest" name="testRecordTypeSubtypingWithInferredProperties" time="0.0" />
  <testcase classname="com.google.javascript.rhino.jstype.JSTypeTest" name="testRecordTypeLeastSuperType1" time="0.0" />
  <testcase classname="com.google.javascript.rhino.jstype.JSTypeTest" name="testRecordTypeLeastSuperType2" time="0.0" />
  <testcase classname="com.google.javascript.rhino.jstype.JSTypeTest" name="testRecordTypeLeastSuperType3" time="0.0" />
  <testcase classname="com.google.javascript.rhino.jstype.JSTypeTest" name="testRecordTypeLeastSuperType4" time="0.0" />
  <testcase classname="com.google.javascript.rhino.jstype.JSTypeTest" name="testRecordTypeGreatestSubType1" time="0.0010" />
  <testcase classname="com.google.javascript.rhino.jstype.JSTypeTest" name="testRecordTypeGreatestSubType2" time="0.0" />
  <testcase classname="com.google.javascript.rhino.jstype.JSTypeTest" name="testRecordTypeGreatestSubType3" time="0.0" />
  <testcase classname="com.google.javascript.rhino.jstype.JSTypeTest" name="testRecordTypeGreatestSubType4" time="0.0010" />
  <testcase classname="com.google.javascript.rhino.jstype.JSTypeTest" name="testRecordTypeGreatestSubType5" time="0.0" />
  <testcase classname="com.google.javascript.rhino.jstype.JSTypeTest" name="testRecordTypeGreatestSubType6" time="0.0" />
  <testcase classname="com.google.javascript.rhino.jstype.JSTypeTest" name="testRecordTypeGreatestSubType7" time="0.0" />
  <testcase classname="com.google.javascript.rhino.jstype.JSTypeTest" name="testRecordTypeGreatestSubType8" time="0.0010" />
  <testcase classname="com.google.javascript.rhino.jstype.JSTypeTest" name="testApplyOfDateMethod" time="0.0" />
  <testcase classname="com.google.javascript.rhino.jstype.JSTypeTest" name="testCallOfDateMethod" time="0.0" />
  <testcase classname="com.google.javascript.rhino.jstype.JSTypeTest" name="testFunctionTypeRepresentation" time="0.0010" />
  <testcase classname="com.google.javascript.rhino.jstype.JSTypeTest" name="testFunctionTypeRelationships" time="0.0030" />
  <testcase classname="com.google.javascript.rhino.jstype.JSTypeTest" name="testProxiedFunctionTypeRelationships" time="0.0" />
  <testcase classname="com.google.javascript.rhino.jstype.JSTypeTest" name="testFunctionSubTypeRelationships" time="0.0040" />
  <testcase classname="com.google.javascript.rhino.jstype.JSTypeTest" name="testFunctionPrototypeAndImplicitPrototype1" time="0.0" />
  <testcase classname="com.google.javascript.rhino.jstype.JSTypeTest" name="testFunctionPrototypeAndImplicitPrototype2" time="0.0" />
  <testcase classname="com.google.javascript.rhino.jstype.JSTypeTest" name="testJSDocOnPrototypeProperty" time="0.0" />
  <testcase classname="com.google.javascript.rhino.jstype.JSTypeTest" name="testVoidType" time="0.0010" />
  <testcase classname="com.google.javascript.rhino.jstype.JSTypeTest" name="testBooleanValueType" time="0.0" />
  <testcase classname="com.google.javascript.rhino.jstype.JSTypeTest" name="testBooleanObjectType" time="0.0010" />
  <testcase classname="com.google.javascript.rhino.jstype.JSTypeTest" name="testEnumType" time="0.0" />
  <testcase classname="com.google.javascript.rhino.jstype.JSTypeTest" name="testEnumElementType" time="0.0010" />
  <testcase classname="com.google.javascript.rhino.jstype.JSTypeTest" name="testStringEnumType" time="0.0010" />
  <testcase classname="com.google.javascript.rhino.jstype.JSTypeTest" name="testStringObjectEnumType" time="0.0" />
  <testcase classname="com.google.javascript.rhino.jstype.JSTypeTest" name="testObjectType" time="0.0" />
  <testcase classname="com.google.javascript.rhino.jstype.JSTypeTest" name="testGoogBar" time="0.0010" />
  <testcase classname="com.google.javascript.rhino.jstype.JSTypeTest" name="testObjectTypePropertiesCount" time="0.0" />
  <testcase classname="com.google.javascript.rhino.jstype.JSTypeTest" name="testDefineProperties" time="0.0010" />
  <testcase classname="com.google.javascript.rhino.jstype.JSTypeTest" name="testObjectTypePropertiesCountWithShadowing" time="0.0" />
  <testcase classname="com.google.javascript.rhino.jstype.JSTypeTest" name="testNamedGoogBar" time="0.0010" />
  <testcase classname="com.google.javascript.rhino.jstype.JSTypeTest" name="testPrototypeChaining" time="0.0" />
  <testcase classname="com.google.javascript.rhino.jstype.JSTypeTest" name="testInstanceFunctionChaining" time="0.0010" />
  <testcase classname="com.google.javascript.rhino.jstype.JSTypeTest" name="testCanTestForEqualityWithCornerCases" time="0.0" />
  <testcase classname="com.google.javascript.rhino.jstype.JSTypeTest" name="testTestForEquality" time="0.0010" />
  <testcase classname="com.google.javascript.rhino.jstype.JSTypeTest" name="testSubtypingSimpleTypes" time="0.0" />
  <testcase classname="com.google.javascript.rhino.jstype.JSTypeTest" name="testSubtypingObjectTopOfObjects" time="0.0" />
  <testcase classname="com.google.javascript.rhino.jstype.JSTypeTest" name="testSubtypingFunctionPrototypeType" time="0.0" />
  <testcase classname="com.google.javascript.rhino.jstype.JSTypeTest" name="testSubtypingFunctionFixedArgs" time="0.0" />
  <testcase classname="com.google.javascript.rhino.jstype.JSTypeTest" name="testSubtypingFunctionMultipleFixedArgs" time="0.0010" />
  <testcase classname="com.google.javascript.rhino.jstype.JSTypeTest" name="testSubtypingFunctionFixedArgsNotMatching" time="0.0" />
  <testcase classname="com.google.javascript.rhino.jstype.JSTypeTest" name="testSubtypingFunctionVariableArgsOneOnly" time="0.0010" />
  <testcase classname="com.google.javascript.rhino.jstype.JSTypeTest" name="testSubtypingFunctionVariableArgsBoth" time="0.0" />
  <testcase classname="com.google.javascript.rhino.jstype.JSTypeTest" name="testSubtypingMostGeneralFunction" time="0.0010" />
  <testcase classname="com.google.javascript.rhino.jstype.JSTypeTest" name="testSymmetryOfTestForEquality" time="0.034" />
  <testcase classname="com.google.javascript.rhino.jstype.JSTypeTest" name="testSymmetryOfLeastSupertype" time="0.063" />
  <testcase classname="com.google.javascript.rhino.jstype.JSTypeTest" name="testWeirdBug" time="0.0010" />
  <testcase classname="com.google.javascript.rhino.jstype.JSTypeTest" name="testSymmetryOfGreatestSubtype" time="0.032" />
  <testcase classname="com.google.javascript.rhino.jstype.JSTypeTest" name="testReflexivityOfLeastSupertype" time="0.0010" />
  <testcase classname="com.google.javascript.rhino.jstype.JSTypeTest" name="testReflexivityOfGreatestSubtype" time="0.0" />
  <testcase classname="com.google.javascript.rhino.jstype.JSTypeTest" name="testLeastSupertypeUnresolvedNamedType" time="0.0" />
  <testcase classname="com.google.javascript.rhino.jstype.JSTypeTest" name="testLeastSupertypeUnresolvedNamedType2" time="0.0010" />
  <testcase classname="com.google.javascript.rhino.jstype.JSTypeTest" name="testLeastSupertypeUnresolvedNamedType3" time="0.0" />
  <testcase classname="com.google.javascript.rhino.jstype.JSTypeTest" name="testSubclassOfUnresolvedNamedType" time="0.0" />
  <testcase classname="com.google.javascript.rhino.jstype.JSTypeTest" name="testSupertypeOfProxiedFunctionTypes" time="0.0010" />
  <testcase classname="com.google.javascript.rhino.jstype.JSTypeTest" name="testTypeOfThisIsProxied" time="0.0" />
  <testcase classname="com.google.javascript.rhino.jstype.JSTypeTest" name="testNamedTypeEquals" time="0.0" />
  <testcase classname="com.google.javascript.rhino.jstype.JSTypeTest" name="testNamedTypeEquals2" time="0.0010" />
  <testcase classname="com.google.javascript.rhino.jstype.JSTypeTest" name="testForwardDeclaredNamedTypeEquals" time="0.0010" />
  <testcase classname="com.google.javascript.rhino.jstype.JSTypeTest" name="testForwardDeclaredNamedType" time="0.0010" />
  <testcase classname="com.google.javascript.rhino.jstype.JSTypeTest" name="testGreatestSubtypeSimpleTypes" time="0.0010" />
  <testcase classname="com.google.javascript.rhino.jstype.JSTypeTest" name="testSubtypingDerivedExtendsNamedBaseType" time="0.0010" />
  <testcase classname="com.google.javascript.rhino.jstype.JSTypeTest" name="testNamedSubtypeChain" time="0.0040" />
  <testcase classname="com.google.javascript.rhino.jstype.JSTypeTest" name="testRecordSubtypeChain" time="0.02" />
  <testcase classname="com.google.javascript.rhino.jstype.JSTypeTest" name="testRecordAndObjectChain2" time="0.0020" />
  <testcase classname="com.google.javascript.rhino.jstype.JSTypeTest" name="testRecordAndObjectChain3" time="0.0030" />
  <testcase classname="com.google.javascript.rhino.jstype.JSTypeTest" name="testNullableNamedTypeChain" time="0.019" />
  <testcase classname="com.google.javascript.rhino.jstype.JSTypeTest" name="testEnumTypeChain" time="0.0020" />
  <testcase classname="com.google.javascript.rhino.jstype.JSTypeTest" name="testFunctionSubtypeChain" time="0.0060" />
  <testcase classname="com.google.javascript.rhino.jstype.JSTypeTest" name="testFunctionUnionSubtypeChain" time="0.0070" />
  <testcase classname="com.google.javascript.rhino.jstype.JSTypeTest" name="testConstructorSubtypeChain" time="0.0020" />
  <testcase classname="com.google.javascript.rhino.jstype.JSTypeTest" name="testGoogBarSubtypeChain" time="0.0020" />
  <testcase classname="com.google.javascript.rhino.jstype.JSTypeTest" name="testConstructorWithArgSubtypeChain" time="0.0010" />
  <testcase classname="com.google.javascript.rhino.jstype.JSTypeTest" name="testInterfaceInstanceSubtypeChain" time="0.0030" />
  <testcase classname="com.google.javascript.rhino.jstype.JSTypeTest" name="testInterfaceInheritanceSubtypeChain" time="0.0020" />
  <testcase classname="com.google.javascript.rhino.jstype.JSTypeTest" name="testAnonymousObjectChain" time="0.0030" />
  <testcase classname="com.google.javascript.rhino.jstype.JSTypeTest" name="testAnonymousEnumElementChain" time="0.0020" />
  <testcase classname="com.google.javascript.rhino.jstype.JSTypeTest" name="testTemplatizedArrayChain" time="0.0030" />
  <testcase classname="com.google.javascript.rhino.jstype.JSTypeTest" name="testTemplatizedArrayChain2" time="0.0020" />
  <testcase classname="com.google.javascript.rhino.jstype.JSTypeTest" name="testTemplatizedObjectChain" time="0.0020" />
  <testcase classname="com.google.javascript.rhino.jstype.JSTypeTest" name="testMixedTemplatizedTypeChain" time="0.0030" />
  <testcase classname="com.google.javascript.rhino.jstype.JSTypeTest" name="testTemplatizedTypeSubtypes" time="0.0010" />
  <testcase classname="com.google.javascript.rhino.jstype.JSTypeTest" name="testTemplatizedTypeRelations" time="0.0" />
  <testcase classname="com.google.javascript.rhino.jstype.JSTypeTest" name="testRestrictedTypeGivenToBoolean" time="0.0" />
  <testcase classname="com.google.javascript.rhino.jstype.JSTypeTest" name="testRegisterProperty" time="0.0020" />
  <testcase classname="com.google.javascript.rhino.jstype.JSTypeTest" name="testRegisterPropertyMemoization" time="0.0010" />
  <testcase classname="com.google.javascript.rhino.jstype.JSTypeTest" name="testGreatestSubtypeWithProperty" time="0.0" />
  <testcase classname="com.google.javascript.rhino.jstype.JSTypeTest" name="testGoodSetPrototypeBasedOn" time="0.0" />
  <testcase classname="com.google.javascript.rhino.jstype.JSTypeTest" name="testLateSetPrototypeBasedOn" time="0.0" />
  <testcase classname="com.google.javascript.rhino.jstype.JSTypeTest" name="testGetTypeUnderEquality1" time="0.0010" />
  <testcase classname="com.google.javascript.rhino.jstype.JSTypeTest" name="testGetTypesUnderEquality2" time="0.0010" />
  <testcase classname="com.google.javascript.rhino.jstype.JSTypeTest" name="testGetTypesUnderEquality3" time="0.0" />
  <testcase classname="com.google.javascript.rhino.jstype.JSTypeTest" name="testGetTypesUnderEquality4" time="0.0" />
  <testcase classname="com.google.javascript.rhino.jstype.JSTypeTest" name="testGetTypesUnderEquality5" time="0.0010" />
  <testcase classname="com.google.javascript.rhino.jstype.JSTypeTest" name="testGetTypesUnderEquality6" time="0.0" />
  <testcase classname="com.google.javascript.rhino.jstype.JSTypeTest" name="testGetTypesUnderInequality1" time="0.0" />
  <testcase classname="com.google.javascript.rhino.jstype.JSTypeTest" name="testGetTypesUnderInequality2" time="0.0010" />
  <testcase classname="com.google.javascript.rhino.jstype.JSTypeTest" name="testGetTypesUnderInequality3" time="0.0" />
  <testcase classname="com.google.javascript.rhino.jstype.JSTypeTest" name="testGetTypesUnderInequality4" time="0.0" />
  <testcase classname="com.google.javascript.rhino.jstype.JSTypeTest" name="testCreateRecordType" time="0.0010" />
  <testcase classname="com.google.javascript.rhino.jstype.JSTypeTest" name="testCreateOptionalType" time="0.0" />
  <testcase classname="com.google.javascript.rhino.jstype.JSTypeTest" name="testCreateAnonymousObjectType" time="0.0" />
  <testcase classname="com.google.javascript.rhino.jstype.JSTypeTest" name="testCreateAnonymousObjectType2" time="0.0" />
  <testcase classname="com.google.javascript.rhino.jstype.JSTypeTest" name="testCreateObjectType" time="0.0" />
  <testcase classname="com.google.javascript.rhino.jstype.JSTypeTest" name="testBug903110" time="0.0" />
  <testcase classname="com.google.javascript.rhino.jstype.JSTypeTest" name="testBug904123" time="0.0" />
  <testcase classname="com.google.javascript.rhino.jstype.JSTypeTest" name="testHasOwnProperty" time="0.0010" />
  <testcase classname="com.google.javascript.rhino.jstype.JSTypeTest" name="testNamedTypeHasOwnProperty" time="0.0" />
  <testcase classname="com.google.javascript.rhino.jstype.JSTypeTest" name="testInterfaceHasOwnProperty" time="0.0" />
  <testcase classname="com.google.javascript.rhino.jstype.JSTypeTest" name="testGetPropertyNames" time="0.0" />
  <testcase classname="com.google.javascript.rhino.jstype.JSTypeTest" name="testGetAndSetJSDocInfoWithNamedType" time="0.0" />
  <testcase classname="com.google.javascript.rhino.jstype.JSTypeTest" name="testGetAndSetJSDocInfoWithObjectTypes" time="0.0" />
  <testcase classname="com.google.javascript.rhino.jstype.JSTypeTest" name="testGetAndSetJSDocInfoWithNoType" time="0.0" />
  <testcase classname="com.google.javascript.rhino.jstype.JSTypeTest" name="testObjectGetSubTypes" time="0.0010" />
  <testcase classname="com.google.javascript.rhino.jstype.JSTypeTest" name="testImplementingType" time="0.0" />
  <testcase classname="com.google.javascript.rhino.jstype.JSTypeTest" name="testIsTemplatedType" time="0.0" />
  <testcase classname="com.google.javascript.rhino.jstype.JSTypeTest" name="testTemplatizedType" time="0.0" />
  <testcase classname="com.google.javascript.rhino.jstype.JSTypeTest" name="testPartiallyTemplatizedType" time="0.0010" />
  <testcase classname="com.google.javascript.rhino.jstype.JSTypeTest" name="testCanCastTo" time="0.0" />
  <system-out><![CDATA[]]></system-out>
  <system-err><![CDATA[]]></system-err>
</testsuite>
