<html xmlns:stringutils="xalan://org.apache.tools.ant.util.StringUtils" xmlns:lxslt="http://xml.apache.org/xslt">
<head>
<META http-equiv="Content-Type" content="text/html; charset=UTF-8">
<title>Unit Test Results: com.google.javascript.jscomp.CheckAccessControlsTest</title>
<link title="Style" type="text/css" rel="stylesheet" href="../../../../stylesheet.css">
<script language="JavaScript" type="text/javascript">
        var TestCases = new Array();
        var cur;
        
    cur = TestCases['com.google.javascript.jscomp.CheckAccessControlsTest'] = new Array();
    
        cur['ant.build.javac.source'] = '1.6';
    
        cur['ant.build.javac.target'] = '1.6';
    
        cur['ant.core.lib'] = '/usr/share/ant/lib/ant.jar';
    
        cur['ant.file'] = '/home/laura/workspace/test-analysis-toolkit/test-subjects/closure/build.xml';
    
        cur['ant.file.compiler'] = '/home/laura/workspace/test-analysis-toolkit/test-subjects/closure/build.xml';
    
        cur['ant.file.type'] = 'file';
    
        cur['ant.file.type.compiler'] = 'file';
    
        cur['ant.home'] = '/usr/share/ant';
    
        cur['ant.java.version'] = '1.6';
    
        cur['ant.library.dir'] = '/usr/share/ant/lib';
    
        cur['ant.project.default-target'] = 'jar';
    
        cur['ant.project.invoked-targets'] = 'test';
    
        cur['ant.project.name'] = 'compiler';
    
        cur['ant.version'] = 'Apache Ant(TM) version 1.8.2 compiled on September 22 2011';
    
        cur['basedir'] = '/home/laura/workspace/test-analysis-toolkit/test-subjects/closure';
    
        cur['build.dir'] = '/home/laura/workspace/test-analysis-toolkit/test-subjects/closure/build';
    
        cur['build.svnVersion'] = 'exported';
    
        cur['buildlib.dir'] = '/home/laura/workspace/test-analysis-toolkit/test-subjects/closure/build/lib';
    
        cur['classes.dir'] = '/home/laura/workspace/test-analysis-toolkit/test-subjects/closure/build/classes';
    
        cur['closure.build.dir'] = '/home/laura/workspace/test-analysis-toolkit/test-subjects/closure/build';
    
        cur['compiler-jarfile'] = '/home/laura/workspace/test-analysis-toolkit/test-subjects/closure/build/compiler.jar';
    
        cur['externs.dir'] = '/home/laura/workspace/test-analysis-toolkit/test-subjects/closure/externs';
    
        cur['file.encoding'] = 'UTF-8';
    
        cur['file.encoding.pkg'] = 'sun.io';
    
        cur['file.separator'] = '/';
    
        cur['gen.dir'] = '/home/laura/workspace/test-analysis-toolkit/test-subjects/closure/gen';
    
        cur['java.awt.graphicsenv'] = 'sun.awt.X11GraphicsEnvironment';
    
        cur['java.awt.printerjob'] = 'sun.print.PSPrinterJob';
    
        cur['java.class.path'] = '/home/laura/workspace/test-analysis-toolkit/test-subjects/closure/build/classes:/home/laura/workspace/test-analysis-toolkit/test-subjects/closure/lib/ant-launcher.jar:/home/laura/workspace/test-analysis-toolkit/test-subjects/closure/lib/ant.jar:/home/laura/workspace/test-analysis-toolkit/test-subjects/closure/lib/args4j.jar:/home/laura/workspace/test-analysis-toolkit/test-subjects/closure/lib/caja-r4314.jar:/home/laura/workspace/test-analysis-toolkit/test-subjects/closure/lib/guava.jar:/home/laura/workspace/test-analysis-toolkit/test-subjects/closure/lib/jarjar.jar:/home/laura/workspace/test-analysis-toolkit/test-subjects/closure/lib/json.jar:/home/laura/workspace/test-analysis-toolkit/test-subjects/closure/lib/jsr305.jar:/home/laura/workspace/test-analysis-toolkit/test-subjects/closure/lib/junit.jar:/home/laura/workspace/test-analysis-toolkit/test-subjects/closure/lib/protobuf-java.jar:/home/laura/workspace/test-analysis-toolkit/test-subjects/closure/build/lib/rhino.jar:/home/laura/workspace/test-analysis-toolkit/test-subjects/closure/build/test:/home/laura/.ant/lib/junit-4.8.1.jar:/usr/share/java/ant-launcher-1.8.2.jar:/usr/share/ant/lib/ant.jar:/usr/share/ant/lib/ant-junit.jar:/usr/share/ant/lib/ant-junit4.jar';
    
        cur['java.class.version'] = '50.0';
    
        cur['java.endorsed.dirs'] = '/usr/lib/jvm/java-6-sun-1.6.0.26/jre/lib/endorsed';
    
        cur['java.ext.dirs'] = '/usr/lib/jvm/java-6-sun-1.6.0.26/jre/lib/ext:/usr/java/packages/lib/ext';
    
        cur['java.home'] = '/usr/lib/jvm/java-6-sun-1.6.0.26/jre';
    
        cur['java.io.tmpdir'] = '/tmp';
    
        cur['java.library.path'] = '/usr/lib/jvm/java-6-sun-1.6.0.26/jre/lib/amd64/server:/usr/lib/jvm/java-6-sun-1.6.0.26/jre/lib/amd64:/usr/lib/jvm/java-6-sun-1.6.0.26/jre/../lib/amd64:/usr/java/packages/lib/amd64:/usr/lib64:/lib64:/lib:/usr/lib';
    
        cur['java.runtime.name'] = 'Java(TM) SE Runtime Environment';
    
        cur['java.runtime.version'] = '1.6.0_26-b03';
    
        cur['java.specification.name'] = 'Java Platform API Specification';
    
        cur['java.specification.vendor'] = 'Sun Microsystems Inc.';
    
        cur['java.specification.version'] = '1.6';
    
        cur['java.vendor'] = 'Sun Microsystems Inc.';
    
        cur['java.vendor.url'] = 'http://java.sun.com/';
    
        cur['java.vendor.url.bug'] = 'http://java.sun.com/cgi-bin/bugreport.cgi';
    
        cur['java.version'] = '1.6.0_26';
    
        cur['java.vm.info'] = 'mixed mode';
    
        cur['java.vm.name'] = 'Java HotSpot(TM) 64-Bit Server VM';
    
        cur['java.vm.specification.name'] = 'Java Virtual Machine Specification';
    
        cur['java.vm.specification.vendor'] = 'Sun Microsystems Inc.';
    
        cur['java.vm.specification.version'] = '1.0';
    
        cur['java.vm.vendor'] = 'Sun Microsystems Inc.';
    
        cur['java.vm.version'] = '20.1-b02';
    
        cur['javac.debug'] = 'on';
    
        cur['javadoc.dir'] = '/home/laura/workspace/test-analysis-toolkit/test-subjects/closure/build/javadoc';
    
        cur['jsonml.dir'] = '/home/laura/workspace/test-analysis-toolkit/test-subjects/closure/src/com/google/javascript/jscomp/jsonml';
    
        cur['jsonml-classes.dir'] = '/home/laura/workspace/test-analysis-toolkit/test-subjects/closure/build/jsonml-classes';
    
        cur['jsonml-jarfile'] = '/home/laura/workspace/test-analysis-toolkit/test-subjects/closure/build/secure_compiler.jar';
    
        cur['lib.dir'] = '/home/laura/workspace/test-analysis-toolkit/test-subjects/closure/lib';
    
        cur['line.separator'] = '
';
    
        cur['maven-repository-id'] = 'sonatype-nexus-staging';
    
        cur['maven-repository-url'] = 'https://oss.sonatype.org/service/local/staging/deploy/maven2/';
    
        cur['num-fuzz-tests'] = '10000';
    
        cur['os.arch'] = 'amd64';
    
        cur['os.name'] = 'Linux';
    
        cur['os.version'] = '3.2.0-4-amd64';
    
        cur['path.separator'] = ':';
    
        cur['protoc.executable'] = 'protoc';
    
        cur['src.dir'] = '/home/laura/workspace/test-analysis-toolkit/test-subjects/closure/src';
    
        cur['sun.arch.data.model'] = '64';
    
        cur['sun.boot.class.path'] = '/usr/lib/jvm/java-6-sun-1.6.0.26/jre/lib/resources.jar:/usr/lib/jvm/java-6-sun-1.6.0.26/jre/lib/rt.jar:/usr/lib/jvm/java-6-sun-1.6.0.26/jre/lib/sunrsasign.jar:/usr/lib/jvm/java-6-sun-1.6.0.26/jre/lib/jsse.jar:/usr/lib/jvm/java-6-sun-1.6.0.26/jre/lib/jce.jar:/usr/lib/jvm/java-6-sun-1.6.0.26/jre/lib/charsets.jar:/usr/lib/jvm/java-6-sun-1.6.0.26/jre/lib/modules/jdk.boot.jar:/usr/lib/jvm/java-6-sun-1.6.0.26/jre/classes';
    
        cur['sun.boot.library.path'] = '/usr/lib/jvm/java-6-sun-1.6.0.26/jre/lib/amd64';
    
        cur['sun.cpu.endian'] = 'little';
    
        cur['sun.cpu.isalist'] = '';
    
        cur['sun.io.unicode.encoding'] = 'UnicodeLittle';
    
        cur['sun.java.command'] = 'org.apache.tools.ant.taskdefs.optional.junit.JUnitTestRunner testsfile=/home/laura/workspace/test-analysis-toolkit/test-subjects/closure/junittestcases7907414127225220977.properties filtertrace=true haltOnError=false haltOnFailure=false formatter=org.apache.tools.ant.taskdefs.optional.junit.SummaryJUnitResultFormatter showoutput=true outputtoformatters=true logfailedtests=true logtestlistenerevents=false formatter=org.apache.tools.ant.taskdefs.optional.junit.BriefJUnitResultFormatter formatter=org.apache.tools.ant.taskdefs.optional.junit.XMLJUnitResultFormatter,/home/laura/workspace/test-analysis-toolkit/test-subjects/closure/build/testoutput/IGNORETHIS.xml crashfile=/home/laura/workspace/test-analysis-toolkit/test-subjects/closure/junitvmwatcher3991492321278074197.properties propsfile=/home/laura/workspace/test-analysis-toolkit/test-subjects/closure/junit4979492318036784971.properties';
    
        cur['sun.java.launcher'] = 'SUN_STANDARD';
    
        cur['sun.jnu.encoding'] = 'UTF-8';
    
        cur['sun.management.compiler'] = 'HotSpot 64-Bit Tiered Compilers';
    
        cur['sun.os.patch.level'] = 'unknown';
    
        cur['test.class'] = '*Test';
    
        cur['test.dir'] = '/home/laura/workspace/test-analysis-toolkit/test-subjects/closure/test';
    
        cur['test.fork'] = 'true';
    
        cur['testClasses.dir'] = '/home/laura/workspace/test-analysis-toolkit/test-subjects/closure/build/test';
    
        cur['tools.dir'] = '/home/laura/workspace/test-analysis-toolkit/test-subjects/closure/tools';
    
        cur['user.country'] = 'CA';
    
        cur['user.dir'] = '/home/laura/workspace/test-analysis-toolkit/test-subjects/closure';
    
        cur['user.home'] = '/home/laura';
    
        cur['user.language'] = 'en';
    
        cur['user.name'] = 'laura';
    
        cur['user.timezone'] = '';
    
        cur['webservice.dir'] = '/home/laura/workspace/test-analysis-toolkit/test-subjects/closure/src/com/google/javascript/jscomp/webservice';
    
        cur['webservice-classes.dir'] = '/home/laura/workspace/test-analysis-toolkit/test-subjects/closure/build/webservice-classes';
    
        cur['webservice-jarfile'] = '/home/laura/workspace/test-analysis-toolkit/test-subjects/closure/build/webservice.jar';
    </script><script language="JavaScript" type="text/javascript">
        function displayProperties (name) {
          var win = window.open('','JUnitSystemProperties','scrollbars=1,resizable=1');
          var doc = win.document;
          doc.open();
          doc.write("<html><head><title>Properties of " + name + "</title>");
          doc.write("<style type=\"text/css\">");
          doc.write("body {font:normal 68% verdana,arial,helvetica; color:#000000; }");
          doc.write("table tr td, table tr th { font-size: 68%; }");
          doc.write("table.properties { border-collapse:collapse; border-left:solid 1 #cccccc; border-top:solid 1 #cccccc; padding:5px; }");
          doc.write("table.properties th { text-align:left; border-right:solid 1 #cccccc; border-bottom:solid 1 #cccccc; background-color:#eeeeee; }");
          doc.write("table.properties td { font:normal; text-align:left; border-right:solid 1 #cccccc; border-bottom:solid 1 #cccccc; background-color:#fffffff; }");
          doc.write("h3 { margin-bottom: 0.5em; font: bold 115% verdana,arial,helvetica }");
          doc.write("</style>");
          doc.write("</head><body>");
          doc.write("<h3>Properties of " + name + "</h3>");
          doc.write("<div align=\"right\"><a href=\"javascript:window.close();\">Close</a></div>");
          doc.write("<table class='properties'>");
          doc.write("<tr><th>Name</th><th>Value</th></tr>");
          for (prop in TestCases[name]) {
            doc.write("<tr><th>" + prop + "</th><td>" + TestCases[name][prop] + "</td></tr>");
          }
          doc.write("</table>");
          doc.write("</body></html>");
          doc.close();
          win.focus();
        }
      
      </script>
</head>
<body>
<h1>Unit Test Results.</h1>
<table width="100%">
<tr>
<td align="left"></td><td align="right">Designed for use with <a href="http://www.junit.org/">JUnit</a> and <a href="http://ant.apache.org/">Ant</a>.</td>
</tr>
</table>
<hr size="1">
<h3>Class com.google.javascript.jscomp.CheckAccessControlsTest</h3>
<table width="95%" cellspacing="2" cellpadding="5" border="0" class="details">
<tr valign="top">
<th width="80%">Name</th><th>Tests</th><th>Errors</th><th>Failures</th><th nowrap>Time(s)</th><th nowrap>Time Stamp</th><th>Host</th>
</tr>
<tr valign="top" class="Error">
<td><a href="18_CheckAccessControlsTest.html" title="Display all tests">CheckAccessControlsTest</a></td><td><a href="18_CheckAccessControlsTest.html" title="Display all tests">86</a></td><td><a href="18_CheckAccessControlsTest-errors.html" title="Display only errors">84</a></td><td>0</td><td>0.115</td><td>2013-02-19T20:48:25</td><td>battower</td>
</tr>
</table>
<h2>Errors</h2>
<table width="95%" cellspacing="2" cellpadding="5" border="0" class="details">
<tr valign="top">
<th>Name</th><th>Status</th><th width="80%">Type</th><th nowrap>Time(s)</th>
</tr>
<tr valign="top" class="Error">
<td><a name="testDeprecatedFunction"></a>testDeprecatedFunction</td><td>Error</td><td>INTERNAL COMPILER ERROR.
Please report this problem.
null
  Node(FUNCTION f): testcode:1:20
/** @deprecated  */ function f() {} function g() { f(); }
  Parent(SCRIPT): testcode:1:0
/** @deprecated  */ function f() {} function g() { f(); }
<br>
<br>
<code>java.lang.RuntimeException: INTERNAL COMPILER ERROR.<br>Please report this problem.<br>null<br>  Node(FUNCTION f): testcode:1:20<br>/** @deprecated  */ function f() {} function g() { f(); }<br>  Parent(SCRIPT): testcode:1:0<br>/** @deprecated  */ function f() {} function g() { f(); }<br>
<br>	at com.google.javascript.jscomp.CheckAccessControls.checkFinalClassOverrides(CheckAccessControls.java:368)<br>	at com.google.javascript.jscomp.CheckAccessControls.visit(CheckAccessControls.java:240)<br>	at com.google.javascript.jscomp.NodeTraversal.traverseBranch(NodeTraversal.java:505)<br>	at com.google.javascript.jscomp.NodeTraversal.traverseBranch(NodeTraversal.java:498)<br>	at com.google.javascript.jscomp.NodeTraversal.traverseBranch(NodeTraversal.java:498)<br>	at com.google.javascript.jscomp.NodeTraversal.traverse(NodeTraversal.java:277)<br>	at com.google.javascript.jscomp.NodeTraversal.traverse(NodeTraversal.java:456)<br>	at com.google.javascript.jscomp.CheckAccessControls.process(CheckAccessControls.java:130)<br>	at com.google.javascript.jscomp.CompilerTestCase.test(CompilerTestCase.java:804)<br>	at com.google.javascript.jscomp.CompilerTestCase.test(CompilerTestCase.java:447)<br>	at com.google.javascript.jscomp.CompilerTestCase.test(CompilerTestCase.java:373)<br>	at com.google.javascript.jscomp.CompilerTestCase.test(CompilerTestCase.java:342)<br>	at com.google.javascript.jscomp.CheckAccessControlsTest.testDep(CheckAccessControlsTest.java:79)<br>	at com.google.javascript.jscomp.CheckAccessControlsTest.testDeprecatedFunction(CheckAccessControlsTest.java:86)<br>Caused by: java.lang.NullPointerException<br>
</code></td><td>0.003</td>
</tr>
<tr valign="top" class="Error">
<td><a name="testWarningOnDeprecatedConstVariable"></a>testWarningOnDeprecatedConstVariable</td><td>Error</td><td>INTERNAL COMPILER ERROR.
Please report this problem.
null
  Node(FUNCTION g): testcode:1:31
/** @deprecated  */ var f = 4; function g() { alert(f); }
  Parent(SCRIPT): testcode:1:0
/** @deprecated  */ var f = 4; function g() { alert(f); }
<br>
<br>
<code>java.lang.RuntimeException: INTERNAL COMPILER ERROR.<br>Please report this problem.<br>null<br>  Node(FUNCTION g): testcode:1:31<br>/** @deprecated  */ var f = 4; function g() { alert(f); }<br>  Parent(SCRIPT): testcode:1:0<br>/** @deprecated  */ var f = 4; function g() { alert(f); }<br>
<br>	at com.google.javascript.jscomp.CheckAccessControls.checkFinalClassOverrides(CheckAccessControls.java:368)<br>	at com.google.javascript.jscomp.CheckAccessControls.visit(CheckAccessControls.java:240)<br>	at com.google.javascript.jscomp.NodeTraversal.traverseBranch(NodeTraversal.java:505)<br>	at com.google.javascript.jscomp.NodeTraversal.traverseBranch(NodeTraversal.java:498)<br>	at com.google.javascript.jscomp.NodeTraversal.traverseBranch(NodeTraversal.java:498)<br>	at com.google.javascript.jscomp.NodeTraversal.traverse(NodeTraversal.java:277)<br>	at com.google.javascript.jscomp.NodeTraversal.traverse(NodeTraversal.java:456)<br>	at com.google.javascript.jscomp.CheckAccessControls.process(CheckAccessControls.java:130)<br>	at com.google.javascript.jscomp.CompilerTestCase.test(CompilerTestCase.java:804)<br>	at com.google.javascript.jscomp.CompilerTestCase.test(CompilerTestCase.java:447)<br>	at com.google.javascript.jscomp.CompilerTestCase.test(CompilerTestCase.java:373)<br>	at com.google.javascript.jscomp.CompilerTestCase.test(CompilerTestCase.java:342)<br>	at com.google.javascript.jscomp.CheckAccessControlsTest.testDep(CheckAccessControlsTest.java:79)<br>	at com.google.javascript.jscomp.CheckAccessControlsTest.testWarningOnDeprecatedConstVariable(CheckAccessControlsTest.java:92)<br>Caused by: java.lang.NullPointerException<br>
</code></td><td>0.001</td>
</tr>
<tr valign="top" class="Error">
<td><a name="testThatNumbersArentDeprecated"></a>testThatNumbersArentDeprecated</td><td>Error</td><td>INTERNAL COMPILER ERROR.
Please report this problem.
null
  Node(FUNCTION g): testcode:1:41
/** @deprecated */ var f = 4; var h = 3; function g() { alert(h); }
  Parent(SCRIPT): testcode:1:0
/** @deprecated */ var f = 4; var h = 3; function g() { alert(h); }
<br>
<br>
<code>java.lang.RuntimeException: INTERNAL COMPILER ERROR.<br>Please report this problem.<br>null<br>  Node(FUNCTION g): testcode:1:41<br>/** @deprecated */ var f = 4; var h = 3; function g() { alert(h); }<br>  Parent(SCRIPT): testcode:1:0<br>/** @deprecated */ var f = 4; var h = 3; function g() { alert(h); }<br>
<br>	at com.google.javascript.jscomp.CheckAccessControls.checkFinalClassOverrides(CheckAccessControls.java:368)<br>	at com.google.javascript.jscomp.CheckAccessControls.visit(CheckAccessControls.java:240)<br>	at com.google.javascript.jscomp.NodeTraversal.traverseBranch(NodeTraversal.java:505)<br>	at com.google.javascript.jscomp.NodeTraversal.traverseBranch(NodeTraversal.java:498)<br>	at com.google.javascript.jscomp.NodeTraversal.traverseBranch(NodeTraversal.java:498)<br>	at com.google.javascript.jscomp.NodeTraversal.traverse(NodeTraversal.java:277)<br>	at com.google.javascript.jscomp.NodeTraversal.traverse(NodeTraversal.java:456)<br>	at com.google.javascript.jscomp.CheckAccessControls.process(CheckAccessControls.java:130)<br>	at com.google.javascript.jscomp.CompilerTestCase.test(CompilerTestCase.java:804)<br>	at com.google.javascript.jscomp.CompilerTestCase.test(CompilerTestCase.java:447)<br>	at com.google.javascript.jscomp.CompilerTestCase.test(CompilerTestCase.java:373)<br>	at com.google.javascript.jscomp.CompilerTestCase.test(CompilerTestCase.java:342)<br>	at com.google.javascript.jscomp.CompilerTestCase.test(CompilerTestCase.java:330)<br>	at com.google.javascript.jscomp.CompilerTestCase.testSame(CompilerTestCase.java:569)<br>	at com.google.javascript.jscomp.CheckAccessControlsTest.testThatNumbersArentDeprecated(CheckAccessControlsTest.java:98)<br>Caused by: java.lang.NullPointerException<br>
</code></td><td>0.001</td>
</tr>
<tr valign="top" class="Error">
<td><a name="testDeprecatedFunctionVariable"></a>testDeprecatedFunctionVariable</td><td>Error</td><td>INTERNAL COMPILER ERROR.
Please report this problem.
null
  Node(FUNCTION ): testcode:1:28
/** @deprecated  */ var f = function() {}; function g() { f(); }
  Parent(NAME f): testcode:1:24
/** @deprecated  */ var f = function() {}; function g() { f(); }
<br>
<br>
<code>java.lang.RuntimeException: INTERNAL COMPILER ERROR.<br>Please report this problem.<br>null<br>  Node(FUNCTION ): testcode:1:28<br>/** @deprecated  */ var f = function() {}; function g() { f(); }<br>  Parent(NAME f): testcode:1:24<br>/** @deprecated  */ var f = function() {}; function g() { f(); }<br>
<br>	at com.google.javascript.jscomp.CheckAccessControls.checkFinalClassOverrides(CheckAccessControls.java:368)<br>	at com.google.javascript.jscomp.CheckAccessControls.visit(CheckAccessControls.java:240)<br>	at com.google.javascript.jscomp.NodeTraversal.traverseBranch(NodeTraversal.java:505)<br>	at com.google.javascript.jscomp.NodeTraversal.traverseBranch(NodeTraversal.java:498)<br>	at com.google.javascript.jscomp.NodeTraversal.traverseBranch(NodeTraversal.java:498)<br>	at com.google.javascript.jscomp.NodeTraversal.traverseBranch(NodeTraversal.java:498)<br>	at com.google.javascript.jscomp.NodeTraversal.traverseBranch(NodeTraversal.java:498)<br>	at com.google.javascript.jscomp.NodeTraversal.traverse(NodeTraversal.java:277)<br>	at com.google.javascript.jscomp.NodeTraversal.traverse(NodeTraversal.java:456)<br>	at com.google.javascript.jscomp.CheckAccessControls.process(CheckAccessControls.java:130)<br>	at com.google.javascript.jscomp.CompilerTestCase.test(CompilerTestCase.java:804)<br>	at com.google.javascript.jscomp.CompilerTestCase.test(CompilerTestCase.java:447)<br>	at com.google.javascript.jscomp.CompilerTestCase.test(CompilerTestCase.java:373)<br>	at com.google.javascript.jscomp.CompilerTestCase.test(CompilerTestCase.java:342)<br>	at com.google.javascript.jscomp.CheckAccessControlsTest.testDep(CheckAccessControlsTest.java:79)<br>	at com.google.javascript.jscomp.CheckAccessControlsTest.testDeprecatedFunctionVariable(CheckAccessControlsTest.java:103)<br>Caused by: java.lang.NullPointerException<br>
</code></td><td>0.002</td>
</tr>
<tr valign="top" class="Error">
<td><a name="testNoWarningInGlobalScope"></a>testNoWarningInGlobalScope</td><td>Error</td><td>INTERNAL COMPILER ERROR.
Please report this problem.
null
  Node(FUNCTION ): testcode:1:36
var goog = {}; goog.makeSingleton = function(x) {};/** @deprecated */ function f() {} goog.makeSingleton(f);
  Parent(ASSIGN): testcode:1:15
var goog = {}; goog.makeSingleton = function(x) {};/** @deprecated */ function f() {} goog.makeSingleton(f);
<br>
<br>
<code>java.lang.RuntimeException: INTERNAL COMPILER ERROR.<br>Please report this problem.<br>null<br>  Node(FUNCTION ): testcode:1:36<br>var goog = {}; goog.makeSingleton = function(x) {};/** @deprecated */ function f() {} goog.makeSingleton(f);<br>  Parent(ASSIGN): testcode:1:15<br>var goog = {}; goog.makeSingleton = function(x) {};/** @deprecated */ function f() {} goog.makeSingleton(f);<br>
<br>	at com.google.javascript.jscomp.CheckAccessControls.checkFinalClassOverrides(CheckAccessControls.java:368)<br>	at com.google.javascript.jscomp.CheckAccessControls.visit(CheckAccessControls.java:240)<br>	at com.google.javascript.jscomp.NodeTraversal.traverseBranch(NodeTraversal.java:505)<br>	at com.google.javascript.jscomp.NodeTraversal.traverseBranch(NodeTraversal.java:498)<br>	at com.google.javascript.jscomp.NodeTraversal.traverseBranch(NodeTraversal.java:498)<br>	at com.google.javascript.jscomp.NodeTraversal.traverseBranch(NodeTraversal.java:498)<br>	at com.google.javascript.jscomp.NodeTraversal.traverseBranch(NodeTraversal.java:498)<br>	at com.google.javascript.jscomp.NodeTraversal.traverse(NodeTraversal.java:277)<br>	at com.google.javascript.jscomp.NodeTraversal.traverse(NodeTraversal.java:456)<br>	at com.google.javascript.jscomp.CheckAccessControls.process(CheckAccessControls.java:130)<br>	at com.google.javascript.jscomp.CompilerTestCase.test(CompilerTestCase.java:804)<br>	at com.google.javascript.jscomp.CompilerTestCase.test(CompilerTestCase.java:447)<br>	at com.google.javascript.jscomp.CompilerTestCase.test(CompilerTestCase.java:373)<br>	at com.google.javascript.jscomp.CompilerTestCase.test(CompilerTestCase.java:342)<br>	at com.google.javascript.jscomp.CompilerTestCase.test(CompilerTestCase.java:330)<br>	at com.google.javascript.jscomp.CompilerTestCase.testSame(CompilerTestCase.java:569)<br>	at com.google.javascript.jscomp.CheckAccessControlsTest.testNoWarningInGlobalScope(CheckAccessControlsTest.java:109)<br>Caused by: java.lang.NullPointerException<br>
</code></td><td>0.001</td>
</tr>
<tr valign="top" class="Error">
<td><a name="testNoWarningInGlobalScopeForCall"></a>testNoWarningInGlobalScopeForCall</td><td>Error</td><td>INTERNAL COMPILER ERROR.
Please report this problem.
null
  Node(FUNCTION f): testcode:1:20
/** @deprecated  */ function f() {} f();
  Parent(SCRIPT): testcode:1:0
/** @deprecated  */ function f() {} f();
<br>
<br>
<code>java.lang.RuntimeException: INTERNAL COMPILER ERROR.<br>Please report this problem.<br>null<br>  Node(FUNCTION f): testcode:1:20<br>/** @deprecated  */ function f() {} f();<br>  Parent(SCRIPT): testcode:1:0<br>/** @deprecated  */ function f() {} f();<br>
<br>	at com.google.javascript.jscomp.CheckAccessControls.checkFinalClassOverrides(CheckAccessControls.java:368)<br>	at com.google.javascript.jscomp.CheckAccessControls.visit(CheckAccessControls.java:240)<br>	at com.google.javascript.jscomp.NodeTraversal.traverseBranch(NodeTraversal.java:505)<br>	at com.google.javascript.jscomp.NodeTraversal.traverseBranch(NodeTraversal.java:498)<br>	at com.google.javascript.jscomp.NodeTraversal.traverseBranch(NodeTraversal.java:498)<br>	at com.google.javascript.jscomp.NodeTraversal.traverse(NodeTraversal.java:277)<br>	at com.google.javascript.jscomp.NodeTraversal.traverse(NodeTraversal.java:456)<br>	at com.google.javascript.jscomp.CheckAccessControls.process(CheckAccessControls.java:130)<br>	at com.google.javascript.jscomp.CompilerTestCase.test(CompilerTestCase.java:804)<br>	at com.google.javascript.jscomp.CompilerTestCase.test(CompilerTestCase.java:447)<br>	at com.google.javascript.jscomp.CompilerTestCase.test(CompilerTestCase.java:373)<br>	at com.google.javascript.jscomp.CompilerTestCase.test(CompilerTestCase.java:342)<br>	at com.google.javascript.jscomp.CheckAccessControlsTest.testDep(CheckAccessControlsTest.java:79)<br>	at com.google.javascript.jscomp.CheckAccessControlsTest.testNoWarningInGlobalScopeForCall(CheckAccessControlsTest.java:114)<br>Caused by: java.lang.NullPointerException<br>
</code></td><td>0.002</td>
</tr>
<tr valign="top" class="Error">
<td><a name="testNoWarningInDeprecatedFunction"></a>testNoWarningInDeprecatedFunction</td><td>Error</td><td>INTERNAL COMPILER ERROR.
Please report this problem.
null
  Node(FUNCTION f): testcode:1:19
/** @deprecated */ function f() {} /** @deprecated */ function g() { f(); }
  Parent(SCRIPT): testcode:1:0
/** @deprecated */ function f() {} /** @deprecated */ function g() { f(); }
<br>
<br>
<code>java.lang.RuntimeException: INTERNAL COMPILER ERROR.<br>Please report this problem.<br>null<br>  Node(FUNCTION f): testcode:1:19<br>/** @deprecated */ function f() {} /** @deprecated */ function g() { f(); }<br>  Parent(SCRIPT): testcode:1:0<br>/** @deprecated */ function f() {} /** @deprecated */ function g() { f(); }<br>
<br>	at com.google.javascript.jscomp.CheckAccessControls.checkFinalClassOverrides(CheckAccessControls.java:368)<br>	at com.google.javascript.jscomp.CheckAccessControls.visit(CheckAccessControls.java:240)<br>	at com.google.javascript.jscomp.NodeTraversal.traverseBranch(NodeTraversal.java:505)<br>	at com.google.javascript.jscomp.NodeTraversal.traverseBranch(NodeTraversal.java:498)<br>	at com.google.javascript.jscomp.NodeTraversal.traverseBranch(NodeTraversal.java:498)<br>	at com.google.javascript.jscomp.NodeTraversal.traverse(NodeTraversal.java:277)<br>	at com.google.javascript.jscomp.NodeTraversal.traverse(NodeTraversal.java:456)<br>	at com.google.javascript.jscomp.CheckAccessControls.process(CheckAccessControls.java:130)<br>	at com.google.javascript.jscomp.CompilerTestCase.test(CompilerTestCase.java:804)<br>	at com.google.javascript.jscomp.CompilerTestCase.test(CompilerTestCase.java:447)<br>	at com.google.javascript.jscomp.CompilerTestCase.test(CompilerTestCase.java:373)<br>	at com.google.javascript.jscomp.CompilerTestCase.test(CompilerTestCase.java:342)<br>	at com.google.javascript.jscomp.CompilerTestCase.test(CompilerTestCase.java:330)<br>	at com.google.javascript.jscomp.CompilerTestCase.testSame(CompilerTestCase.java:569)<br>	at com.google.javascript.jscomp.CheckAccessControlsTest.testNoWarningInDeprecatedFunction(CheckAccessControlsTest.java:119)<br>Caused by: java.lang.NullPointerException<br>
</code></td><td>0.001</td>
</tr>
<tr valign="top" class="Error">
<td><a name="testWarningInNormalClass"></a>testWarningInNormalClass</td><td>Error</td><td>INTERNAL COMPILER ERROR.
Please report this problem.
null
  Node(FUNCTION f): testcode:1:20
/** @deprecated  */ function f() {}/** @constructor */  var Foo = function() {}; Foo.prototype.bar = function() { f(); }
  Parent(SCRIPT): testcode:1:0
/** @deprecated  */ function f() {}/** @constructor */  var Foo = function() {}; Foo.prototype.bar = function() { f(); }
<br>
<br>
<code>java.lang.RuntimeException: INTERNAL COMPILER ERROR.<br>Please report this problem.<br>null<br>  Node(FUNCTION f): testcode:1:20<br>/** @deprecated  */ function f() {}/** @constructor */  var Foo = function() {}; Foo.prototype.bar = function() { f(); }<br>  Parent(SCRIPT): testcode:1:0<br>/** @deprecated  */ function f() {}/** @constructor */  var Foo = function() {}; Foo.prototype.bar = function() { f(); }<br>
<br>	at com.google.javascript.jscomp.CheckAccessControls.checkFinalClassOverrides(CheckAccessControls.java:368)<br>	at com.google.javascript.jscomp.CheckAccessControls.visit(CheckAccessControls.java:240)<br>	at com.google.javascript.jscomp.NodeTraversal.traverseBranch(NodeTraversal.java:505)<br>	at com.google.javascript.jscomp.NodeTraversal.traverseBranch(NodeTraversal.java:498)<br>	at com.google.javascript.jscomp.NodeTraversal.traverseBranch(NodeTraversal.java:498)<br>	at com.google.javascript.jscomp.NodeTraversal.traverse(NodeTraversal.java:277)<br>	at com.google.javascript.jscomp.NodeTraversal.traverse(NodeTraversal.java:456)<br>	at com.google.javascript.jscomp.CheckAccessControls.process(CheckAccessControls.java:130)<br>	at com.google.javascript.jscomp.CompilerTestCase.test(CompilerTestCase.java:804)<br>	at com.google.javascript.jscomp.CompilerTestCase.test(CompilerTestCase.java:447)<br>	at com.google.javascript.jscomp.CompilerTestCase.test(CompilerTestCase.java:373)<br>	at com.google.javascript.jscomp.CompilerTestCase.test(CompilerTestCase.java:342)<br>	at com.google.javascript.jscomp.CheckAccessControlsTest.testDep(CheckAccessControlsTest.java:79)<br>	at com.google.javascript.jscomp.CheckAccessControlsTest.testWarningInNormalClass(CheckAccessControlsTest.java:124)<br>Caused by: java.lang.NullPointerException<br>
</code></td><td>0.002</td>
</tr>
<tr valign="top" class="Error">
<td><a name="testWarningForProperty1"></a>testWarningForProperty1</td><td>Error</td><td>INTERNAL COMPILER ERROR.
Please report this problem.
null
  Node(FUNCTION Foo): testcode:1:20
/** @constructor */ function Foo() {}/** @deprecated  */ Foo.prototype.bar = 3;Foo.prototype.baz = function() { alert((new Foo()).bar); };
  Parent(SCRIPT): testcode:1:0
/** @constructor */ function Foo() {}/** @deprecated  */ Foo.prototype.bar = 3;Foo.prototype.baz = function() { alert((new Foo()).bar); };
<br>
<br>
<code>java.lang.RuntimeException: INTERNAL COMPILER ERROR.<br>Please report this problem.<br>null<br>  Node(FUNCTION Foo): testcode:1:20<br>/** @constructor */ function Foo() {}/** @deprecated  */ Foo.prototype.bar = 3;Foo.prototype.baz = function() { alert((new Foo()).bar); };<br>  Parent(SCRIPT): testcode:1:0<br>/** @constructor */ function Foo() {}/** @deprecated  */ Foo.prototype.bar = 3;Foo.prototype.baz = function() { alert((new Foo()).bar); };<br>
<br>	at com.google.javascript.jscomp.CheckAccessControls.checkFinalClassOverrides(CheckAccessControls.java:368)<br>	at com.google.javascript.jscomp.CheckAccessControls.visit(CheckAccessControls.java:240)<br>	at com.google.javascript.jscomp.NodeTraversal.traverseBranch(NodeTraversal.java:505)<br>	at com.google.javascript.jscomp.NodeTraversal.traverseBranch(NodeTraversal.java:498)<br>	at com.google.javascript.jscomp.NodeTraversal.traverseBranch(NodeTraversal.java:498)<br>	at com.google.javascript.jscomp.NodeTraversal.traverse(NodeTraversal.java:277)<br>	at com.google.javascript.jscomp.NodeTraversal.traverse(NodeTraversal.java:456)<br>	at com.google.javascript.jscomp.CheckAccessControls.process(CheckAccessControls.java:130)<br>	at com.google.javascript.jscomp.CompilerTestCase.test(CompilerTestCase.java:804)<br>	at com.google.javascript.jscomp.CompilerTestCase.test(CompilerTestCase.java:447)<br>	at com.google.javascript.jscomp.CompilerTestCase.test(CompilerTestCase.java:373)<br>	at com.google.javascript.jscomp.CompilerTestCase.test(CompilerTestCase.java:342)<br>	at com.google.javascript.jscomp.CheckAccessControlsTest.testDep(CheckAccessControlsTest.java:79)<br>	at com.google.javascript.jscomp.CheckAccessControlsTest.testWarningForProperty1(CheckAccessControlsTest.java:131)<br>Caused by: java.lang.NullPointerException<br>
</code></td><td>0.001</td>
</tr>
<tr valign="top" class="Error">
<td><a name="testWarningForProperty2"></a>testWarningForProperty2</td><td>Error</td><td>INTERNAL COMPILER ERROR.
Please report this problem.
null
  Node(FUNCTION Foo): testcode:1:20
/** @constructor */ function Foo() {}/** @deprecated  */ Foo.prototype.bar = 3;Foo.prototype.baz = function() { alert(this.bar); };
  Parent(SCRIPT): testcode:1:0
/** @constructor */ function Foo() {}/** @deprecated  */ Foo.prototype.bar = 3;Foo.prototype.baz = function() { alert(this.bar); };
<br>
<br>
<code>java.lang.RuntimeException: INTERNAL COMPILER ERROR.<br>Please report this problem.<br>null<br>  Node(FUNCTION Foo): testcode:1:20<br>/** @constructor */ function Foo() {}/** @deprecated  */ Foo.prototype.bar = 3;Foo.prototype.baz = function() { alert(this.bar); };<br>  Parent(SCRIPT): testcode:1:0<br>/** @constructor */ function Foo() {}/** @deprecated  */ Foo.prototype.bar = 3;Foo.prototype.baz = function() { alert(this.bar); };<br>
<br>	at com.google.javascript.jscomp.CheckAccessControls.checkFinalClassOverrides(CheckAccessControls.java:368)<br>	at com.google.javascript.jscomp.CheckAccessControls.visit(CheckAccessControls.java:240)<br>	at com.google.javascript.jscomp.NodeTraversal.traverseBranch(NodeTraversal.java:505)<br>	at com.google.javascript.jscomp.NodeTraversal.traverseBranch(NodeTraversal.java:498)<br>	at com.google.javascript.jscomp.NodeTraversal.traverseBranch(NodeTraversal.java:498)<br>	at com.google.javascript.jscomp.NodeTraversal.traverse(NodeTraversal.java:277)<br>	at com.google.javascript.jscomp.NodeTraversal.traverse(NodeTraversal.java:456)<br>	at com.google.javascript.jscomp.CheckAccessControls.process(CheckAccessControls.java:130)<br>	at com.google.javascript.jscomp.CompilerTestCase.test(CompilerTestCase.java:804)<br>	at com.google.javascript.jscomp.CompilerTestCase.test(CompilerTestCase.java:447)<br>	at com.google.javascript.jscomp.CompilerTestCase.test(CompilerTestCase.java:373)<br>	at com.google.javascript.jscomp.CompilerTestCase.test(CompilerTestCase.java:342)<br>	at com.google.javascript.jscomp.CheckAccessControlsTest.testDep(CheckAccessControlsTest.java:79)<br>	at com.google.javascript.jscomp.CheckAccessControlsTest.testWarningForProperty2(CheckAccessControlsTest.java:139)<br>Caused by: java.lang.NullPointerException<br>
</code></td><td>0.002</td>
</tr>
<tr valign="top" class="Error">
<td><a name="testWarningForDeprecatedClass"></a>testWarningForDeprecatedClass</td><td>Error</td><td>INTERNAL COMPILER ERROR.
Please report this problem.
null
  Node(FUNCTION Foo): testcode:2:18
* @deprecated  */ function Foo() {} function f() { new Foo(); }
  Parent(SCRIPT): testcode:1:0
/** @constructor 
<br>
<br>
<code>java.lang.RuntimeException: INTERNAL COMPILER ERROR.<br>Please report this problem.<br>null<br>  Node(FUNCTION Foo): testcode:2:18<br>* @deprecated  */ function Foo() {} function f() { new Foo(); }<br>  Parent(SCRIPT): testcode:1:0<br>/** @constructor <br>
<br>	at com.google.javascript.jscomp.CheckAccessControls.checkFinalClassOverrides(CheckAccessControls.java:368)<br>	at com.google.javascript.jscomp.CheckAccessControls.visit(CheckAccessControls.java:240)<br>	at com.google.javascript.jscomp.NodeTraversal.traverseBranch(NodeTraversal.java:505)<br>	at com.google.javascript.jscomp.NodeTraversal.traverseBranch(NodeTraversal.java:498)<br>	at com.google.javascript.jscomp.NodeTraversal.traverseBranch(NodeTraversal.java:498)<br>	at com.google.javascript.jscomp.NodeTraversal.traverse(NodeTraversal.java:277)<br>	at com.google.javascript.jscomp.NodeTraversal.traverse(NodeTraversal.java:456)<br>	at com.google.javascript.jscomp.CheckAccessControls.process(CheckAccessControls.java:130)<br>	at com.google.javascript.jscomp.CompilerTestCase.test(CompilerTestCase.java:804)<br>	at com.google.javascript.jscomp.CompilerTestCase.test(CompilerTestCase.java:447)<br>	at com.google.javascript.jscomp.CompilerTestCase.test(CompilerTestCase.java:373)<br>	at com.google.javascript.jscomp.CompilerTestCase.test(CompilerTestCase.java:342)<br>	at com.google.javascript.jscomp.CheckAccessControlsTest.testDep(CheckAccessControlsTest.java:79)<br>	at com.google.javascript.jscomp.CheckAccessControlsTest.testWarningForDeprecatedClass(CheckAccessControlsTest.java:148)<br>Caused by: java.lang.NullPointerException<br>
</code></td><td>0.001</td>
</tr>
<tr valign="top" class="Error">
<td><a name="testNoWarningForDeprecatedClassInstance"></a>testNoWarningForDeprecatedClassInstance</td><td>Error</td><td>INTERNAL COMPILER ERROR.
Please report this problem.
null
  Node(FUNCTION Foo): testcode:2:18
 * @deprecated */ function Foo() {} /** @param {Foo} x */ function f(x) { return x; }
  Parent(SCRIPT): testcode:1:0
/** @constructor 
<br>
<br>
<code>java.lang.RuntimeException: INTERNAL COMPILER ERROR.<br>Please report this problem.<br>null<br>  Node(FUNCTION Foo): testcode:2:18<br> * @deprecated */ function Foo() {} /** @param {Foo} x */ function f(x) { return x; }<br>  Parent(SCRIPT): testcode:1:0<br>/** @constructor <br>
<br>	at com.google.javascript.jscomp.CheckAccessControls.checkFinalClassOverrides(CheckAccessControls.java:368)<br>	at com.google.javascript.jscomp.CheckAccessControls.visit(CheckAccessControls.java:240)<br>	at com.google.javascript.jscomp.NodeTraversal.traverseBranch(NodeTraversal.java:505)<br>	at com.google.javascript.jscomp.NodeTraversal.traverseBranch(NodeTraversal.java:498)<br>	at com.google.javascript.jscomp.NodeTraversal.traverseBranch(NodeTraversal.java:498)<br>	at com.google.javascript.jscomp.NodeTraversal.traverse(NodeTraversal.java:277)<br>	at com.google.javascript.jscomp.NodeTraversal.traverse(NodeTraversal.java:456)<br>	at com.google.javascript.jscomp.CheckAccessControls.process(CheckAccessControls.java:130)<br>	at com.google.javascript.jscomp.CompilerTestCase.test(CompilerTestCase.java:804)<br>	at com.google.javascript.jscomp.CompilerTestCase.test(CompilerTestCase.java:447)<br>	at com.google.javascript.jscomp.CompilerTestCase.test(CompilerTestCase.java:373)<br>	at com.google.javascript.jscomp.CompilerTestCase.test(CompilerTestCase.java:342)<br>	at com.google.javascript.jscomp.CompilerTestCase.test(CompilerTestCase.java:330)<br>	at com.google.javascript.jscomp.CompilerTestCase.testSame(CompilerTestCase.java:569)<br>	at com.google.javascript.jscomp.CheckAccessControlsTest.testNoWarningForDeprecatedClassInstance(CheckAccessControlsTest.java:156)<br>Caused by: java.lang.NullPointerException<br>
</code></td><td>0.001</td>
</tr>
<tr valign="top" class="Error">
<td><a name="testWarningForDeprecatedSuperClass"></a>testWarningForDeprecatedSuperClass</td><td>Error</td><td>INTERNAL COMPILER ERROR.
Please report this problem.
null
  Node(FUNCTION Foo): testcode:2:19
 * @deprecated  */ function Foo() {} /** @constructor 
  Parent(SCRIPT): testcode:1:0
/** @constructor 
<br>
<br>
<code>java.lang.RuntimeException: INTERNAL COMPILER ERROR.<br>Please report this problem.<br>null<br>  Node(FUNCTION Foo): testcode:2:19<br> * @deprecated  */ function Foo() {} /** @constructor <br>  Parent(SCRIPT): testcode:1:0<br>/** @constructor <br>
<br>	at com.google.javascript.jscomp.CheckAccessControls.checkFinalClassOverrides(CheckAccessControls.java:368)<br>	at com.google.javascript.jscomp.CheckAccessControls.visit(CheckAccessControls.java:240)<br>	at com.google.javascript.jscomp.NodeTraversal.traverseBranch(NodeTraversal.java:505)<br>	at com.google.javascript.jscomp.NodeTraversal.traverseBranch(NodeTraversal.java:498)<br>	at com.google.javascript.jscomp.NodeTraversal.traverseBranch(NodeTraversal.java:498)<br>	at com.google.javascript.jscomp.NodeTraversal.traverse(NodeTraversal.java:277)<br>	at com.google.javascript.jscomp.NodeTraversal.traverse(NodeTraversal.java:456)<br>	at com.google.javascript.jscomp.CheckAccessControls.process(CheckAccessControls.java:130)<br>	at com.google.javascript.jscomp.CompilerTestCase.test(CompilerTestCase.java:804)<br>	at com.google.javascript.jscomp.CompilerTestCase.test(CompilerTestCase.java:447)<br>	at com.google.javascript.jscomp.CompilerTestCase.test(CompilerTestCase.java:373)<br>	at com.google.javascript.jscomp.CompilerTestCase.test(CompilerTestCase.java:342)<br>	at com.google.javascript.jscomp.CheckAccessControlsTest.testDep(CheckAccessControlsTest.java:79)<br>	at com.google.javascript.jscomp.CheckAccessControlsTest.testWarningForDeprecatedSuperClass(CheckAccessControlsTest.java:161)<br>Caused by: java.lang.NullPointerException<br>
</code></td><td>0.002</td>
</tr>
<tr valign="top" class="Error">
<td><a name="testWarningForDeprecatedSuperClass2"></a>testWarningForDeprecatedSuperClass2</td><td>Error</td><td>INTERNAL COMPILER ERROR.
Please report this problem.
null
  Node(FUNCTION Foo): testcode:2:19
 * @deprecated  */ function Foo() {} var namespace = {}; /** @constructor 
  Parent(SCRIPT): testcode:1:0
/** @constructor 
<br>
<br>
<code>java.lang.RuntimeException: INTERNAL COMPILER ERROR.<br>Please report this problem.<br>null<br>  Node(FUNCTION Foo): testcode:2:19<br> * @deprecated  */ function Foo() {} var namespace = {}; /** @constructor <br>  Parent(SCRIPT): testcode:1:0<br>/** @constructor <br>
<br>	at com.google.javascript.jscomp.CheckAccessControls.checkFinalClassOverrides(CheckAccessControls.java:368)<br>	at com.google.javascript.jscomp.CheckAccessControls.visit(CheckAccessControls.java:240)<br>	at com.google.javascript.jscomp.NodeTraversal.traverseBranch(NodeTraversal.java:505)<br>	at com.google.javascript.jscomp.NodeTraversal.traverseBranch(NodeTraversal.java:498)<br>	at com.google.javascript.jscomp.NodeTraversal.traverseBranch(NodeTraversal.java:498)<br>	at com.google.javascript.jscomp.NodeTraversal.traverse(NodeTraversal.java:277)<br>	at com.google.javascript.jscomp.NodeTraversal.traverse(NodeTraversal.java:456)<br>	at com.google.javascript.jscomp.CheckAccessControls.process(CheckAccessControls.java:130)<br>	at com.google.javascript.jscomp.CompilerTestCase.test(CompilerTestCase.java:804)<br>	at com.google.javascript.jscomp.CompilerTestCase.test(CompilerTestCase.java:447)<br>	at com.google.javascript.jscomp.CompilerTestCase.test(CompilerTestCase.java:373)<br>	at com.google.javascript.jscomp.CompilerTestCase.test(CompilerTestCase.java:342)<br>	at com.google.javascript.jscomp.CheckAccessControlsTest.testDep(CheckAccessControlsTest.java:79)<br>	at com.google.javascript.jscomp.CheckAccessControlsTest.testWarningForDeprecatedSuperClass2(CheckAccessControlsTest.java:170)<br>Caused by: java.lang.NullPointerException<br>
</code></td><td>0.001</td>
</tr>
<tr valign="top" class="Error">
<td><a name="testWarningForPrototypeProperty"></a>testWarningForPrototypeProperty</td><td>Error</td><td>INTERNAL COMPILER ERROR.
Please report this problem.
null
  Node(FUNCTION Foo): testcode:1:20
/** @constructor */ function Foo() {}/** @deprecated  */ Foo.prototype.bar = 3;Foo.prototype.baz = function() { alert(Foo.prototype.bar); };
  Parent(SCRIPT): testcode:1:0
/** @constructor */ function Foo() {}/** @deprecated  */ Foo.prototype.bar = 3;Foo.prototype.baz = function() { alert(Foo.prototype.bar); };
<br>
<br>
<code>java.lang.RuntimeException: INTERNAL COMPILER ERROR.<br>Please report this problem.<br>null<br>  Node(FUNCTION Foo): testcode:1:20<br>/** @constructor */ function Foo() {}/** @deprecated  */ Foo.prototype.bar = 3;Foo.prototype.baz = function() { alert(Foo.prototype.bar); };<br>  Parent(SCRIPT): testcode:1:0<br>/** @constructor */ function Foo() {}/** @deprecated  */ Foo.prototype.bar = 3;Foo.prototype.baz = function() { alert(Foo.prototype.bar); };<br>
<br>	at com.google.javascript.jscomp.CheckAccessControls.checkFinalClassOverrides(CheckAccessControls.java:368)<br>	at com.google.javascript.jscomp.CheckAccessControls.visit(CheckAccessControls.java:240)<br>	at com.google.javascript.jscomp.NodeTraversal.traverseBranch(NodeTraversal.java:505)<br>	at com.google.javascript.jscomp.NodeTraversal.traverseBranch(NodeTraversal.java:498)<br>	at com.google.javascript.jscomp.NodeTraversal.traverseBranch(NodeTraversal.java:498)<br>	at com.google.javascript.jscomp.NodeTraversal.traverse(NodeTraversal.java:277)<br>	at com.google.javascript.jscomp.NodeTraversal.traverse(NodeTraversal.java:456)<br>	at com.google.javascript.jscomp.CheckAccessControls.process(CheckAccessControls.java:130)<br>	at com.google.javascript.jscomp.CompilerTestCase.test(CompilerTestCase.java:804)<br>	at com.google.javascript.jscomp.CompilerTestCase.test(CompilerTestCase.java:447)<br>	at com.google.javascript.jscomp.CompilerTestCase.test(CompilerTestCase.java:373)<br>	at com.google.javascript.jscomp.CompilerTestCase.test(CompilerTestCase.java:342)<br>	at com.google.javascript.jscomp.CheckAccessControlsTest.testDep(CheckAccessControlsTest.java:79)<br>	at com.google.javascript.jscomp.CheckAccessControlsTest.testWarningForPrototypeProperty(CheckAccessControlsTest.java:181)<br>Caused by: java.lang.NullPointerException<br>
</code></td><td>0.001</td>
</tr>
<tr valign="top" class="Error">
<td><a name="testNoWarningForNumbers"></a>testNoWarningForNumbers</td><td>Error</td><td>INTERNAL COMPILER ERROR.
Please report this problem.
null
  Node(FUNCTION Foo): testcode:1:20
/** @constructor */ function Foo() {}/** @deprecated */ Foo.prototype.bar = 3;Foo.prototype.baz = function() { alert(3); };
  Parent(SCRIPT): testcode:1:0
/** @constructor */ function Foo() {}/** @deprecated */ Foo.prototype.bar = 3;Foo.prototype.baz = function() { alert(3); };
<br>
<br>
<code>java.lang.RuntimeException: INTERNAL COMPILER ERROR.<br>Please report this problem.<br>null<br>  Node(FUNCTION Foo): testcode:1:20<br>/** @constructor */ function Foo() {}/** @deprecated */ Foo.prototype.bar = 3;Foo.prototype.baz = function() { alert(3); };<br>  Parent(SCRIPT): testcode:1:0<br>/** @constructor */ function Foo() {}/** @deprecated */ Foo.prototype.bar = 3;Foo.prototype.baz = function() { alert(3); };<br>
<br>	at com.google.javascript.jscomp.CheckAccessControls.checkFinalClassOverrides(CheckAccessControls.java:368)<br>	at com.google.javascript.jscomp.CheckAccessControls.visit(CheckAccessControls.java:240)<br>	at com.google.javascript.jscomp.NodeTraversal.traverseBranch(NodeTraversal.java:505)<br>	at com.google.javascript.jscomp.NodeTraversal.traverseBranch(NodeTraversal.java:498)<br>	at com.google.javascript.jscomp.NodeTraversal.traverseBranch(NodeTraversal.java:498)<br>	at com.google.javascript.jscomp.NodeTraversal.traverse(NodeTraversal.java:277)<br>	at com.google.javascript.jscomp.NodeTraversal.traverse(NodeTraversal.java:456)<br>	at com.google.javascript.jscomp.CheckAccessControls.process(CheckAccessControls.java:130)<br>	at com.google.javascript.jscomp.CompilerTestCase.test(CompilerTestCase.java:804)<br>	at com.google.javascript.jscomp.CompilerTestCase.test(CompilerTestCase.java:447)<br>	at com.google.javascript.jscomp.CompilerTestCase.test(CompilerTestCase.java:373)<br>	at com.google.javascript.jscomp.CompilerTestCase.test(CompilerTestCase.java:342)<br>	at com.google.javascript.jscomp.CompilerTestCase.test(CompilerTestCase.java:330)<br>	at com.google.javascript.jscomp.CompilerTestCase.testSame(CompilerTestCase.java:569)<br>	at com.google.javascript.jscomp.CheckAccessControlsTest.testNoWarningForNumbers(CheckAccessControlsTest.java:190)<br>Caused by: java.lang.NullPointerException<br>
</code></td><td>0.002</td>
</tr>
<tr valign="top" class="Error">
<td><a name="testWarningForMethod1"></a>testWarningForMethod1</td><td>Error</td><td>INTERNAL COMPILER ERROR.
Please report this problem.
null
  Node(FUNCTION Foo): testcode:1:20
/** @constructor */ function Foo() {}/** @deprecated  */ Foo.prototype.bar = function() {};Foo.prototype.baz = function() { this.bar(); };
  Parent(SCRIPT): testcode:1:0
/** @constructor */ function Foo() {}/** @deprecated  */ Foo.prototype.bar = function() {};Foo.prototype.baz = function() { this.bar(); };
<br>
<br>
<code>java.lang.RuntimeException: INTERNAL COMPILER ERROR.<br>Please report this problem.<br>null<br>  Node(FUNCTION Foo): testcode:1:20<br>/** @constructor */ function Foo() {}/** @deprecated  */ Foo.prototype.bar = function() {};Foo.prototype.baz = function() { this.bar(); };<br>  Parent(SCRIPT): testcode:1:0<br>/** @constructor */ function Foo() {}/** @deprecated  */ Foo.prototype.bar = function() {};Foo.prototype.baz = function() { this.bar(); };<br>
<br>	at com.google.javascript.jscomp.CheckAccessControls.checkFinalClassOverrides(CheckAccessControls.java:368)<br>	at com.google.javascript.jscomp.CheckAccessControls.visit(CheckAccessControls.java:240)<br>	at com.google.javascript.jscomp.NodeTraversal.traverseBranch(NodeTraversal.java:505)<br>	at com.google.javascript.jscomp.NodeTraversal.traverseBranch(NodeTraversal.java:498)<br>	at com.google.javascript.jscomp.NodeTraversal.traverseBranch(NodeTraversal.java:498)<br>	at com.google.javascript.jscomp.NodeTraversal.traverse(NodeTraversal.java:277)<br>	at com.google.javascript.jscomp.NodeTraversal.traverse(NodeTraversal.java:456)<br>	at com.google.javascript.jscomp.CheckAccessControls.process(CheckAccessControls.java:130)<br>	at com.google.javascript.jscomp.CompilerTestCase.test(CompilerTestCase.java:804)<br>	at com.google.javascript.jscomp.CompilerTestCase.test(CompilerTestCase.java:447)<br>	at com.google.javascript.jscomp.CompilerTestCase.test(CompilerTestCase.java:373)<br>	at com.google.javascript.jscomp.CompilerTestCase.test(CompilerTestCase.java:342)<br>	at com.google.javascript.jscomp.CheckAccessControlsTest.testDep(CheckAccessControlsTest.java:79)<br>	at com.google.javascript.jscomp.CheckAccessControlsTest.testWarningForMethod1(CheckAccessControlsTest.java:196)<br>Caused by: java.lang.NullPointerException<br>
</code></td><td>0.001</td>
</tr>
<tr valign="top" class="Error">
<td><a name="testWarningForMethod2"></a>testWarningForMethod2</td><td>Error</td><td>INTERNAL COMPILER ERROR.
Please report this problem.
null
  Node(FUNCTION Foo): testcode:1:20
/** @constructor */ function Foo() {} /** @deprecated  */ Foo.prototype.bar; Foo.prototype.baz = function() { this.bar(); };
  Parent(SCRIPT): testcode:1:0
/** @constructor */ function Foo() {} /** @deprecated  */ Foo.prototype.bar; Foo.prototype.baz = function() { this.bar(); };
<br>
<br>
<code>java.lang.RuntimeException: INTERNAL COMPILER ERROR.<br>Please report this problem.<br>null<br>  Node(FUNCTION Foo): testcode:1:20<br>/** @constructor */ function Foo() {} /** @deprecated  */ Foo.prototype.bar; Foo.prototype.baz = function() { this.bar(); };<br>  Parent(SCRIPT): testcode:1:0<br>/** @constructor */ function Foo() {} /** @deprecated  */ Foo.prototype.bar; Foo.prototype.baz = function() { this.bar(); };<br>
<br>	at com.google.javascript.jscomp.CheckAccessControls.checkFinalClassOverrides(CheckAccessControls.java:368)<br>	at com.google.javascript.jscomp.CheckAccessControls.visit(CheckAccessControls.java:240)<br>	at com.google.javascript.jscomp.NodeTraversal.traverseBranch(NodeTraversal.java:505)<br>	at com.google.javascript.jscomp.NodeTraversal.traverseBranch(NodeTraversal.java:498)<br>	at com.google.javascript.jscomp.NodeTraversal.traverseBranch(NodeTraversal.java:498)<br>	at com.google.javascript.jscomp.NodeTraversal.traverse(NodeTraversal.java:277)<br>	at com.google.javascript.jscomp.NodeTraversal.traverse(NodeTraversal.java:456)<br>	at com.google.javascript.jscomp.CheckAccessControls.process(CheckAccessControls.java:130)<br>	at com.google.javascript.jscomp.CompilerTestCase.test(CompilerTestCase.java:804)<br>	at com.google.javascript.jscomp.CompilerTestCase.test(CompilerTestCase.java:447)<br>	at com.google.javascript.jscomp.CompilerTestCase.test(CompilerTestCase.java:373)<br>	at com.google.javascript.jscomp.CompilerTestCase.test(CompilerTestCase.java:342)<br>	at com.google.javascript.jscomp.CheckAccessControlsTest.testDep(CheckAccessControlsTest.java:79)<br>	at com.google.javascript.jscomp.CheckAccessControlsTest.testWarningForMethod2(CheckAccessControlsTest.java:205)<br>Caused by: java.lang.NullPointerException<br>
</code></td><td>0.001</td>
</tr>
<tr valign="top" class="Error">
<td><a name="testNoWarningInDeprecatedClass"></a>testNoWarningInDeprecatedClass</td><td>Error</td><td>INTERNAL COMPILER ERROR.
Please report this problem.
null
  Node(FUNCTION f): testcode:1:19
/** @deprecated */ function f() {} /** @constructor 
  Parent(SCRIPT): testcode:1:0
/** @deprecated */ function f() {} /** @constructor 
<br>
<br>
<code>java.lang.RuntimeException: INTERNAL COMPILER ERROR.<br>Please report this problem.<br>null<br>  Node(FUNCTION f): testcode:1:19<br>/** @deprecated */ function f() {} /** @constructor <br>  Parent(SCRIPT): testcode:1:0<br>/** @deprecated */ function f() {} /** @constructor <br>
<br>	at com.google.javascript.jscomp.CheckAccessControls.checkFinalClassOverrides(CheckAccessControls.java:368)<br>	at com.google.javascript.jscomp.CheckAccessControls.visit(CheckAccessControls.java:240)<br>	at com.google.javascript.jscomp.NodeTraversal.traverseBranch(NodeTraversal.java:505)<br>	at com.google.javascript.jscomp.NodeTraversal.traverseBranch(NodeTraversal.java:498)<br>	at com.google.javascript.jscomp.NodeTraversal.traverseBranch(NodeTraversal.java:498)<br>	at com.google.javascript.jscomp.NodeTraversal.traverse(NodeTraversal.java:277)<br>	at com.google.javascript.jscomp.NodeTraversal.traverse(NodeTraversal.java:456)<br>	at com.google.javascript.jscomp.CheckAccessControls.process(CheckAccessControls.java:130)<br>	at com.google.javascript.jscomp.CompilerTestCase.test(CompilerTestCase.java:804)<br>	at com.google.javascript.jscomp.CompilerTestCase.test(CompilerTestCase.java:447)<br>	at com.google.javascript.jscomp.CompilerTestCase.test(CompilerTestCase.java:373)<br>	at com.google.javascript.jscomp.CompilerTestCase.test(CompilerTestCase.java:342)<br>	at com.google.javascript.jscomp.CompilerTestCase.test(CompilerTestCase.java:330)<br>	at com.google.javascript.jscomp.CompilerTestCase.testSame(CompilerTestCase.java:569)<br>	at com.google.javascript.jscomp.CheckAccessControlsTest.testNoWarningInDeprecatedClass(CheckAccessControlsTest.java:214)<br>Caused by: java.lang.NullPointerException<br>
</code></td><td>0.002</td>
</tr>
<tr valign="top" class="Error">
<td><a name="testNoWarningInDeprecatedClass2"></a>testNoWarningInDeprecatedClass2</td><td>Error</td><td>INTERNAL COMPILER ERROR.
Please report this problem.
null
  Node(FUNCTION f): testcode:1:19
/** @deprecated */ function f() {} /** @constructor 
  Parent(SCRIPT): testcode:1:0
/** @deprecated */ function f() {} /** @constructor 
<br>
<br>
<code>java.lang.RuntimeException: INTERNAL COMPILER ERROR.<br>Please report this problem.<br>null<br>  Node(FUNCTION f): testcode:1:19<br>/** @deprecated */ function f() {} /** @constructor <br>  Parent(SCRIPT): testcode:1:0<br>/** @deprecated */ function f() {} /** @constructor <br>
<br>	at com.google.javascript.jscomp.CheckAccessControls.checkFinalClassOverrides(CheckAccessControls.java:368)<br>	at com.google.javascript.jscomp.CheckAccessControls.visit(CheckAccessControls.java:240)<br>	at com.google.javascript.jscomp.NodeTraversal.traverseBranch(NodeTraversal.java:505)<br>	at com.google.javascript.jscomp.NodeTraversal.traverseBranch(NodeTraversal.java:498)<br>	at com.google.javascript.jscomp.NodeTraversal.traverseBranch(NodeTraversal.java:498)<br>	at com.google.javascript.jscomp.NodeTraversal.traverse(NodeTraversal.java:277)<br>	at com.google.javascript.jscomp.NodeTraversal.traverse(NodeTraversal.java:456)<br>	at com.google.javascript.jscomp.CheckAccessControls.process(CheckAccessControls.java:130)<br>	at com.google.javascript.jscomp.CompilerTestCase.test(CompilerTestCase.java:804)<br>	at com.google.javascript.jscomp.CompilerTestCase.test(CompilerTestCase.java:447)<br>	at com.google.javascript.jscomp.CompilerTestCase.test(CompilerTestCase.java:373)<br>	at com.google.javascript.jscomp.CompilerTestCase.test(CompilerTestCase.java:342)<br>	at com.google.javascript.jscomp.CompilerTestCase.test(CompilerTestCase.java:330)<br>	at com.google.javascript.jscomp.CompilerTestCase.testSame(CompilerTestCase.java:569)<br>	at com.google.javascript.jscomp.CheckAccessControlsTest.testNoWarningInDeprecatedClass2(CheckAccessControlsTest.java:221)<br>Caused by: java.lang.NullPointerException<br>
</code></td><td>0.001</td>
</tr>
<tr valign="top" class="Error">
<td><a name="testNoWarningInDeprecatedStaticMethod"></a>testNoWarningInDeprecatedStaticMethod</td><td>Error</td><td>INTERNAL COMPILER ERROR.
Please report this problem.
null
  Node(FUNCTION f): testcode:1:19
/** @deprecated */ function f() {} /** @constructor */ var Foo = function() {}; /** @deprecated */ Foo.bar = function() { f(); }
  Parent(SCRIPT): testcode:1:0
/** @deprecated */ function f() {} /** @constructor */ var Foo = function() {}; /** @deprecated */ Foo.bar = function() { f(); }
<br>
<br>
<code>java.lang.RuntimeException: INTERNAL COMPILER ERROR.<br>Please report this problem.<br>null<br>  Node(FUNCTION f): testcode:1:19<br>/** @deprecated */ function f() {} /** @constructor */ var Foo = function() {}; /** @deprecated */ Foo.bar = function() { f(); }<br>  Parent(SCRIPT): testcode:1:0<br>/** @deprecated */ function f() {} /** @constructor */ var Foo = function() {}; /** @deprecated */ Foo.bar = function() { f(); }<br>
<br>	at com.google.javascript.jscomp.CheckAccessControls.checkFinalClassOverrides(CheckAccessControls.java:368)<br>	at com.google.javascript.jscomp.CheckAccessControls.visit(CheckAccessControls.java:240)<br>	at com.google.javascript.jscomp.NodeTraversal.traverseBranch(NodeTraversal.java:505)<br>	at com.google.javascript.jscomp.NodeTraversal.traverseBranch(NodeTraversal.java:498)<br>	at com.google.javascript.jscomp.NodeTraversal.traverseBranch(NodeTraversal.java:498)<br>	at com.google.javascript.jscomp.NodeTraversal.traverse(NodeTraversal.java:277)<br>	at com.google.javascript.jscomp.NodeTraversal.traverse(NodeTraversal.java:456)<br>	at com.google.javascript.jscomp.CheckAccessControls.process(CheckAccessControls.java:130)<br>	at com.google.javascript.jscomp.CompilerTestCase.test(CompilerTestCase.java:804)<br>	at com.google.javascript.jscomp.CompilerTestCase.test(CompilerTestCase.java:447)<br>	at com.google.javascript.jscomp.CompilerTestCase.test(CompilerTestCase.java:373)<br>	at com.google.javascript.jscomp.CompilerTestCase.test(CompilerTestCase.java:342)<br>	at com.google.javascript.jscomp.CompilerTestCase.test(CompilerTestCase.java:330)<br>	at com.google.javascript.jscomp.CompilerTestCase.testSame(CompilerTestCase.java:569)<br>	at com.google.javascript.jscomp.CheckAccessControlsTest.testNoWarningInDeprecatedStaticMethod(CheckAccessControlsTest.java:228)<br>Caused by: java.lang.NullPointerException<br>
</code></td><td>0.001</td>
</tr>
<tr valign="top" class="Error">
<td><a name="testWarningInStaticMethod"></a>testWarningInStaticMethod</td><td>Error</td><td>INTERNAL COMPILER ERROR.
Please report this problem.
null
  Node(FUNCTION f): testcode:1:20
/** @deprecated  */ function f() {} /** @constructor */ var Foo = function() {}; Foo.bar = function() { f(); }
  Parent(SCRIPT): testcode:1:0
/** @deprecated  */ function f() {} /** @constructor */ var Foo = function() {}; Foo.bar = function() { f(); }
<br>
<br>
<code>java.lang.RuntimeException: INTERNAL COMPILER ERROR.<br>Please report this problem.<br>null<br>  Node(FUNCTION f): testcode:1:20<br>/** @deprecated  */ function f() {} /** @constructor */ var Foo = function() {}; Foo.bar = function() { f(); }<br>  Parent(SCRIPT): testcode:1:0<br>/** @deprecated  */ function f() {} /** @constructor */ var Foo = function() {}; Foo.bar = function() { f(); }<br>
<br>	at com.google.javascript.jscomp.CheckAccessControls.checkFinalClassOverrides(CheckAccessControls.java:368)<br>	at com.google.javascript.jscomp.CheckAccessControls.visit(CheckAccessControls.java:240)<br>	at com.google.javascript.jscomp.NodeTraversal.traverseBranch(NodeTraversal.java:505)<br>	at com.google.javascript.jscomp.NodeTraversal.traverseBranch(NodeTraversal.java:498)<br>	at com.google.javascript.jscomp.NodeTraversal.traverseBranch(NodeTraversal.java:498)<br>	at com.google.javascript.jscomp.NodeTraversal.traverse(NodeTraversal.java:277)<br>	at com.google.javascript.jscomp.NodeTraversal.traverse(NodeTraversal.java:456)<br>	at com.google.javascript.jscomp.CheckAccessControls.process(CheckAccessControls.java:130)<br>	at com.google.javascript.jscomp.CompilerTestCase.test(CompilerTestCase.java:804)<br>	at com.google.javascript.jscomp.CompilerTestCase.test(CompilerTestCase.java:447)<br>	at com.google.javascript.jscomp.CompilerTestCase.test(CompilerTestCase.java:373)<br>	at com.google.javascript.jscomp.CompilerTestCase.test(CompilerTestCase.java:342)<br>	at com.google.javascript.jscomp.CheckAccessControlsTest.testDep(CheckAccessControlsTest.java:79)<br>	at com.google.javascript.jscomp.CheckAccessControlsTest.testWarningInStaticMethod(CheckAccessControlsTest.java:235)<br>Caused by: java.lang.NullPointerException<br>
</code></td><td>0.001</td>
</tr>
<tr valign="top" class="Error">
<td><a name="testDeprecatedObjLitKey"></a>testDeprecatedObjLitKey</td><td>Error</td><td>INTERNAL COMPILER ERROR.
Please report this problem.
null
  Node(FUNCTION g): testcode:1:43
var f = {}; /** @deprecated  */ f.foo = 3; function g() { return f.foo; }
  Parent(SCRIPT): testcode:1:0
var f = {}; /** @deprecated  */ f.foo = 3; function g() { return f.foo; }
<br>
<br>
<code>java.lang.RuntimeException: INTERNAL COMPILER ERROR.<br>Please report this problem.<br>null<br>  Node(FUNCTION g): testcode:1:43<br>var f = {}; /** @deprecated  */ f.foo = 3; function g() { return f.foo; }<br>  Parent(SCRIPT): testcode:1:0<br>var f = {}; /** @deprecated  */ f.foo = 3; function g() { return f.foo; }<br>
<br>	at com.google.javascript.jscomp.CheckAccessControls.checkFinalClassOverrides(CheckAccessControls.java:368)<br>	at com.google.javascript.jscomp.CheckAccessControls.visit(CheckAccessControls.java:240)<br>	at com.google.javascript.jscomp.NodeTraversal.traverseBranch(NodeTraversal.java:505)<br>	at com.google.javascript.jscomp.NodeTraversal.traverseBranch(NodeTraversal.java:498)<br>	at com.google.javascript.jscomp.NodeTraversal.traverseBranch(NodeTraversal.java:498)<br>	at com.google.javascript.jscomp.NodeTraversal.traverse(NodeTraversal.java:277)<br>	at com.google.javascript.jscomp.NodeTraversal.traverse(NodeTraversal.java:456)<br>	at com.google.javascript.jscomp.CheckAccessControls.process(CheckAccessControls.java:130)<br>	at com.google.javascript.jscomp.CompilerTestCase.test(CompilerTestCase.java:804)<br>	at com.google.javascript.jscomp.CompilerTestCase.test(CompilerTestCase.java:447)<br>	at com.google.javascript.jscomp.CompilerTestCase.test(CompilerTestCase.java:373)<br>	at com.google.javascript.jscomp.CompilerTestCase.test(CompilerTestCase.java:342)<br>	at com.google.javascript.jscomp.CheckAccessControlsTest.testDep(CheckAccessControlsTest.java:79)<br>	at com.google.javascript.jscomp.CheckAccessControlsTest.testDeprecatedObjLitKey(CheckAccessControlsTest.java:245)<br>Caused by: java.lang.NullPointerException<br>
</code></td><td>0.002</td>
</tr>
<tr valign="top" class="Error">
<td><a name="testWarningForSubclassMethod"></a>testWarningForSubclassMethod</td><td>Error</td><td>INTERNAL COMPILER ERROR.
Please report this problem.
null
  Node(FUNCTION Foo): testcode:1:20
/** @constructor */ function Foo() {}Foo.prototype.bar = function() {};/** @constructor 
  Parent(SCRIPT): testcode:1:0
/** @constructor */ function Foo() {}Foo.prototype.bar = function() {};/** @constructor 
<br>
<br>
<code>java.lang.RuntimeException: INTERNAL COMPILER ERROR.<br>Please report this problem.<br>null<br>  Node(FUNCTION Foo): testcode:1:20<br>/** @constructor */ function Foo() {}Foo.prototype.bar = function() {};/** @constructor <br>  Parent(SCRIPT): testcode:1:0<br>/** @constructor */ function Foo() {}Foo.prototype.bar = function() {};/** @constructor <br>
<br>	at com.google.javascript.jscomp.CheckAccessControls.checkFinalClassOverrides(CheckAccessControls.java:368)<br>	at com.google.javascript.jscomp.CheckAccessControls.visit(CheckAccessControls.java:240)<br>	at com.google.javascript.jscomp.NodeTraversal.traverseBranch(NodeTraversal.java:505)<br>	at com.google.javascript.jscomp.NodeTraversal.traverseBranch(NodeTraversal.java:498)<br>	at com.google.javascript.jscomp.NodeTraversal.traverseBranch(NodeTraversal.java:498)<br>	at com.google.javascript.jscomp.NodeTraversal.traverse(NodeTraversal.java:277)<br>	at com.google.javascript.jscomp.NodeTraversal.traverse(NodeTraversal.java:456)<br>	at com.google.javascript.jscomp.CheckAccessControls.process(CheckAccessControls.java:130)<br>	at com.google.javascript.jscomp.CompilerTestCase.test(CompilerTestCase.java:804)<br>	at com.google.javascript.jscomp.CompilerTestCase.test(CompilerTestCase.java:447)<br>	at com.google.javascript.jscomp.CompilerTestCase.test(CompilerTestCase.java:373)<br>	at com.google.javascript.jscomp.CompilerTestCase.test(CompilerTestCase.java:342)<br>	at com.google.javascript.jscomp.CheckAccessControlsTest.testDep(CheckAccessControlsTest.java:79)<br>	at com.google.javascript.jscomp.CheckAccessControlsTest.testWarningForSubclassMethod(CheckAccessControlsTest.java:253)<br>Caused by: java.lang.NullPointerException<br>
</code></td><td>0.001</td>
</tr>
<tr valign="top" class="Error">
<td><a name="testWarningForSuperClassWithDeprecatedSubclassMethod"></a>testWarningForSuperClassWithDeprecatedSubclassMethod</td><td>Error</td><td>INTERNAL COMPILER ERROR.
Please report this problem.
null
  Node(FUNCTION Foo): testcode:1:20
/** @constructor */ function Foo() {}Foo.prototype.bar = function() {};/** @constructor 
  Parent(SCRIPT): testcode:1:0
/** @constructor */ function Foo() {}Foo.prototype.bar = function() {};/** @constructor 
<br>
<br>
<code>java.lang.RuntimeException: INTERNAL COMPILER ERROR.<br>Please report this problem.<br>null<br>  Node(FUNCTION Foo): testcode:1:20<br>/** @constructor */ function Foo() {}Foo.prototype.bar = function() {};/** @constructor <br>  Parent(SCRIPT): testcode:1:0<br>/** @constructor */ function Foo() {}Foo.prototype.bar = function() {};/** @constructor <br>
<br>	at com.google.javascript.jscomp.CheckAccessControls.checkFinalClassOverrides(CheckAccessControls.java:368)<br>	at com.google.javascript.jscomp.CheckAccessControls.visit(CheckAccessControls.java:240)<br>	at com.google.javascript.jscomp.NodeTraversal.traverseBranch(NodeTraversal.java:505)<br>	at com.google.javascript.jscomp.NodeTraversal.traverseBranch(NodeTraversal.java:498)<br>	at com.google.javascript.jscomp.NodeTraversal.traverseBranch(NodeTraversal.java:498)<br>	at com.google.javascript.jscomp.NodeTraversal.traverse(NodeTraversal.java:277)<br>	at com.google.javascript.jscomp.NodeTraversal.traverse(NodeTraversal.java:456)<br>	at com.google.javascript.jscomp.CheckAccessControls.process(CheckAccessControls.java:130)<br>	at com.google.javascript.jscomp.CompilerTestCase.test(CompilerTestCase.java:804)<br>	at com.google.javascript.jscomp.CompilerTestCase.test(CompilerTestCase.java:447)<br>	at com.google.javascript.jscomp.CompilerTestCase.test(CompilerTestCase.java:373)<br>	at com.google.javascript.jscomp.CompilerTestCase.test(CompilerTestCase.java:342)<br>	at com.google.javascript.jscomp.CompilerTestCase.test(CompilerTestCase.java:330)<br>	at com.google.javascript.jscomp.CompilerTestCase.testSame(CompilerTestCase.java:569)<br>	at com.google.javascript.jscomp.CheckAccessControlsTest.testWarningForSuperClassWithDeprecatedSubclassMethod(CheckAccessControlsTest.java:264)<br>Caused by: java.lang.NullPointerException<br>
</code></td><td>0.002</td>
</tr>
<tr valign="top" class="Error">
<td><a name="testWarningForSuperclassMethod"></a>testWarningForSuperclassMethod</td><td>Error</td><td>INTERNAL COMPILER ERROR.
Please report this problem.
null
  Node(FUNCTION Foo): testcode:1:20
/** @constructor */ function Foo() {}/** @deprecated  */ Foo.prototype.bar = function() {};/** @constructor 
  Parent(SCRIPT): testcode:1:0
/** @constructor */ function Foo() {}/** @deprecated  */ Foo.prototype.bar = function() {};/** @constructor 
<br>
<br>
<code>java.lang.RuntimeException: INTERNAL COMPILER ERROR.<br>Please report this problem.<br>null<br>  Node(FUNCTION Foo): testcode:1:20<br>/** @constructor */ function Foo() {}/** @deprecated  */ Foo.prototype.bar = function() {};/** @constructor <br>  Parent(SCRIPT): testcode:1:0<br>/** @constructor */ function Foo() {}/** @deprecated  */ Foo.prototype.bar = function() {};/** @constructor <br>
<br>	at com.google.javascript.jscomp.CheckAccessControls.checkFinalClassOverrides(CheckAccessControls.java:368)<br>	at com.google.javascript.jscomp.CheckAccessControls.visit(CheckAccessControls.java:240)<br>	at com.google.javascript.jscomp.NodeTraversal.traverseBranch(NodeTraversal.java:505)<br>	at com.google.javascript.jscomp.NodeTraversal.traverseBranch(NodeTraversal.java:498)<br>	at com.google.javascript.jscomp.NodeTraversal.traverseBranch(NodeTraversal.java:498)<br>	at com.google.javascript.jscomp.NodeTraversal.traverse(NodeTraversal.java:277)<br>	at com.google.javascript.jscomp.NodeTraversal.traverse(NodeTraversal.java:456)<br>	at com.google.javascript.jscomp.CheckAccessControls.process(CheckAccessControls.java:130)<br>	at com.google.javascript.jscomp.CompilerTestCase.test(CompilerTestCase.java:804)<br>	at com.google.javascript.jscomp.CompilerTestCase.test(CompilerTestCase.java:447)<br>	at com.google.javascript.jscomp.CompilerTestCase.test(CompilerTestCase.java:373)<br>	at com.google.javascript.jscomp.CompilerTestCase.test(CompilerTestCase.java:342)<br>	at com.google.javascript.jscomp.CheckAccessControlsTest.testDep(CheckAccessControlsTest.java:79)<br>	at com.google.javascript.jscomp.CheckAccessControlsTest.testWarningForSuperclassMethod(CheckAccessControlsTest.java:273)<br>Caused by: java.lang.NullPointerException<br>
</code></td><td>0.001</td>
</tr>
<tr valign="top" class="Error">
<td><a name="testWarningForSuperclassMethod2"></a>testWarningForSuperclassMethod2</td><td>Error</td><td>INTERNAL COMPILER ERROR.
Please report this problem.
null
  Node(FUNCTION Foo): testcode:1:20
/** @constructor */ function Foo() {}/** @deprecated  
  Parent(SCRIPT): testcode:1:0
/** @constructor */ function Foo() {}/** @deprecated  
<br>
<br>
<code>java.lang.RuntimeException: INTERNAL COMPILER ERROR.<br>Please report this problem.<br>null<br>  Node(FUNCTION Foo): testcode:1:20<br>/** @constructor */ function Foo() {}/** @deprecated  <br>  Parent(SCRIPT): testcode:1:0<br>/** @constructor */ function Foo() {}/** @deprecated  <br>
<br>	at com.google.javascript.jscomp.CheckAccessControls.checkFinalClassOverrides(CheckAccessControls.java:368)<br>	at com.google.javascript.jscomp.CheckAccessControls.visit(CheckAccessControls.java:240)<br>	at com.google.javascript.jscomp.NodeTraversal.traverseBranch(NodeTraversal.java:505)<br>	at com.google.javascript.jscomp.NodeTraversal.traverseBranch(NodeTraversal.java:498)<br>	at com.google.javascript.jscomp.NodeTraversal.traverseBranch(NodeTraversal.java:498)<br>	at com.google.javascript.jscomp.NodeTraversal.traverse(NodeTraversal.java:277)<br>	at com.google.javascript.jscomp.NodeTraversal.traverse(NodeTraversal.java:456)<br>	at com.google.javascript.jscomp.CheckAccessControls.process(CheckAccessControls.java:130)<br>	at com.google.javascript.jscomp.CompilerTestCase.test(CompilerTestCase.java:804)<br>	at com.google.javascript.jscomp.CompilerTestCase.test(CompilerTestCase.java:447)<br>	at com.google.javascript.jscomp.CompilerTestCase.test(CompilerTestCase.java:373)<br>	at com.google.javascript.jscomp.CompilerTestCase.test(CompilerTestCase.java:342)<br>	at com.google.javascript.jscomp.CheckAccessControlsTest.testDep(CheckAccessControlsTest.java:79)<br>	at com.google.javascript.jscomp.CheckAccessControlsTest.testWarningForSuperclassMethod2(CheckAccessControlsTest.java:284)<br>Caused by: java.lang.NullPointerException<br>
</code></td><td>0.002</td>
</tr>
<tr valign="top" class="Error">
<td><a name="testWarningForBind"></a>testWarningForBind</td><td>Error</td><td>INTERNAL COMPILER ERROR.
Please report this problem.
null
  Node(FUNCTION ): testcode:1:46
/** @deprecated  */ Function.prototype.bind = function() {};(function() {}).bind();
  Parent(ASSIGN): testcode:1:20
/** @deprecated  */ Function.prototype.bind = function() {};(function() {}).bind();
<br>
<br>
<code>java.lang.RuntimeException: INTERNAL COMPILER ERROR.<br>Please report this problem.<br>null<br>  Node(FUNCTION ): testcode:1:46<br>/** @deprecated  */ Function.prototype.bind = function() {};(function() {}).bind();<br>  Parent(ASSIGN): testcode:1:20<br>/** @deprecated  */ Function.prototype.bind = function() {};(function() {}).bind();<br>
<br>	at com.google.javascript.jscomp.CheckAccessControls.checkFinalClassOverrides(CheckAccessControls.java:368)<br>	at com.google.javascript.jscomp.CheckAccessControls.visit(CheckAccessControls.java:240)<br>	at com.google.javascript.jscomp.NodeTraversal.traverseBranch(NodeTraversal.java:505)<br>	at com.google.javascript.jscomp.NodeTraversal.traverseBranch(NodeTraversal.java:498)<br>	at com.google.javascript.jscomp.NodeTraversal.traverseBranch(NodeTraversal.java:498)<br>	at com.google.javascript.jscomp.NodeTraversal.traverseBranch(NodeTraversal.java:498)<br>	at com.google.javascript.jscomp.NodeTraversal.traverseBranch(NodeTraversal.java:498)<br>	at com.google.javascript.jscomp.NodeTraversal.traverse(NodeTraversal.java:277)<br>	at com.google.javascript.jscomp.NodeTraversal.traverse(NodeTraversal.java:456)<br>	at com.google.javascript.jscomp.CheckAccessControls.process(CheckAccessControls.java:130)<br>	at com.google.javascript.jscomp.CompilerTestCase.test(CompilerTestCase.java:804)<br>	at com.google.javascript.jscomp.CompilerTestCase.test(CompilerTestCase.java:447)<br>	at com.google.javascript.jscomp.CompilerTestCase.test(CompilerTestCase.java:373)<br>	at com.google.javascript.jscomp.CompilerTestCase.test(CompilerTestCase.java:342)<br>	at com.google.javascript.jscomp.CheckAccessControlsTest.testDep(CheckAccessControlsTest.java:79)<br>	at com.google.javascript.jscomp.CheckAccessControlsTest.testWarningForBind(CheckAccessControlsTest.java:296)<br>Caused by: java.lang.NullPointerException<br>
</code></td><td>0.001</td>
</tr>
<tr valign="top" class="Error">
<td><a name="testWarningForDeprecatedClassInGlobalScope"></a>testWarningForDeprecatedClassInGlobalScope</td><td>Error</td><td>INTERNAL COMPILER ERROR.
Please report this problem.
null
  Node(FUNCTION ): testcode:2:29
 * @deprecated  */ var Foo = function() {};new Foo();
  Parent(NAME Foo): testcode:2:23
 * @deprecated  */ var Foo = function() {};new Foo();
<br>
<br>
<code>java.lang.RuntimeException: INTERNAL COMPILER ERROR.<br>Please report this problem.<br>null<br>  Node(FUNCTION ): testcode:2:29<br> * @deprecated  */ var Foo = function() {};new Foo();<br>  Parent(NAME Foo): testcode:2:23<br> * @deprecated  */ var Foo = function() {};new Foo();<br>
<br>	at com.google.javascript.jscomp.CheckAccessControls.checkFinalClassOverrides(CheckAccessControls.java:368)<br>	at com.google.javascript.jscomp.CheckAccessControls.visit(CheckAccessControls.java:240)<br>	at com.google.javascript.jscomp.NodeTraversal.traverseBranch(NodeTraversal.java:505)<br>	at com.google.javascript.jscomp.NodeTraversal.traverseBranch(NodeTraversal.java:498)<br>	at com.google.javascript.jscomp.NodeTraversal.traverseBranch(NodeTraversal.java:498)<br>	at com.google.javascript.jscomp.NodeTraversal.traverseBranch(NodeTraversal.java:498)<br>	at com.google.javascript.jscomp.NodeTraversal.traverseBranch(NodeTraversal.java:498)<br>	at com.google.javascript.jscomp.NodeTraversal.traverse(NodeTraversal.java:277)<br>	at com.google.javascript.jscomp.NodeTraversal.traverse(NodeTraversal.java:456)<br>	at com.google.javascript.jscomp.CheckAccessControls.process(CheckAccessControls.java:130)<br>	at com.google.javascript.jscomp.CompilerTestCase.test(CompilerTestCase.java:804)<br>	at com.google.javascript.jscomp.CompilerTestCase.test(CompilerTestCase.java:447)<br>	at com.google.javascript.jscomp.CompilerTestCase.test(CompilerTestCase.java:373)<br>	at com.google.javascript.jscomp.CompilerTestCase.test(CompilerTestCase.java:342)<br>	at com.google.javascript.jscomp.CheckAccessControlsTest.testDep(CheckAccessControlsTest.java:79)<br>	at com.google.javascript.jscomp.CheckAccessControlsTest.testWarningForDeprecatedClassInGlobalScope(CheckAccessControlsTest.java:304)<br>Caused by: java.lang.NullPointerException<br>
</code></td><td>0.001</td>
</tr>
<tr valign="top" class="Error">
<td><a name="testNoWarningForPrototypeCopying"></a>testNoWarningForPrototypeCopying</td><td>Error</td><td>INTERNAL COMPILER ERROR.
Please report this problem.
null
  Node(FUNCTION ): testcode:1:30
/** @constructor */ var Foo = function() {};Foo.prototype.bar = function() {};/** @deprecated */ Foo.prototype.baz = Foo.prototype.bar;(new Foo()).bar();
  Parent(NAME Foo): testcode:1:24
/** @constructor */ var Foo = function() {};Foo.prototype.bar = function() {};/** @deprecated */ Foo.prototype.baz = Foo.prototype.bar;(new Foo()).bar();
<br>
<br>
<code>java.lang.RuntimeException: INTERNAL COMPILER ERROR.<br>Please report this problem.<br>null<br>  Node(FUNCTION ): testcode:1:30<br>/** @constructor */ var Foo = function() {};Foo.prototype.bar = function() {};/** @deprecated */ Foo.prototype.baz = Foo.prototype.bar;(new Foo()).bar();<br>  Parent(NAME Foo): testcode:1:24<br>/** @constructor */ var Foo = function() {};Foo.prototype.bar = function() {};/** @deprecated */ Foo.prototype.baz = Foo.prototype.bar;(new Foo()).bar();<br>
<br>	at com.google.javascript.jscomp.CheckAccessControls.checkFinalClassOverrides(CheckAccessControls.java:368)<br>	at com.google.javascript.jscomp.CheckAccessControls.visit(CheckAccessControls.java:240)<br>	at com.google.javascript.jscomp.NodeTraversal.traverseBranch(NodeTraversal.java:505)<br>	at com.google.javascript.jscomp.NodeTraversal.traverseBranch(NodeTraversal.java:498)<br>	at com.google.javascript.jscomp.NodeTraversal.traverseBranch(NodeTraversal.java:498)<br>	at com.google.javascript.jscomp.NodeTraversal.traverseBranch(NodeTraversal.java:498)<br>	at com.google.javascript.jscomp.NodeTraversal.traverseBranch(NodeTraversal.java:498)<br>	at com.google.javascript.jscomp.NodeTraversal.traverse(NodeTraversal.java:277)<br>	at com.google.javascript.jscomp.NodeTraversal.traverse(NodeTraversal.java:456)<br>	at com.google.javascript.jscomp.CheckAccessControls.process(CheckAccessControls.java:130)<br>	at com.google.javascript.jscomp.CompilerTestCase.test(CompilerTestCase.java:804)<br>	at com.google.javascript.jscomp.CompilerTestCase.test(CompilerTestCase.java:447)<br>	at com.google.javascript.jscomp.CompilerTestCase.test(CompilerTestCase.java:373)<br>	at com.google.javascript.jscomp.CompilerTestCase.test(CompilerTestCase.java:342)<br>	at com.google.javascript.jscomp.CompilerTestCase.test(CompilerTestCase.java:330)<br>	at com.google.javascript.jscomp.CompilerTestCase.testSame(CompilerTestCase.java:569)<br>	at com.google.javascript.jscomp.CheckAccessControlsTest.testNoWarningForPrototypeCopying(CheckAccessControlsTest.java:312)<br>Caused by: java.lang.NullPointerException<br>
</code></td><td>0.001</td>
</tr>
<tr valign="top" class="Error">
<td><a name="testNoWarningOnDeprecatedPrototype"></a>testNoWarningOnDeprecatedPrototype</td><td>Error</td><td>INTERNAL COMPILER ERROR.
Please report this problem.
null
  Node(FUNCTION ): testcode:1:30
/** @constructor */ var Foo = function() {};/** @deprecated */ Foo.prototype = {};Foo.prototype.bar = function() {};
  Parent(NAME Foo): testcode:1:24
/** @constructor */ var Foo = function() {};/** @deprecated */ Foo.prototype = {};Foo.prototype.bar = function() {};
<br>
<br>
<code>java.lang.RuntimeException: INTERNAL COMPILER ERROR.<br>Please report this problem.<br>null<br>  Node(FUNCTION ): testcode:1:30<br>/** @constructor */ var Foo = function() {};/** @deprecated */ Foo.prototype = {};Foo.prototype.bar = function() {};<br>  Parent(NAME Foo): testcode:1:24<br>/** @constructor */ var Foo = function() {};/** @deprecated */ Foo.prototype = {};Foo.prototype.bar = function() {};<br>
<br>	at com.google.javascript.jscomp.CheckAccessControls.checkFinalClassOverrides(CheckAccessControls.java:368)<br>	at com.google.javascript.jscomp.CheckAccessControls.visit(CheckAccessControls.java:240)<br>	at com.google.javascript.jscomp.NodeTraversal.traverseBranch(NodeTraversal.java:505)<br>	at com.google.javascript.jscomp.NodeTraversal.traverseBranch(NodeTraversal.java:498)<br>	at com.google.javascript.jscomp.NodeTraversal.traverseBranch(NodeTraversal.java:498)<br>	at com.google.javascript.jscomp.NodeTraversal.traverseBranch(NodeTraversal.java:498)<br>	at com.google.javascript.jscomp.NodeTraversal.traverseBranch(NodeTraversal.java:498)<br>	at com.google.javascript.jscomp.NodeTraversal.traverse(NodeTraversal.java:277)<br>	at com.google.javascript.jscomp.NodeTraversal.traverse(NodeTraversal.java:456)<br>	at com.google.javascript.jscomp.CheckAccessControls.process(CheckAccessControls.java:130)<br>	at com.google.javascript.jscomp.CompilerTestCase.test(CompilerTestCase.java:804)<br>	at com.google.javascript.jscomp.CompilerTestCase.test(CompilerTestCase.java:447)<br>	at com.google.javascript.jscomp.CompilerTestCase.test(CompilerTestCase.java:373)<br>	at com.google.javascript.jscomp.CompilerTestCase.test(CompilerTestCase.java:342)<br>	at com.google.javascript.jscomp.CompilerTestCase.test(CompilerTestCase.java:330)<br>	at com.google.javascript.jscomp.CompilerTestCase.testSame(CompilerTestCase.java:569)<br>	at com.google.javascript.jscomp.CheckAccessControlsTest.testNoWarningOnDeprecatedPrototype(CheckAccessControlsTest.java:320)<br>Caused by: java.lang.NullPointerException<br>
</code></td><td>0.002</td>
</tr>
<tr valign="top" class="Error">
<td><a name="testPrivateAccessForNames"></a>testPrivateAccessForNames</td><td>Error</td><td>INTERNAL COMPILER ERROR.
Please report this problem.
null
  Node(FUNCTION foo_): testcode:1:16
/** @private */ function foo_() {}; foo_();
  Parent(SCRIPT): testcode:1:0
/** @private */ function foo_() {}; foo_();
<br>
<br>
<code>java.lang.RuntimeException: INTERNAL COMPILER ERROR.<br>Please report this problem.<br>null<br>  Node(FUNCTION foo_): testcode:1:16<br>/** @private */ function foo_() {}; foo_();<br>  Parent(SCRIPT): testcode:1:0<br>/** @private */ function foo_() {}; foo_();<br>
<br>	at com.google.javascript.jscomp.CheckAccessControls.checkFinalClassOverrides(CheckAccessControls.java:368)<br>	at com.google.javascript.jscomp.CheckAccessControls.visit(CheckAccessControls.java:240)<br>	at com.google.javascript.jscomp.NodeTraversal.traverseBranch(NodeTraversal.java:505)<br>	at com.google.javascript.jscomp.NodeTraversal.traverseBranch(NodeTraversal.java:498)<br>	at com.google.javascript.jscomp.NodeTraversal.traverseBranch(NodeTraversal.java:498)<br>	at com.google.javascript.jscomp.NodeTraversal.traverse(NodeTraversal.java:277)<br>	at com.google.javascript.jscomp.NodeTraversal.traverse(NodeTraversal.java:456)<br>	at com.google.javascript.jscomp.CheckAccessControls.process(CheckAccessControls.java:130)<br>	at com.google.javascript.jscomp.CompilerTestCase.test(CompilerTestCase.java:804)<br>	at com.google.javascript.jscomp.CompilerTestCase.test(CompilerTestCase.java:447)<br>	at com.google.javascript.jscomp.CompilerTestCase.test(CompilerTestCase.java:373)<br>	at com.google.javascript.jscomp.CompilerTestCase.test(CompilerTestCase.java:342)<br>	at com.google.javascript.jscomp.CompilerTestCase.test(CompilerTestCase.java:330)<br>	at com.google.javascript.jscomp.CompilerTestCase.testSame(CompilerTestCase.java:569)<br>	at com.google.javascript.jscomp.CheckAccessControlsTest.testPrivateAccessForNames(CheckAccessControlsTest.java:326)<br>Caused by: java.lang.NullPointerException<br>
</code></td><td>0.001</td>
</tr>
<tr valign="top" class="Error">
<td><a name="testPrivateAccessForProperties1"></a>testPrivateAccessForProperties1</td><td>Error</td><td>INTERNAL COMPILER ERROR.
Please report this problem.
null
  Node(FUNCTION Foo): testcode:1:20
/** @constructor */ function Foo() {}/** @private */ Foo.prototype.bar_ = function() {};Foo.prototype.baz = function() { this.bar_(); }; (new Foo).bar_();
  Parent(SCRIPT): testcode:1:0
/** @constructor */ function Foo() {}/** @private */ Foo.prototype.bar_ = function() {};Foo.prototype.baz = function() { this.bar_(); }; (new Foo).bar_();
<br>
<br>
<code>java.lang.RuntimeException: INTERNAL COMPILER ERROR.<br>Please report this problem.<br>null<br>  Node(FUNCTION Foo): testcode:1:20<br>/** @constructor */ function Foo() {}/** @private */ Foo.prototype.bar_ = function() {};Foo.prototype.baz = function() { this.bar_(); }; (new Foo).bar_();<br>  Parent(SCRIPT): testcode:1:0<br>/** @constructor */ function Foo() {}/** @private */ Foo.prototype.bar_ = function() {};Foo.prototype.baz = function() { this.bar_(); }; (new Foo).bar_();<br>
<br>	at com.google.javascript.jscomp.CheckAccessControls.checkFinalClassOverrides(CheckAccessControls.java:368)<br>	at com.google.javascript.jscomp.CheckAccessControls.visit(CheckAccessControls.java:240)<br>	at com.google.javascript.jscomp.NodeTraversal.traverseBranch(NodeTraversal.java:505)<br>	at com.google.javascript.jscomp.NodeTraversal.traverseBranch(NodeTraversal.java:498)<br>	at com.google.javascript.jscomp.NodeTraversal.traverseBranch(NodeTraversal.java:498)<br>	at com.google.javascript.jscomp.NodeTraversal.traverse(NodeTraversal.java:277)<br>	at com.google.javascript.jscomp.NodeTraversal.traverse(NodeTraversal.java:456)<br>	at com.google.javascript.jscomp.CheckAccessControls.process(CheckAccessControls.java:130)<br>	at com.google.javascript.jscomp.CompilerTestCase.test(CompilerTestCase.java:804)<br>	at com.google.javascript.jscomp.CompilerTestCase.test(CompilerTestCase.java:447)<br>	at com.google.javascript.jscomp.CompilerTestCase.test(CompilerTestCase.java:373)<br>	at com.google.javascript.jscomp.CompilerTestCase.test(CompilerTestCase.java:342)<br>	at com.google.javascript.jscomp.CompilerTestCase.test(CompilerTestCase.java:330)<br>	at com.google.javascript.jscomp.CompilerTestCase.testSame(CompilerTestCase.java:569)<br>	at com.google.javascript.jscomp.CheckAccessControlsTest.testPrivateAccessForProperties1(CheckAccessControlsTest.java:334)<br>Caused by: java.lang.NullPointerException<br>
</code></td><td>0.001</td>
</tr>
<tr valign="top" class="Error">
<td><a name="testPrivateAccessForProperties2"></a>testPrivateAccessForProperties2</td><td>Error</td><td>INTERNAL COMPILER ERROR.
Please report this problem.
null
  Node(FUNCTION Foo): input0:1:20
/** @constructor */ function Foo() {}
  Parent(SCRIPT): input0:1:0
/** @constructor */ function Foo() {}
<br>
<br>
<code>java.lang.RuntimeException: INTERNAL COMPILER ERROR.<br>Please report this problem.<br>null<br>  Node(FUNCTION Foo): input0:1:20<br>/** @constructor */ function Foo() {}<br>  Parent(SCRIPT): input0:1:0<br>/** @constructor */ function Foo() {}<br>
<br>	at com.google.javascript.jscomp.CheckAccessControls.checkFinalClassOverrides(CheckAccessControls.java:368)<br>	at com.google.javascript.jscomp.CheckAccessControls.visit(CheckAccessControls.java:240)<br>	at com.google.javascript.jscomp.NodeTraversal.traverseBranch(NodeTraversal.java:505)<br>	at com.google.javascript.jscomp.NodeTraversal.traverseBranch(NodeTraversal.java:498)<br>	at com.google.javascript.jscomp.NodeTraversal.traverseBranch(NodeTraversal.java:498)<br>	at com.google.javascript.jscomp.NodeTraversal.traverse(NodeTraversal.java:277)<br>	at com.google.javascript.jscomp.NodeTraversal.traverse(NodeTraversal.java:456)<br>	at com.google.javascript.jscomp.CheckAccessControls.process(CheckAccessControls.java:130)<br>	at com.google.javascript.jscomp.CompilerTestCase.test(CompilerTestCase.java:804)<br>	at com.google.javascript.jscomp.CompilerTestCase.test(CompilerTestCase.java:517)<br>	at com.google.javascript.jscomp.CompilerTestCase.test(CompilerTestCase.java:491)<br>	at com.google.javascript.jscomp.CompilerTestCase.test(CompilerTestCase.java:476)<br>	at com.google.javascript.jscomp.CompilerTestCase.test(CompilerTestCase.java:464)<br>	at com.google.javascript.jscomp.CompilerTestCase.testSame(CompilerTestCase.java:653)<br>	at com.google.javascript.jscomp.CheckAccessControlsTest.testPrivateAccessForProperties2(CheckAccessControlsTest.java:340)<br>Caused by: java.lang.NullPointerException<br>
</code></td><td>0.001</td>
</tr>
<tr valign="top" class="Error">
<td><a name="testPrivateAccessForProperties3"></a>testPrivateAccessForProperties3</td><td>Error</td><td>INTERNAL COMPILER ERROR.
Please report this problem.
null
  Node(FUNCTION Foo): input0:1:20
/** @constructor */ function Foo() {}/** @private */ Foo.prototype.bar_ = function() {}; (new Foo).bar_();
  Parent(SCRIPT): input0:1:0
/** @constructor */ function Foo() {}/** @private */ Foo.prototype.bar_ = function() {}; (new Foo).bar_();
<br>
<br>
<code>java.lang.RuntimeException: INTERNAL COMPILER ERROR.<br>Please report this problem.<br>null<br>  Node(FUNCTION Foo): input0:1:20<br>/** @constructor */ function Foo() {}/** @private */ Foo.prototype.bar_ = function() {}; (new Foo).bar_();<br>  Parent(SCRIPT): input0:1:0<br>/** @constructor */ function Foo() {}/** @private */ Foo.prototype.bar_ = function() {}; (new Foo).bar_();<br>
<br>	at com.google.javascript.jscomp.CheckAccessControls.checkFinalClassOverrides(CheckAccessControls.java:368)<br>	at com.google.javascript.jscomp.CheckAccessControls.visit(CheckAccessControls.java:240)<br>	at com.google.javascript.jscomp.NodeTraversal.traverseBranch(NodeTraversal.java:505)<br>	at com.google.javascript.jscomp.NodeTraversal.traverseBranch(NodeTraversal.java:498)<br>	at com.google.javascript.jscomp.NodeTraversal.traverseBranch(NodeTraversal.java:498)<br>	at com.google.javascript.jscomp.NodeTraversal.traverse(NodeTraversal.java:277)<br>	at com.google.javascript.jscomp.NodeTraversal.traverse(NodeTraversal.java:456)<br>	at com.google.javascript.jscomp.CheckAccessControls.process(CheckAccessControls.java:130)<br>	at com.google.javascript.jscomp.CompilerTestCase.test(CompilerTestCase.java:804)<br>	at com.google.javascript.jscomp.CompilerTestCase.test(CompilerTestCase.java:517)<br>	at com.google.javascript.jscomp.CompilerTestCase.test(CompilerTestCase.java:491)<br>	at com.google.javascript.jscomp.CompilerTestCase.test(CompilerTestCase.java:476)<br>	at com.google.javascript.jscomp.CompilerTestCase.test(CompilerTestCase.java:464)<br>	at com.google.javascript.jscomp.CompilerTestCase.testSame(CompilerTestCase.java:653)<br>	at com.google.javascript.jscomp.CheckAccessControlsTest.testPrivateAccessForProperties3(CheckAccessControlsTest.java:348)<br>Caused by: java.lang.NullPointerException<br>
</code></td><td>0.002</td>
</tr>
<tr valign="top" class="Error">
<td><a name="testPrivateAccessForProperties4"></a>testPrivateAccessForProperties4</td><td>Error</td><td>INTERNAL COMPILER ERROR.
Please report this problem.
null
  Node(FUNCTION Foo): input0:1:20
/** @constructor */ function Foo() {}/** @private */ Foo.prototype.bar_ = function() {};
  Parent(SCRIPT): input0:1:0
/** @constructor */ function Foo() {}/** @private */ Foo.prototype.bar_ = function() {};
<br>
<br>
<code>java.lang.RuntimeException: INTERNAL COMPILER ERROR.<br>Please report this problem.<br>null<br>  Node(FUNCTION Foo): input0:1:20<br>/** @constructor */ function Foo() {}/** @private */ Foo.prototype.bar_ = function() {};<br>  Parent(SCRIPT): input0:1:0<br>/** @constructor */ function Foo() {}/** @private */ Foo.prototype.bar_ = function() {};<br>
<br>	at com.google.javascript.jscomp.CheckAccessControls.checkFinalClassOverrides(CheckAccessControls.java:368)<br>	at com.google.javascript.jscomp.CheckAccessControls.visit(CheckAccessControls.java:240)<br>	at com.google.javascript.jscomp.NodeTraversal.traverseBranch(NodeTraversal.java:505)<br>	at com.google.javascript.jscomp.NodeTraversal.traverseBranch(NodeTraversal.java:498)<br>	at com.google.javascript.jscomp.NodeTraversal.traverseBranch(NodeTraversal.java:498)<br>	at com.google.javascript.jscomp.NodeTraversal.traverse(NodeTraversal.java:277)<br>	at com.google.javascript.jscomp.NodeTraversal.traverse(NodeTraversal.java:456)<br>	at com.google.javascript.jscomp.CheckAccessControls.process(CheckAccessControls.java:130)<br>	at com.google.javascript.jscomp.CompilerTestCase.test(CompilerTestCase.java:804)<br>	at com.google.javascript.jscomp.CompilerTestCase.test(CompilerTestCase.java:517)<br>	at com.google.javascript.jscomp.CompilerTestCase.test(CompilerTestCase.java:491)<br>	at com.google.javascript.jscomp.CompilerTestCase.test(CompilerTestCase.java:476)<br>	at com.google.javascript.jscomp.CompilerTestCase.test(CompilerTestCase.java:464)<br>	at com.google.javascript.jscomp.CompilerTestCase.testSame(CompilerTestCase.java:653)<br>	at com.google.javascript.jscomp.CheckAccessControlsTest.testPrivateAccessForProperties4(CheckAccessControlsTest.java:356)<br>Caused by: java.lang.NullPointerException<br>
</code></td><td>0.001</td>
</tr>
<tr valign="top" class="Error">
<td><a name="testNoPrivateAccessForProperties1"></a>testNoPrivateAccessForProperties1</td><td>Error</td><td>INTERNAL COMPILER ERROR.
Please report this problem.
null
  Node(FUNCTION Foo): input0:1:20
/** @constructor */ function Foo() {} (new Foo).bar_();
  Parent(SCRIPT): input0:1:0
/** @constructor */ function Foo() {} (new Foo).bar_();
<br>
<br>
<code>java.lang.RuntimeException: INTERNAL COMPILER ERROR.<br>Please report this problem.<br>null<br>  Node(FUNCTION Foo): input0:1:20<br>/** @constructor */ function Foo() {} (new Foo).bar_();<br>  Parent(SCRIPT): input0:1:0<br>/** @constructor */ function Foo() {} (new Foo).bar_();<br>
<br>	at com.google.javascript.jscomp.CheckAccessControls.checkFinalClassOverrides(CheckAccessControls.java:368)<br>	at com.google.javascript.jscomp.CheckAccessControls.visit(CheckAccessControls.java:240)<br>	at com.google.javascript.jscomp.NodeTraversal.traverseBranch(NodeTraversal.java:505)<br>	at com.google.javascript.jscomp.NodeTraversal.traverseBranch(NodeTraversal.java:498)<br>	at com.google.javascript.jscomp.NodeTraversal.traverseBranch(NodeTraversal.java:498)<br>	at com.google.javascript.jscomp.NodeTraversal.traverse(NodeTraversal.java:277)<br>	at com.google.javascript.jscomp.NodeTraversal.traverse(NodeTraversal.java:456)<br>	at com.google.javascript.jscomp.CheckAccessControls.process(CheckAccessControls.java:130)<br>	at com.google.javascript.jscomp.CompilerTestCase.test(CompilerTestCase.java:804)<br>	at com.google.javascript.jscomp.CompilerTestCase.test(CompilerTestCase.java:517)<br>	at com.google.javascript.jscomp.CompilerTestCase.test(CompilerTestCase.java:491)<br>	at com.google.javascript.jscomp.CompilerTestCase.test(CompilerTestCase.java:476)<br>	at com.google.javascript.jscomp.CheckAccessControlsTest.testNoPrivateAccessForProperties1(CheckAccessControlsTest.java:364)<br>Caused by: java.lang.NullPointerException<br>
</code></td><td>0.001</td>
</tr>
<tr valign="top" class="Error">
<td><a name="testNoPrivateAccessForProperties2"></a>testNoPrivateAccessForProperties2</td><td>Error</td><td>INTERNAL COMPILER ERROR.
Please report this problem.
null
  Node(FUNCTION Foo): input0:1:20
/** @constructor */ function Foo() {} /** @private */ Foo.prototype.bar_ = function() {};Foo.prototype.baz = function() { this.bar_(); };
  Parent(SCRIPT): input0:1:0
/** @constructor */ function Foo() {} /** @private */ Foo.prototype.bar_ = function() {};Foo.prototype.baz = function() { this.bar_(); };
<br>
<br>
<code>java.lang.RuntimeException: INTERNAL COMPILER ERROR.<br>Please report this problem.<br>null<br>  Node(FUNCTION Foo): input0:1:20<br>/** @constructor */ function Foo() {} /** @private */ Foo.prototype.bar_ = function() {};Foo.prototype.baz = function() { this.bar_(); };<br>  Parent(SCRIPT): input0:1:0<br>/** @constructor */ function Foo() {} /** @private */ Foo.prototype.bar_ = function() {};Foo.prototype.baz = function() { this.bar_(); };<br>
<br>	at com.google.javascript.jscomp.CheckAccessControls.checkFinalClassOverrides(CheckAccessControls.java:368)<br>	at com.google.javascript.jscomp.CheckAccessControls.visit(CheckAccessControls.java:240)<br>	at com.google.javascript.jscomp.NodeTraversal.traverseBranch(NodeTraversal.java:505)<br>	at com.google.javascript.jscomp.NodeTraversal.traverseBranch(NodeTraversal.java:498)<br>	at com.google.javascript.jscomp.NodeTraversal.traverseBranch(NodeTraversal.java:498)<br>	at com.google.javascript.jscomp.NodeTraversal.traverse(NodeTraversal.java:277)<br>	at com.google.javascript.jscomp.NodeTraversal.traverse(NodeTraversal.java:456)<br>	at com.google.javascript.jscomp.CheckAccessControls.process(CheckAccessControls.java:130)<br>	at com.google.javascript.jscomp.CompilerTestCase.test(CompilerTestCase.java:804)<br>	at com.google.javascript.jscomp.CompilerTestCase.test(CompilerTestCase.java:517)<br>	at com.google.javascript.jscomp.CompilerTestCase.test(CompilerTestCase.java:491)<br>	at com.google.javascript.jscomp.CompilerTestCase.test(CompilerTestCase.java:476)<br>	at com.google.javascript.jscomp.CheckAccessControlsTest.testNoPrivateAccessForProperties2(CheckAccessControlsTest.java:372)<br>Caused by: java.lang.NullPointerException<br>
</code></td><td>0.002</td>
</tr>
<tr valign="top" class="Error">
<td><a name="testNoPrivateAccessForProperties3"></a>testNoPrivateAccessForProperties3</td><td>Error</td><td>INTERNAL COMPILER ERROR.
Please report this problem.
null
  Node(FUNCTION Foo): input0:1:20
/** @constructor */ function Foo() {} /** @private */ Foo.prototype.bar_ = function() {};
  Parent(SCRIPT): input0:1:0
/** @constructor */ function Foo() {} /** @private */ Foo.prototype.bar_ = function() {};
<br>
<br>
<code>java.lang.RuntimeException: INTERNAL COMPILER ERROR.<br>Please report this problem.<br>null<br>  Node(FUNCTION Foo): input0:1:20<br>/** @constructor */ function Foo() {} /** @private */ Foo.prototype.bar_ = function() {};<br>  Parent(SCRIPT): input0:1:0<br>/** @constructor */ function Foo() {} /** @private */ Foo.prototype.bar_ = function() {};<br>
<br>	at com.google.javascript.jscomp.CheckAccessControls.checkFinalClassOverrides(CheckAccessControls.java:368)<br>	at com.google.javascript.jscomp.CheckAccessControls.visit(CheckAccessControls.java:240)<br>	at com.google.javascript.jscomp.NodeTraversal.traverseBranch(NodeTraversal.java:505)<br>	at com.google.javascript.jscomp.NodeTraversal.traverseBranch(NodeTraversal.java:498)<br>	at com.google.javascript.jscomp.NodeTraversal.traverseBranch(NodeTraversal.java:498)<br>	at com.google.javascript.jscomp.NodeTraversal.traverse(NodeTraversal.java:277)<br>	at com.google.javascript.jscomp.NodeTraversal.traverse(NodeTraversal.java:456)<br>	at com.google.javascript.jscomp.CheckAccessControls.process(CheckAccessControls.java:130)<br>	at com.google.javascript.jscomp.CompilerTestCase.test(CompilerTestCase.java:804)<br>	at com.google.javascript.jscomp.CompilerTestCase.test(CompilerTestCase.java:517)<br>	at com.google.javascript.jscomp.CompilerTestCase.test(CompilerTestCase.java:491)<br>	at com.google.javascript.jscomp.CompilerTestCase.test(CompilerTestCase.java:476)<br>	at com.google.javascript.jscomp.CheckAccessControlsTest.testNoPrivateAccessForProperties3(CheckAccessControlsTest.java:381)<br>Caused by: java.lang.NullPointerException<br>
</code></td><td>0.001</td>
</tr>
<tr valign="top" class="Error">
<td><a name="testNoPrivateAccessForProperties4"></a>testNoPrivateAccessForProperties4</td><td>Error</td><td>INTERNAL COMPILER ERROR.
Please report this problem.
null
  Node(FUNCTION Foo): input0:1:20
/** @constructor */ function Foo() {} /** @private */ Foo.prototype.bar_ = function() {};
  Parent(SCRIPT): input0:1:0
/** @constructor */ function Foo() {} /** @private */ Foo.prototype.bar_ = function() {};
<br>
<br>
<code>java.lang.RuntimeException: INTERNAL COMPILER ERROR.<br>Please report this problem.<br>null<br>  Node(FUNCTION Foo): input0:1:20<br>/** @constructor */ function Foo() {} /** @private */ Foo.prototype.bar_ = function() {};<br>  Parent(SCRIPT): input0:1:0<br>/** @constructor */ function Foo() {} /** @private */ Foo.prototype.bar_ = function() {};<br>
<br>	at com.google.javascript.jscomp.CheckAccessControls.checkFinalClassOverrides(CheckAccessControls.java:368)<br>	at com.google.javascript.jscomp.CheckAccessControls.visit(CheckAccessControls.java:240)<br>	at com.google.javascript.jscomp.NodeTraversal.traverseBranch(NodeTraversal.java:505)<br>	at com.google.javascript.jscomp.NodeTraversal.traverseBranch(NodeTraversal.java:498)<br>	at com.google.javascript.jscomp.NodeTraversal.traverseBranch(NodeTraversal.java:498)<br>	at com.google.javascript.jscomp.NodeTraversal.traverse(NodeTraversal.java:277)<br>	at com.google.javascript.jscomp.NodeTraversal.traverse(NodeTraversal.java:456)<br>	at com.google.javascript.jscomp.CheckAccessControls.process(CheckAccessControls.java:130)<br>	at com.google.javascript.jscomp.CompilerTestCase.test(CompilerTestCase.java:804)<br>	at com.google.javascript.jscomp.CompilerTestCase.test(CompilerTestCase.java:517)<br>	at com.google.javascript.jscomp.CompilerTestCase.test(CompilerTestCase.java:491)<br>	at com.google.javascript.jscomp.CompilerTestCase.test(CompilerTestCase.java:476)<br>	at com.google.javascript.jscomp.CheckAccessControlsTest.testNoPrivateAccessForProperties4(CheckAccessControlsTest.java:389)<br>Caused by: java.lang.NullPointerException<br>
</code></td><td>0.001</td>
</tr>
<tr valign="top" class="Error">
<td><a name="testNoPrivateAccessForProperties5"></a>testNoPrivateAccessForProperties5</td><td>Error</td><td>INTERNAL COMPILER ERROR.
Please report this problem.
null
  Node(FUNCTION Foo): input0:1:20
/** @constructor */ function Foo() {} /** @private */ Foo.prototype.bar_ = function() {};
  Parent(SCRIPT): input0:1:0
/** @constructor */ function Foo() {} /** @private */ Foo.prototype.bar_ = function() {};
<br>
<br>
<code>java.lang.RuntimeException: INTERNAL COMPILER ERROR.<br>Please report this problem.<br>null<br>  Node(FUNCTION Foo): input0:1:20<br>/** @constructor */ function Foo() {} /** @private */ Foo.prototype.bar_ = function() {};<br>  Parent(SCRIPT): input0:1:0<br>/** @constructor */ function Foo() {} /** @private */ Foo.prototype.bar_ = function() {};<br>
<br>	at com.google.javascript.jscomp.CheckAccessControls.checkFinalClassOverrides(CheckAccessControls.java:368)<br>	at com.google.javascript.jscomp.CheckAccessControls.visit(CheckAccessControls.java:240)<br>	at com.google.javascript.jscomp.NodeTraversal.traverseBranch(NodeTraversal.java:505)<br>	at com.google.javascript.jscomp.NodeTraversal.traverseBranch(NodeTraversal.java:498)<br>	at com.google.javascript.jscomp.NodeTraversal.traverseBranch(NodeTraversal.java:498)<br>	at com.google.javascript.jscomp.NodeTraversal.traverse(NodeTraversal.java:277)<br>	at com.google.javascript.jscomp.NodeTraversal.traverse(NodeTraversal.java:456)<br>	at com.google.javascript.jscomp.CheckAccessControls.process(CheckAccessControls.java:130)<br>	at com.google.javascript.jscomp.CompilerTestCase.test(CompilerTestCase.java:804)<br>	at com.google.javascript.jscomp.CompilerTestCase.test(CompilerTestCase.java:517)<br>	at com.google.javascript.jscomp.CompilerTestCase.test(CompilerTestCase.java:491)<br>	at com.google.javascript.jscomp.CompilerTestCase.test(CompilerTestCase.java:476)<br>	at com.google.javascript.jscomp.CheckAccessControlsTest.testNoPrivateAccessForProperties5(CheckAccessControlsTest.java:398)<br>Caused by: java.lang.NullPointerException<br>
</code></td><td>0.001</td>
</tr>
<tr valign="top" class="Error">
<td><a name="testNoPrivateAccessForProperties6"></a>testNoPrivateAccessForProperties6</td><td>Error</td><td>INTERNAL COMPILER ERROR.
Please report this problem.
null
  Node(FUNCTION Foo): input0:1:20
/** @constructor */ function Foo() {} /** @private */ Foo.prototype.bar_ = function() {};
  Parent(SCRIPT): input0:1:0
/** @constructor */ function Foo() {} /** @private */ Foo.prototype.bar_ = function() {};
<br>
<br>
<code>java.lang.RuntimeException: INTERNAL COMPILER ERROR.<br>Please report this problem.<br>null<br>  Node(FUNCTION Foo): input0:1:20<br>/** @constructor */ function Foo() {} /** @private */ Foo.prototype.bar_ = function() {};<br>  Parent(SCRIPT): input0:1:0<br>/** @constructor */ function Foo() {} /** @private */ Foo.prototype.bar_ = function() {};<br>
<br>	at com.google.javascript.jscomp.CheckAccessControls.checkFinalClassOverrides(CheckAccessControls.java:368)<br>	at com.google.javascript.jscomp.CheckAccessControls.visit(CheckAccessControls.java:240)<br>	at com.google.javascript.jscomp.NodeTraversal.traverseBranch(NodeTraversal.java:505)<br>	at com.google.javascript.jscomp.NodeTraversal.traverseBranch(NodeTraversal.java:498)<br>	at com.google.javascript.jscomp.NodeTraversal.traverseBranch(NodeTraversal.java:498)<br>	at com.google.javascript.jscomp.NodeTraversal.traverse(NodeTraversal.java:277)<br>	at com.google.javascript.jscomp.NodeTraversal.traverse(NodeTraversal.java:456)<br>	at com.google.javascript.jscomp.CheckAccessControls.process(CheckAccessControls.java:130)<br>	at com.google.javascript.jscomp.CompilerTestCase.test(CompilerTestCase.java:804)<br>	at com.google.javascript.jscomp.CompilerTestCase.test(CompilerTestCase.java:517)<br>	at com.google.javascript.jscomp.CompilerTestCase.test(CompilerTestCase.java:491)<br>	at com.google.javascript.jscomp.CompilerTestCase.test(CompilerTestCase.java:476)<br>	at com.google.javascript.jscomp.CheckAccessControlsTest.testNoPrivateAccessForProperties6(CheckAccessControlsTest.java:410)<br>Caused by: java.lang.NullPointerException<br>
</code></td><td>0.001</td>
</tr>
<tr valign="top" class="Error">
<td><a name="testNoPrivateAccessForProperties7"></a>testNoPrivateAccessForProperties7</td><td>Error</td><td>INTERNAL COMPILER ERROR.
Please report this problem.
null
  Node(FUNCTION Foo): input0:1:20
/** @constructor */ function Foo() {} /** @private */ Foo.prototype.bar_ = function() {};/** @constructor 
  Parent(SCRIPT): input0:1:0
/** @constructor */ function Foo() {} /** @private */ Foo.prototype.bar_ = function() {};/** @constructor 
<br>
<br>
<code>java.lang.RuntimeException: INTERNAL COMPILER ERROR.<br>Please report this problem.<br>null<br>  Node(FUNCTION Foo): input0:1:20<br>/** @constructor */ function Foo() {} /** @private */ Foo.prototype.bar_ = function() {};/** @constructor <br>  Parent(SCRIPT): input0:1:0<br>/** @constructor */ function Foo() {} /** @private */ Foo.prototype.bar_ = function() {};/** @constructor <br>
<br>	at com.google.javascript.jscomp.CheckAccessControls.checkFinalClassOverrides(CheckAccessControls.java:368)<br>	at com.google.javascript.jscomp.CheckAccessControls.visit(CheckAccessControls.java:240)<br>	at com.google.javascript.jscomp.NodeTraversal.traverseBranch(NodeTraversal.java:505)<br>	at com.google.javascript.jscomp.NodeTraversal.traverseBranch(NodeTraversal.java:498)<br>	at com.google.javascript.jscomp.NodeTraversal.traverseBranch(NodeTraversal.java:498)<br>	at com.google.javascript.jscomp.NodeTraversal.traverse(NodeTraversal.java:277)<br>	at com.google.javascript.jscomp.NodeTraversal.traverse(NodeTraversal.java:456)<br>	at com.google.javascript.jscomp.CheckAccessControls.process(CheckAccessControls.java:130)<br>	at com.google.javascript.jscomp.CompilerTestCase.test(CompilerTestCase.java:804)<br>	at com.google.javascript.jscomp.CompilerTestCase.test(CompilerTestCase.java:517)<br>	at com.google.javascript.jscomp.CompilerTestCase.test(CompilerTestCase.java:491)<br>	at com.google.javascript.jscomp.CompilerTestCase.test(CompilerTestCase.java:476)<br>	at com.google.javascript.jscomp.CheckAccessControlsTest.testNoPrivateAccessForProperties7(CheckAccessControlsTest.java:422)<br>Caused by: java.lang.NullPointerException<br>
</code></td><td>0.001</td>
</tr>
<tr valign="top" class="Error">
<td><a name="testNoPrivateAccessForProperties8"></a>testNoPrivateAccessForProperties8</td><td>Error</td><td>INTERNAL COMPILER ERROR.
Please report this problem.
null
  Node(FUNCTION Foo): input0:1:20
/** @constructor */ function Foo() { /** @private */ this.bar_ = 3; }
  Parent(SCRIPT): input0:1:0
/** @constructor */ function Foo() { /** @private */ this.bar_ = 3; }
<br>
<br>
<code>java.lang.RuntimeException: INTERNAL COMPILER ERROR.<br>Please report this problem.<br>null<br>  Node(FUNCTION Foo): input0:1:20<br>/** @constructor */ function Foo() { /** @private */ this.bar_ = 3; }<br>  Parent(SCRIPT): input0:1:0<br>/** @constructor */ function Foo() { /** @private */ this.bar_ = 3; }<br>
<br>	at com.google.javascript.jscomp.CheckAccessControls.checkFinalClassOverrides(CheckAccessControls.java:368)<br>	at com.google.javascript.jscomp.CheckAccessControls.visit(CheckAccessControls.java:240)<br>	at com.google.javascript.jscomp.NodeTraversal.traverseBranch(NodeTraversal.java:505)<br>	at com.google.javascript.jscomp.NodeTraversal.traverseBranch(NodeTraversal.java:498)<br>	at com.google.javascript.jscomp.NodeTraversal.traverseBranch(NodeTraversal.java:498)<br>	at com.google.javascript.jscomp.NodeTraversal.traverse(NodeTraversal.java:277)<br>	at com.google.javascript.jscomp.NodeTraversal.traverse(NodeTraversal.java:456)<br>	at com.google.javascript.jscomp.CheckAccessControls.process(CheckAccessControls.java:130)<br>	at com.google.javascript.jscomp.CompilerTestCase.test(CompilerTestCase.java:804)<br>	at com.google.javascript.jscomp.CompilerTestCase.test(CompilerTestCase.java:517)<br>	at com.google.javascript.jscomp.CompilerTestCase.test(CompilerTestCase.java:491)<br>	at com.google.javascript.jscomp.CompilerTestCase.test(CompilerTestCase.java:476)<br>	at com.google.javascript.jscomp.CheckAccessControlsTest.testNoPrivateAccessForProperties8(CheckAccessControlsTest.java:433)<br>Caused by: java.lang.NullPointerException<br>
</code></td><td>0.001</td>
</tr>
<tr valign="top" class="Error">
<td><a name="testProtectedAccessForProperties1"></a>testProtectedAccessForProperties1</td><td>Error</td><td>INTERNAL COMPILER ERROR.
Please report this problem.
null
  Node(FUNCTION Foo): input0:1:20
/** @constructor */ function Foo() {}/** @protected */ Foo.prototype.bar = function() {};(new Foo).bar();
  Parent(SCRIPT): input0:1:0
/** @constructor */ function Foo() {}/** @protected */ Foo.prototype.bar = function() {};(new Foo).bar();
<br>
<br>
<code>java.lang.RuntimeException: INTERNAL COMPILER ERROR.<br>Please report this problem.<br>null<br>  Node(FUNCTION Foo): input0:1:20<br>/** @constructor */ function Foo() {}/** @protected */ Foo.prototype.bar = function() {};(new Foo).bar();<br>  Parent(SCRIPT): input0:1:0<br>/** @constructor */ function Foo() {}/** @protected */ Foo.prototype.bar = function() {};(new Foo).bar();<br>
<br>	at com.google.javascript.jscomp.CheckAccessControls.checkFinalClassOverrides(CheckAccessControls.java:368)<br>	at com.google.javascript.jscomp.CheckAccessControls.visit(CheckAccessControls.java:240)<br>	at com.google.javascript.jscomp.NodeTraversal.traverseBranch(NodeTraversal.java:505)<br>	at com.google.javascript.jscomp.NodeTraversal.traverseBranch(NodeTraversal.java:498)<br>	at com.google.javascript.jscomp.NodeTraversal.traverseBranch(NodeTraversal.java:498)<br>	at com.google.javascript.jscomp.NodeTraversal.traverse(NodeTraversal.java:277)<br>	at com.google.javascript.jscomp.NodeTraversal.traverse(NodeTraversal.java:456)<br>	at com.google.javascript.jscomp.CheckAccessControls.process(CheckAccessControls.java:130)<br>	at com.google.javascript.jscomp.CompilerTestCase.test(CompilerTestCase.java:804)<br>	at com.google.javascript.jscomp.CompilerTestCase.test(CompilerTestCase.java:517)<br>	at com.google.javascript.jscomp.CompilerTestCase.test(CompilerTestCase.java:491)<br>	at com.google.javascript.jscomp.CompilerTestCase.test(CompilerTestCase.java:476)<br>	at com.google.javascript.jscomp.CompilerTestCase.test(CompilerTestCase.java:464)<br>	at com.google.javascript.jscomp.CompilerTestCase.testSame(CompilerTestCase.java:653)<br>	at com.google.javascript.jscomp.CheckAccessControlsTest.testProtectedAccessForProperties1(CheckAccessControlsTest.java:441)<br>Caused by: java.lang.NullPointerException<br>
</code></td><td>0.001</td>
</tr>
<tr valign="top" class="Error">
<td><a name="testProtectedAccessForProperties2"></a>testProtectedAccessForProperties2</td><td>Error</td><td>INTERNAL COMPILER ERROR.
Please report this problem.
null
  Node(FUNCTION Foo): input0:1:20
/** @constructor */ function Foo() {}/** @protected */ Foo.prototype.bar = function() {};(new Foo).bar();
  Parent(SCRIPT): input0:1:0
/** @constructor */ function Foo() {}/** @protected */ Foo.prototype.bar = function() {};(new Foo).bar();
<br>
<br>
<code>java.lang.RuntimeException: INTERNAL COMPILER ERROR.<br>Please report this problem.<br>null<br>  Node(FUNCTION Foo): input0:1:20<br>/** @constructor */ function Foo() {}/** @protected */ Foo.prototype.bar = function() {};(new Foo).bar();<br>  Parent(SCRIPT): input0:1:0<br>/** @constructor */ function Foo() {}/** @protected */ Foo.prototype.bar = function() {};(new Foo).bar();<br>
<br>	at com.google.javascript.jscomp.CheckAccessControls.checkFinalClassOverrides(CheckAccessControls.java:368)<br>	at com.google.javascript.jscomp.CheckAccessControls.visit(CheckAccessControls.java:240)<br>	at com.google.javascript.jscomp.NodeTraversal.traverseBranch(NodeTraversal.java:505)<br>	at com.google.javascript.jscomp.NodeTraversal.traverseBranch(NodeTraversal.java:498)<br>	at com.google.javascript.jscomp.NodeTraversal.traverseBranch(NodeTraversal.java:498)<br>	at com.google.javascript.jscomp.NodeTraversal.traverse(NodeTraversal.java:277)<br>	at com.google.javascript.jscomp.NodeTraversal.traverse(NodeTraversal.java:456)<br>	at com.google.javascript.jscomp.CheckAccessControls.process(CheckAccessControls.java:130)<br>	at com.google.javascript.jscomp.CompilerTestCase.test(CompilerTestCase.java:804)<br>	at com.google.javascript.jscomp.CompilerTestCase.test(CompilerTestCase.java:517)<br>	at com.google.javascript.jscomp.CompilerTestCase.test(CompilerTestCase.java:491)<br>	at com.google.javascript.jscomp.CompilerTestCase.test(CompilerTestCase.java:476)<br>	at com.google.javascript.jscomp.CompilerTestCase.test(CompilerTestCase.java:464)<br>	at com.google.javascript.jscomp.CompilerTestCase.testSame(CompilerTestCase.java:653)<br>	at com.google.javascript.jscomp.CheckAccessControlsTest.testProtectedAccessForProperties2(CheckAccessControlsTest.java:450)<br>Caused by: java.lang.NullPointerException<br>
</code></td><td>0.001</td>
</tr>
<tr valign="top" class="Error">
<td><a name="testProtectedAccessForProperties3"></a>testProtectedAccessForProperties3</td><td>Error</td><td>INTERNAL COMPILER ERROR.
Please report this problem.
null
  Node(FUNCTION Foo): input0:1:20
/** @constructor */ function Foo() {}/** @protected */ Foo.prototype.bar = function() {};(new Foo).bar();
  Parent(SCRIPT): input0:1:0
/** @constructor */ function Foo() {}/** @protected */ Foo.prototype.bar = function() {};(new Foo).bar();
<br>
<br>
<code>java.lang.RuntimeException: INTERNAL COMPILER ERROR.<br>Please report this problem.<br>null<br>  Node(FUNCTION Foo): input0:1:20<br>/** @constructor */ function Foo() {}/** @protected */ Foo.prototype.bar = function() {};(new Foo).bar();<br>  Parent(SCRIPT): input0:1:0<br>/** @constructor */ function Foo() {}/** @protected */ Foo.prototype.bar = function() {};(new Foo).bar();<br>
<br>	at com.google.javascript.jscomp.CheckAccessControls.checkFinalClassOverrides(CheckAccessControls.java:368)<br>	at com.google.javascript.jscomp.CheckAccessControls.visit(CheckAccessControls.java:240)<br>	at com.google.javascript.jscomp.NodeTraversal.traverseBranch(NodeTraversal.java:505)<br>	at com.google.javascript.jscomp.NodeTraversal.traverseBranch(NodeTraversal.java:498)<br>	at com.google.javascript.jscomp.NodeTraversal.traverseBranch(NodeTraversal.java:498)<br>	at com.google.javascript.jscomp.NodeTraversal.traverse(NodeTraversal.java:277)<br>	at com.google.javascript.jscomp.NodeTraversal.traverse(NodeTraversal.java:456)<br>	at com.google.javascript.jscomp.CheckAccessControls.process(CheckAccessControls.java:130)<br>	at com.google.javascript.jscomp.CompilerTestCase.test(CompilerTestCase.java:804)<br>	at com.google.javascript.jscomp.CompilerTestCase.test(CompilerTestCase.java:517)<br>	at com.google.javascript.jscomp.CompilerTestCase.test(CompilerTestCase.java:491)<br>	at com.google.javascript.jscomp.CompilerTestCase.test(CompilerTestCase.java:476)<br>	at com.google.javascript.jscomp.CompilerTestCase.test(CompilerTestCase.java:464)<br>	at com.google.javascript.jscomp.CompilerTestCase.testSame(CompilerTestCase.java:653)<br>	at com.google.javascript.jscomp.CheckAccessControlsTest.testProtectedAccessForProperties3(CheckAccessControlsTest.java:460)<br>Caused by: java.lang.NullPointerException<br>
</code></td><td>0.001</td>
</tr>
<tr valign="top" class="Error">
<td><a name="testProtectedAccessForProperties4"></a>testProtectedAccessForProperties4</td><td>Error</td><td>INTERNAL COMPILER ERROR.
Please report this problem.
null
  Node(FUNCTION Foo): input0:1:20
/** @constructor */ function Foo() {}/** @protected */ Foo.bar = function() {};
  Parent(SCRIPT): input0:1:0
/** @constructor */ function Foo() {}/** @protected */ Foo.bar = function() {};
<br>
<br>
<code>java.lang.RuntimeException: INTERNAL COMPILER ERROR.<br>Please report this problem.<br>null<br>  Node(FUNCTION Foo): input0:1:20<br>/** @constructor */ function Foo() {}/** @protected */ Foo.bar = function() {};<br>  Parent(SCRIPT): input0:1:0<br>/** @constructor */ function Foo() {}/** @protected */ Foo.bar = function() {};<br>
<br>	at com.google.javascript.jscomp.CheckAccessControls.checkFinalClassOverrides(CheckAccessControls.java:368)<br>	at com.google.javascript.jscomp.CheckAccessControls.visit(CheckAccessControls.java:240)<br>	at com.google.javascript.jscomp.NodeTraversal.traverseBranch(NodeTraversal.java:505)<br>	at com.google.javascript.jscomp.NodeTraversal.traverseBranch(NodeTraversal.java:498)<br>	at com.google.javascript.jscomp.NodeTraversal.traverseBranch(NodeTraversal.java:498)<br>	at com.google.javascript.jscomp.NodeTraversal.traverse(NodeTraversal.java:277)<br>	at com.google.javascript.jscomp.NodeTraversal.traverse(NodeTraversal.java:456)<br>	at com.google.javascript.jscomp.CheckAccessControls.process(CheckAccessControls.java:130)<br>	at com.google.javascript.jscomp.CompilerTestCase.test(CompilerTestCase.java:804)<br>	at com.google.javascript.jscomp.CompilerTestCase.test(CompilerTestCase.java:517)<br>	at com.google.javascript.jscomp.CompilerTestCase.test(CompilerTestCase.java:491)<br>	at com.google.javascript.jscomp.CompilerTestCase.test(CompilerTestCase.java:476)<br>	at com.google.javascript.jscomp.CompilerTestCase.test(CompilerTestCase.java:464)<br>	at com.google.javascript.jscomp.CompilerTestCase.testSame(CompilerTestCase.java:653)<br>	at com.google.javascript.jscomp.CheckAccessControlsTest.testProtectedAccessForProperties4(CheckAccessControlsTest.java:471)<br>Caused by: java.lang.NullPointerException<br>
</code></td><td>0.001</td>
</tr>
<tr valign="top" class="Error">
<td><a name="testProtectedAccessForProperties5"></a>testProtectedAccessForProperties5</td><td>Error</td><td>INTERNAL COMPILER ERROR.
Please report this problem.
null
  Node(FUNCTION Foo): input0:1:20
/** @constructor */ function Foo() {}/** @protected */ Foo.prototype.bar = function() {};(new Foo).bar();
  Parent(SCRIPT): input0:1:0
/** @constructor */ function Foo() {}/** @protected */ Foo.prototype.bar = function() {};(new Foo).bar();
<br>
<br>
<code>java.lang.RuntimeException: INTERNAL COMPILER ERROR.<br>Please report this problem.<br>null<br>  Node(FUNCTION Foo): input0:1:20<br>/** @constructor */ function Foo() {}/** @protected */ Foo.prototype.bar = function() {};(new Foo).bar();<br>  Parent(SCRIPT): input0:1:0<br>/** @constructor */ function Foo() {}/** @protected */ Foo.prototype.bar = function() {};(new Foo).bar();<br>
<br>	at com.google.javascript.jscomp.CheckAccessControls.checkFinalClassOverrides(CheckAccessControls.java:368)<br>	at com.google.javascript.jscomp.CheckAccessControls.visit(CheckAccessControls.java:240)<br>	at com.google.javascript.jscomp.NodeTraversal.traverseBranch(NodeTraversal.java:505)<br>	at com.google.javascript.jscomp.NodeTraversal.traverseBranch(NodeTraversal.java:498)<br>	at com.google.javascript.jscomp.NodeTraversal.traverseBranch(NodeTraversal.java:498)<br>	at com.google.javascript.jscomp.NodeTraversal.traverse(NodeTraversal.java:277)<br>	at com.google.javascript.jscomp.NodeTraversal.traverse(NodeTraversal.java:456)<br>	at com.google.javascript.jscomp.CheckAccessControls.process(CheckAccessControls.java:130)<br>	at com.google.javascript.jscomp.CompilerTestCase.test(CompilerTestCase.java:804)<br>	at com.google.javascript.jscomp.CompilerTestCase.test(CompilerTestCase.java:517)<br>	at com.google.javascript.jscomp.CompilerTestCase.test(CompilerTestCase.java:491)<br>	at com.google.javascript.jscomp.CompilerTestCase.test(CompilerTestCase.java:476)<br>	at com.google.javascript.jscomp.CompilerTestCase.test(CompilerTestCase.java:464)<br>	at com.google.javascript.jscomp.CompilerTestCase.testSame(CompilerTestCase.java:653)<br>	at com.google.javascript.jscomp.CheckAccessControlsTest.testProtectedAccessForProperties5(CheckAccessControlsTest.java:480)<br>Caused by: java.lang.NullPointerException<br>
</code></td><td>0.001</td>
</tr>
<tr valign="top" class="Error">
<td><a name="testProtectedAccessForProperties6"></a>testProtectedAccessForProperties6</td><td>Error</td><td>INTERNAL COMPILER ERROR.
Please report this problem.
null
  Node(FUNCTION ): input0:1:45
var goog = {};/** @constructor */ goog.Foo = function() {};/** @protected */ goog.Foo.prototype.bar = function() {};
  Parent(ASSIGN): input0:1:34
var goog = {};/** @constructor */ goog.Foo = function() {};/** @protected */ goog.Foo.prototype.bar = function() {};
<br>
<br>
<code>java.lang.RuntimeException: INTERNAL COMPILER ERROR.<br>Please report this problem.<br>null<br>  Node(FUNCTION ): input0:1:45<br>var goog = {};/** @constructor */ goog.Foo = function() {};/** @protected */ goog.Foo.prototype.bar = function() {};<br>  Parent(ASSIGN): input0:1:34<br>var goog = {};/** @constructor */ goog.Foo = function() {};/** @protected */ goog.Foo.prototype.bar = function() {};<br>
<br>	at com.google.javascript.jscomp.CheckAccessControls.checkFinalClassOverrides(CheckAccessControls.java:368)<br>	at com.google.javascript.jscomp.CheckAccessControls.visit(CheckAccessControls.java:240)<br>	at com.google.javascript.jscomp.NodeTraversal.traverseBranch(NodeTraversal.java:505)<br>	at com.google.javascript.jscomp.NodeTraversal.traverseBranch(NodeTraversal.java:498)<br>	at com.google.javascript.jscomp.NodeTraversal.traverseBranch(NodeTraversal.java:498)<br>	at com.google.javascript.jscomp.NodeTraversal.traverseBranch(NodeTraversal.java:498)<br>	at com.google.javascript.jscomp.NodeTraversal.traverseBranch(NodeTraversal.java:498)<br>	at com.google.javascript.jscomp.NodeTraversal.traverse(NodeTraversal.java:277)<br>	at com.google.javascript.jscomp.NodeTraversal.traverse(NodeTraversal.java:456)<br>	at com.google.javascript.jscomp.CheckAccessControls.process(CheckAccessControls.java:130)<br>	at com.google.javascript.jscomp.CompilerTestCase.test(CompilerTestCase.java:804)<br>	at com.google.javascript.jscomp.CompilerTestCase.test(CompilerTestCase.java:517)<br>	at com.google.javascript.jscomp.CompilerTestCase.test(CompilerTestCase.java:491)<br>	at com.google.javascript.jscomp.CompilerTestCase.test(CompilerTestCase.java:476)<br>	at com.google.javascript.jscomp.CompilerTestCase.test(CompilerTestCase.java:464)<br>	at com.google.javascript.jscomp.CompilerTestCase.testSame(CompilerTestCase.java:653)<br>	at com.google.javascript.jscomp.CheckAccessControlsTest.testProtectedAccessForProperties6(CheckAccessControlsTest.java:490)<br>Caused by: java.lang.NullPointerException<br>
</code></td><td>0.001</td>
</tr>
<tr valign="top" class="Error">
<td><a name="testNoProtectedAccessForProperties1"></a>testNoProtectedAccessForProperties1</td><td>Error</td><td>INTERNAL COMPILER ERROR.
Please report this problem.
null
  Node(FUNCTION Foo): input0:1:20
/** @constructor */ function Foo() {} /** @protected */ Foo.prototype.bar = function() {};
  Parent(SCRIPT): input0:1:0
/** @constructor */ function Foo() {} /** @protected */ Foo.prototype.bar = function() {};
<br>
<br>
<code>java.lang.RuntimeException: INTERNAL COMPILER ERROR.<br>Please report this problem.<br>null<br>  Node(FUNCTION Foo): input0:1:20<br>/** @constructor */ function Foo() {} /** @protected */ Foo.prototype.bar = function() {};<br>  Parent(SCRIPT): input0:1:0<br>/** @constructor */ function Foo() {} /** @protected */ Foo.prototype.bar = function() {};<br>
<br>	at com.google.javascript.jscomp.CheckAccessControls.checkFinalClassOverrides(CheckAccessControls.java:368)<br>	at com.google.javascript.jscomp.CheckAccessControls.visit(CheckAccessControls.java:240)<br>	at com.google.javascript.jscomp.NodeTraversal.traverseBranch(NodeTraversal.java:505)<br>	at com.google.javascript.jscomp.NodeTraversal.traverseBranch(NodeTraversal.java:498)<br>	at com.google.javascript.jscomp.NodeTraversal.traverseBranch(NodeTraversal.java:498)<br>	at com.google.javascript.jscomp.NodeTraversal.traverse(NodeTraversal.java:277)<br>	at com.google.javascript.jscomp.NodeTraversal.traverse(NodeTraversal.java:456)<br>	at com.google.javascript.jscomp.CheckAccessControls.process(CheckAccessControls.java:130)<br>	at com.google.javascript.jscomp.CompilerTestCase.test(CompilerTestCase.java:804)<br>	at com.google.javascript.jscomp.CompilerTestCase.test(CompilerTestCase.java:517)<br>	at com.google.javascript.jscomp.CompilerTestCase.test(CompilerTestCase.java:491)<br>	at com.google.javascript.jscomp.CompilerTestCase.test(CompilerTestCase.java:476)<br>	at com.google.javascript.jscomp.CheckAccessControlsTest.testNoProtectedAccessForProperties1(CheckAccessControlsTest.java:500)<br>Caused by: java.lang.NullPointerException<br>
</code></td><td>0.001</td>
</tr>
<tr valign="top" class="Error">
<td><a name="testNoProtectedAccessForProperties2"></a>testNoProtectedAccessForProperties2</td><td>Error</td><td>INTERNAL COMPILER ERROR.
Please report this problem.
null
  Node(FUNCTION Foo): input0:1:20
/** @constructor */ function Foo() {} /** @protected */ Foo.prototype.bar = function() {};
  Parent(SCRIPT): input0:1:0
/** @constructor */ function Foo() {} /** @protected */ Foo.prototype.bar = function() {};
<br>
<br>
<code>java.lang.RuntimeException: INTERNAL COMPILER ERROR.<br>Please report this problem.<br>null<br>  Node(FUNCTION Foo): input0:1:20<br>/** @constructor */ function Foo() {} /** @protected */ Foo.prototype.bar = function() {};<br>  Parent(SCRIPT): input0:1:0<br>/** @constructor */ function Foo() {} /** @protected */ Foo.prototype.bar = function() {};<br>
<br>	at com.google.javascript.jscomp.CheckAccessControls.checkFinalClassOverrides(CheckAccessControls.java:368)<br>	at com.google.javascript.jscomp.CheckAccessControls.visit(CheckAccessControls.java:240)<br>	at com.google.javascript.jscomp.NodeTraversal.traverseBranch(NodeTraversal.java:505)<br>	at com.google.javascript.jscomp.NodeTraversal.traverseBranch(NodeTraversal.java:498)<br>	at com.google.javascript.jscomp.NodeTraversal.traverseBranch(NodeTraversal.java:498)<br>	at com.google.javascript.jscomp.NodeTraversal.traverse(NodeTraversal.java:277)<br>	at com.google.javascript.jscomp.NodeTraversal.traverse(NodeTraversal.java:456)<br>	at com.google.javascript.jscomp.CheckAccessControls.process(CheckAccessControls.java:130)<br>	at com.google.javascript.jscomp.CompilerTestCase.test(CompilerTestCase.java:804)<br>	at com.google.javascript.jscomp.CompilerTestCase.test(CompilerTestCase.java:517)<br>	at com.google.javascript.jscomp.CompilerTestCase.test(CompilerTestCase.java:491)<br>	at com.google.javascript.jscomp.CompilerTestCase.test(CompilerTestCase.java:476)<br>	at com.google.javascript.jscomp.CheckAccessControlsTest.testNoProtectedAccessForProperties2(CheckAccessControlsTest.java:508)<br>Caused by: java.lang.NullPointerException<br>
</code></td><td>0.001</td>
</tr>
<tr valign="top" class="Error">
<td><a name="testNoProtectedAccessForProperties3"></a>testNoProtectedAccessForProperties3</td><td>Error</td><td>INTERNAL COMPILER ERROR.
Please report this problem.
null
  Node(FUNCTION Foo): input0:1:20
/** @constructor */ function Foo() {} /** @constructor 
  Parent(SCRIPT): input0:1:0
/** @constructor */ function Foo() {} /** @constructor 
<br>
<br>
<code>java.lang.RuntimeException: INTERNAL COMPILER ERROR.<br>Please report this problem.<br>null<br>  Node(FUNCTION Foo): input0:1:20<br>/** @constructor */ function Foo() {} /** @constructor <br>  Parent(SCRIPT): input0:1:0<br>/** @constructor */ function Foo() {} /** @constructor <br>
<br>	at com.google.javascript.jscomp.CheckAccessControls.checkFinalClassOverrides(CheckAccessControls.java:368)<br>	at com.google.javascript.jscomp.CheckAccessControls.visit(CheckAccessControls.java:240)<br>	at com.google.javascript.jscomp.NodeTraversal.traverseBranch(NodeTraversal.java:505)<br>	at com.google.javascript.jscomp.NodeTraversal.traverseBranch(NodeTraversal.java:498)<br>	at com.google.javascript.jscomp.NodeTraversal.traverseBranch(NodeTraversal.java:498)<br>	at com.google.javascript.jscomp.NodeTraversal.traverse(NodeTraversal.java:277)<br>	at com.google.javascript.jscomp.NodeTraversal.traverse(NodeTraversal.java:456)<br>	at com.google.javascript.jscomp.CheckAccessControls.process(CheckAccessControls.java:130)<br>	at com.google.javascript.jscomp.CompilerTestCase.test(CompilerTestCase.java:804)<br>	at com.google.javascript.jscomp.CompilerTestCase.test(CompilerTestCase.java:517)<br>	at com.google.javascript.jscomp.CompilerTestCase.test(CompilerTestCase.java:491)<br>	at com.google.javascript.jscomp.CompilerTestCase.test(CompilerTestCase.java:476)<br>	at com.google.javascript.jscomp.CheckAccessControlsTest.testNoProtectedAccessForProperties3(CheckAccessControlsTest.java:516)<br>Caused by: java.lang.NullPointerException<br>
</code></td><td>0.002</td>
</tr>
<tr valign="top" class="Error">
<td><a name="testNoProtectedAccessForProperties4"></a>testNoProtectedAccessForProperties4</td><td>Error</td><td>INTERNAL COMPILER ERROR.
Please report this problem.
null
  Node(FUNCTION Foo): input0:1:20
/** @constructor */ function Foo() { (new SubFoo).bar(); } 
  Parent(SCRIPT): input0:1:0
/** @constructor */ function Foo() { (new SubFoo).bar(); } 
<br>
<br>
<code>java.lang.RuntimeException: INTERNAL COMPILER ERROR.<br>Please report this problem.<br>null<br>  Node(FUNCTION Foo): input0:1:20<br>/** @constructor */ function Foo() { (new SubFoo).bar(); } <br>  Parent(SCRIPT): input0:1:0<br>/** @constructor */ function Foo() { (new SubFoo).bar(); } <br>
<br>	at com.google.javascript.jscomp.CheckAccessControls.checkFinalClassOverrides(CheckAccessControls.java:368)<br>	at com.google.javascript.jscomp.CheckAccessControls.visit(CheckAccessControls.java:240)<br>	at com.google.javascript.jscomp.NodeTraversal.traverseBranch(NodeTraversal.java:505)<br>	at com.google.javascript.jscomp.NodeTraversal.traverseBranch(NodeTraversal.java:498)<br>	at com.google.javascript.jscomp.NodeTraversal.traverseBranch(NodeTraversal.java:498)<br>	at com.google.javascript.jscomp.NodeTraversal.traverse(NodeTraversal.java:277)<br>	at com.google.javascript.jscomp.NodeTraversal.traverse(NodeTraversal.java:456)<br>	at com.google.javascript.jscomp.CheckAccessControls.process(CheckAccessControls.java:130)<br>	at com.google.javascript.jscomp.CompilerTestCase.test(CompilerTestCase.java:804)<br>	at com.google.javascript.jscomp.CompilerTestCase.test(CompilerTestCase.java:517)<br>	at com.google.javascript.jscomp.CompilerTestCase.test(CompilerTestCase.java:491)<br>	at com.google.javascript.jscomp.CompilerTestCase.test(CompilerTestCase.java:476)<br>	at com.google.javascript.jscomp.CheckAccessControlsTest.testNoProtectedAccessForProperties4(CheckAccessControlsTest.java:527)<br>Caused by: java.lang.NullPointerException<br>
</code></td><td>0.001</td>
</tr>
<tr valign="top" class="Error">
<td><a name="testNoProtectedAccessForProperties5"></a>testNoProtectedAccessForProperties5</td><td>Error</td><td>INTERNAL COMPILER ERROR.
Please report this problem.
null
  Node(FUNCTION ): input0:1:45
var goog = {};/** @constructor */ goog.Foo = function() {};/** @protected */ goog.Foo.prototype.bar = function() {};
  Parent(ASSIGN): input0:1:34
var goog = {};/** @constructor */ goog.Foo = function() {};/** @protected */ goog.Foo.prototype.bar = function() {};
<br>
<br>
<code>java.lang.RuntimeException: INTERNAL COMPILER ERROR.<br>Please report this problem.<br>null<br>  Node(FUNCTION ): input0:1:45<br>var goog = {};/** @constructor */ goog.Foo = function() {};/** @protected */ goog.Foo.prototype.bar = function() {};<br>  Parent(ASSIGN): input0:1:34<br>var goog = {};/** @constructor */ goog.Foo = function() {};/** @protected */ goog.Foo.prototype.bar = function() {};<br>
<br>	at com.google.javascript.jscomp.CheckAccessControls.checkFinalClassOverrides(CheckAccessControls.java:368)<br>	at com.google.javascript.jscomp.CheckAccessControls.visit(CheckAccessControls.java:240)<br>	at com.google.javascript.jscomp.NodeTraversal.traverseBranch(NodeTraversal.java:505)<br>	at com.google.javascript.jscomp.NodeTraversal.traverseBranch(NodeTraversal.java:498)<br>	at com.google.javascript.jscomp.NodeTraversal.traverseBranch(NodeTraversal.java:498)<br>	at com.google.javascript.jscomp.NodeTraversal.traverseBranch(NodeTraversal.java:498)<br>	at com.google.javascript.jscomp.NodeTraversal.traverseBranch(NodeTraversal.java:498)<br>	at com.google.javascript.jscomp.NodeTraversal.traverse(NodeTraversal.java:277)<br>	at com.google.javascript.jscomp.NodeTraversal.traverse(NodeTraversal.java:456)<br>	at com.google.javascript.jscomp.CheckAccessControls.process(CheckAccessControls.java:130)<br>	at com.google.javascript.jscomp.CompilerTestCase.test(CompilerTestCase.java:804)<br>	at com.google.javascript.jscomp.CompilerTestCase.test(CompilerTestCase.java:517)<br>	at com.google.javascript.jscomp.CompilerTestCase.test(CompilerTestCase.java:491)<br>	at com.google.javascript.jscomp.CompilerTestCase.test(CompilerTestCase.java:476)<br>	at com.google.javascript.jscomp.CheckAccessControlsTest.testNoProtectedAccessForProperties5(CheckAccessControlsTest.java:536)<br>Caused by: java.lang.NullPointerException<br>
</code></td><td>0.001</td>
</tr>
<tr valign="top" class="Error">
<td><a name="testNoExceptionsWithBadConstructors1"></a>testNoExceptionsWithBadConstructors1</td><td>Error</td><td>INTERNAL COMPILER ERROR.
Please report this problem.
null
  Node(FUNCTION Foo): input0:1:0
function Foo() { (new SubFoo).bar(); } /** @constructor */ function SubFoo() {}/** @protected */ SubFoo.prototype.bar = function() {};
  Parent(SCRIPT): input0:1:0
function Foo() { (new SubFoo).bar(); } /** @constructor */ function SubFoo() {}/** @protected */ SubFoo.prototype.bar = function() {};
<br>
<br>
<code>java.lang.RuntimeException: INTERNAL COMPILER ERROR.<br>Please report this problem.<br>null<br>  Node(FUNCTION Foo): input0:1:0<br>function Foo() { (new SubFoo).bar(); } /** @constructor */ function SubFoo() {}/** @protected */ SubFoo.prototype.bar = function() {};<br>  Parent(SCRIPT): input0:1:0<br>function Foo() { (new SubFoo).bar(); } /** @constructor */ function SubFoo() {}/** @protected */ SubFoo.prototype.bar = function() {};<br>
<br>	at com.google.javascript.jscomp.CheckAccessControls.checkFinalClassOverrides(CheckAccessControls.java:368)<br>	at com.google.javascript.jscomp.CheckAccessControls.visit(CheckAccessControls.java:240)<br>	at com.google.javascript.jscomp.NodeTraversal.traverseBranch(NodeTraversal.java:505)<br>	at com.google.javascript.jscomp.NodeTraversal.traverseBranch(NodeTraversal.java:498)<br>	at com.google.javascript.jscomp.NodeTraversal.traverseBranch(NodeTraversal.java:498)<br>	at com.google.javascript.jscomp.NodeTraversal.traverse(NodeTraversal.java:277)<br>	at com.google.javascript.jscomp.NodeTraversal.traverse(NodeTraversal.java:456)<br>	at com.google.javascript.jscomp.CheckAccessControls.process(CheckAccessControls.java:130)<br>	at com.google.javascript.jscomp.CompilerTestCase.test(CompilerTestCase.java:804)<br>	at com.google.javascript.jscomp.CompilerTestCase.test(CompilerTestCase.java:517)<br>	at com.google.javascript.jscomp.CompilerTestCase.test(CompilerTestCase.java:491)<br>	at com.google.javascript.jscomp.CompilerTestCase.test(CompilerTestCase.java:476)<br>	at com.google.javascript.jscomp.CompilerTestCase.test(CompilerTestCase.java:464)<br>	at com.google.javascript.jscomp.CompilerTestCase.testSame(CompilerTestCase.java:653)<br>	at com.google.javascript.jscomp.CheckAccessControlsTest.testNoExceptionsWithBadConstructors1(CheckAccessControlsTest.java:546)<br>Caused by: java.lang.NullPointerException<br>
</code></td><td>0.001</td>
</tr>
<tr valign="top" class="Error">
<td><a name="testNoExceptionsWithBadConstructors2"></a>testNoExceptionsWithBadConstructors2</td><td>Error</td><td>INTERNAL COMPILER ERROR.
Please report this problem.
null
  Node(FUNCTION Foo): input0:1:20
/** @constructor */ function Foo() {} Foo.prototype.bar = function() {};/** @constructor */function SubFoo() {}/** @protected */ SubFoo.prototype.bar = function() { (new Foo).bar(); };
  Parent(SCRIPT): input0:1:0
/** @constructor */ function Foo() {} Foo.prototype.bar = function() {};/** @constructor */function SubFoo() {}/** @protected */ SubFoo.prototype.bar = function() { (new Foo).bar(); };
<br>
<br>
<code>java.lang.RuntimeException: INTERNAL COMPILER ERROR.<br>Please report this problem.<br>null<br>  Node(FUNCTION Foo): input0:1:20<br>/** @constructor */ function Foo() {} Foo.prototype.bar = function() {};/** @constructor */function SubFoo() {}/** @protected */ SubFoo.prototype.bar = function() { (new Foo).bar(); };<br>  Parent(SCRIPT): input0:1:0<br>/** @constructor */ function Foo() {} Foo.prototype.bar = function() {};/** @constructor */function SubFoo() {}/** @protected */ SubFoo.prototype.bar = function() { (new Foo).bar(); };<br>
<br>	at com.google.javascript.jscomp.CheckAccessControls.checkFinalClassOverrides(CheckAccessControls.java:368)<br>	at com.google.javascript.jscomp.CheckAccessControls.visit(CheckAccessControls.java:240)<br>	at com.google.javascript.jscomp.NodeTraversal.traverseBranch(NodeTraversal.java:505)<br>	at com.google.javascript.jscomp.NodeTraversal.traverseBranch(NodeTraversal.java:498)<br>	at com.google.javascript.jscomp.NodeTraversal.traverseBranch(NodeTraversal.java:498)<br>	at com.google.javascript.jscomp.NodeTraversal.traverse(NodeTraversal.java:277)<br>	at com.google.javascript.jscomp.NodeTraversal.traverse(NodeTraversal.java:456)<br>	at com.google.javascript.jscomp.CheckAccessControls.process(CheckAccessControls.java:130)<br>	at com.google.javascript.jscomp.CompilerTestCase.test(CompilerTestCase.java:804)<br>	at com.google.javascript.jscomp.CompilerTestCase.test(CompilerTestCase.java:517)<br>	at com.google.javascript.jscomp.CompilerTestCase.test(CompilerTestCase.java:491)<br>	at com.google.javascript.jscomp.CompilerTestCase.test(CompilerTestCase.java:476)<br>	at com.google.javascript.jscomp.CompilerTestCase.test(CompilerTestCase.java:464)<br>	at com.google.javascript.jscomp.CompilerTestCase.testSame(CompilerTestCase.java:653)<br>	at com.google.javascript.jscomp.CheckAccessControlsTest.testNoExceptionsWithBadConstructors2(CheckAccessControlsTest.java:554)<br>Caused by: java.lang.NullPointerException<br>
</code></td><td>0.001</td>
</tr>
<tr valign="top" class="Error">
<td><a name="testGoodOverrideOfProtectedProperty"></a>testGoodOverrideOfProtectedProperty</td><td>Error</td><td>INTERNAL COMPILER ERROR.
Please report this problem.
null
  Node(FUNCTION Foo): input0:1:20
/** @constructor */ function Foo() { } /** @protected */ Foo.prototype.bar = function() {};
  Parent(SCRIPT): input0:1:0
/** @constructor */ function Foo() { } /** @protected */ Foo.prototype.bar = function() {};
<br>
<br>
<code>java.lang.RuntimeException: INTERNAL COMPILER ERROR.<br>Please report this problem.<br>null<br>  Node(FUNCTION Foo): input0:1:20<br>/** @constructor */ function Foo() { } /** @protected */ Foo.prototype.bar = function() {};<br>  Parent(SCRIPT): input0:1:0<br>/** @constructor */ function Foo() { } /** @protected */ Foo.prototype.bar = function() {};<br>
<br>	at com.google.javascript.jscomp.CheckAccessControls.checkFinalClassOverrides(CheckAccessControls.java:368)<br>	at com.google.javascript.jscomp.CheckAccessControls.visit(CheckAccessControls.java:240)<br>	at com.google.javascript.jscomp.NodeTraversal.traverseBranch(NodeTraversal.java:505)<br>	at com.google.javascript.jscomp.NodeTraversal.traverseBranch(NodeTraversal.java:498)<br>	at com.google.javascript.jscomp.NodeTraversal.traverseBranch(NodeTraversal.java:498)<br>	at com.google.javascript.jscomp.NodeTraversal.traverse(NodeTraversal.java:277)<br>	at com.google.javascript.jscomp.NodeTraversal.traverse(NodeTraversal.java:456)<br>	at com.google.javascript.jscomp.CheckAccessControls.process(CheckAccessControls.java:130)<br>	at com.google.javascript.jscomp.CompilerTestCase.test(CompilerTestCase.java:804)<br>	at com.google.javascript.jscomp.CompilerTestCase.test(CompilerTestCase.java:517)<br>	at com.google.javascript.jscomp.CompilerTestCase.test(CompilerTestCase.java:491)<br>	at com.google.javascript.jscomp.CompilerTestCase.test(CompilerTestCase.java:476)<br>	at com.google.javascript.jscomp.CompilerTestCase.test(CompilerTestCase.java:464)<br>	at com.google.javascript.jscomp.CompilerTestCase.testSame(CompilerTestCase.java:653)<br>	at com.google.javascript.jscomp.CheckAccessControlsTest.testGoodOverrideOfProtectedProperty(CheckAccessControlsTest.java:565)<br>Caused by: java.lang.NullPointerException<br>
</code></td><td>0.002</td>
</tr>
<tr valign="top" class="Error">
<td><a name="testBadOverrideOfProtectedProperty"></a>testBadOverrideOfProtectedProperty</td><td>Error</td><td>INTERNAL COMPILER ERROR.
Please report this problem.
null
  Node(FUNCTION Foo): input0:1:20
/** @constructor */ function Foo() { } /** @protected */ Foo.prototype.bar = function() {};
  Parent(SCRIPT): input0:1:0
/** @constructor */ function Foo() { } /** @protected */ Foo.prototype.bar = function() {};
<br>
<br>
<code>java.lang.RuntimeException: INTERNAL COMPILER ERROR.<br>Please report this problem.<br>null<br>  Node(FUNCTION Foo): input0:1:20<br>/** @constructor */ function Foo() { } /** @protected */ Foo.prototype.bar = function() {};<br>  Parent(SCRIPT): input0:1:0<br>/** @constructor */ function Foo() { } /** @protected */ Foo.prototype.bar = function() {};<br>
<br>	at com.google.javascript.jscomp.CheckAccessControls.checkFinalClassOverrides(CheckAccessControls.java:368)<br>	at com.google.javascript.jscomp.CheckAccessControls.visit(CheckAccessControls.java:240)<br>	at com.google.javascript.jscomp.NodeTraversal.traverseBranch(NodeTraversal.java:505)<br>	at com.google.javascript.jscomp.NodeTraversal.traverseBranch(NodeTraversal.java:498)<br>	at com.google.javascript.jscomp.NodeTraversal.traverseBranch(NodeTraversal.java:498)<br>	at com.google.javascript.jscomp.NodeTraversal.traverse(NodeTraversal.java:277)<br>	at com.google.javascript.jscomp.NodeTraversal.traverse(NodeTraversal.java:456)<br>	at com.google.javascript.jscomp.CheckAccessControls.process(CheckAccessControls.java:130)<br>	at com.google.javascript.jscomp.CompilerTestCase.test(CompilerTestCase.java:804)<br>	at com.google.javascript.jscomp.CompilerTestCase.test(CompilerTestCase.java:517)<br>	at com.google.javascript.jscomp.CompilerTestCase.test(CompilerTestCase.java:491)<br>	at com.google.javascript.jscomp.CompilerTestCase.test(CompilerTestCase.java:476)<br>	at com.google.javascript.jscomp.CheckAccessControlsTest.testBadOverrideOfProtectedProperty(CheckAccessControlsTest.java:575)<br>Caused by: java.lang.NullPointerException<br>
</code></td><td>0.001</td>
</tr>
<tr valign="top" class="Error">
<td><a name="testBadOverrideOfPrivateProperty"></a>testBadOverrideOfPrivateProperty</td><td>Error</td><td>INTERNAL COMPILER ERROR.
Please report this problem.
null
  Node(FUNCTION Foo): input0:1:20
/** @constructor */ function Foo() { } /** @private */ Foo.prototype.bar = function() {};
  Parent(SCRIPT): input0:1:0
/** @constructor */ function Foo() { } /** @private */ Foo.prototype.bar = function() {};
<br>
<br>
<code>java.lang.RuntimeException: INTERNAL COMPILER ERROR.<br>Please report this problem.<br>null<br>  Node(FUNCTION Foo): input0:1:20<br>/** @constructor */ function Foo() { } /** @private */ Foo.prototype.bar = function() {};<br>  Parent(SCRIPT): input0:1:0<br>/** @constructor */ function Foo() { } /** @private */ Foo.prototype.bar = function() {};<br>
<br>	at com.google.javascript.jscomp.CheckAccessControls.checkFinalClassOverrides(CheckAccessControls.java:368)<br>	at com.google.javascript.jscomp.CheckAccessControls.visit(CheckAccessControls.java:240)<br>	at com.google.javascript.jscomp.NodeTraversal.traverseBranch(NodeTraversal.java:505)<br>	at com.google.javascript.jscomp.NodeTraversal.traverseBranch(NodeTraversal.java:498)<br>	at com.google.javascript.jscomp.NodeTraversal.traverseBranch(NodeTraversal.java:498)<br>	at com.google.javascript.jscomp.NodeTraversal.traverse(NodeTraversal.java:277)<br>	at com.google.javascript.jscomp.NodeTraversal.traverse(NodeTraversal.java:456)<br>	at com.google.javascript.jscomp.CheckAccessControls.process(CheckAccessControls.java:130)<br>	at com.google.javascript.jscomp.CompilerTestCase.test(CompilerTestCase.java:804)<br>	at com.google.javascript.jscomp.CompilerTestCase.test(CompilerTestCase.java:517)<br>	at com.google.javascript.jscomp.CompilerTestCase.test(CompilerTestCase.java:491)<br>	at com.google.javascript.jscomp.CompilerTestCase.test(CompilerTestCase.java:476)<br>	at com.google.javascript.jscomp.CheckAccessControlsTest.testBadOverrideOfPrivateProperty(CheckAccessControlsTest.java:585)<br>Caused by: java.lang.NullPointerException<br>
</code></td><td>0.001</td>
</tr>
<tr valign="top" class="Error">
<td><a name="testAccessOfStaticMethodOnPrivateConstructor"></a>testAccessOfStaticMethodOnPrivateConstructor</td><td>Error</td><td>INTERNAL COMPILER ERROR.
Please report this problem.
null
  Node(FUNCTION Foo): input0:2:15
 * @private */ function Foo() { } Foo.create = function() { return new Foo(); };
  Parent(SCRIPT): input0:1:0
/** @constructor 
<br>
<br>
<code>java.lang.RuntimeException: INTERNAL COMPILER ERROR.<br>Please report this problem.<br>null<br>  Node(FUNCTION Foo): input0:2:15<br> * @private */ function Foo() { } Foo.create = function() { return new Foo(); };<br>  Parent(SCRIPT): input0:1:0<br>/** @constructor <br>
<br>	at com.google.javascript.jscomp.CheckAccessControls.checkFinalClassOverrides(CheckAccessControls.java:368)<br>	at com.google.javascript.jscomp.CheckAccessControls.visit(CheckAccessControls.java:240)<br>	at com.google.javascript.jscomp.NodeTraversal.traverseBranch(NodeTraversal.java:505)<br>	at com.google.javascript.jscomp.NodeTraversal.traverseBranch(NodeTraversal.java:498)<br>	at com.google.javascript.jscomp.NodeTraversal.traverseBranch(NodeTraversal.java:498)<br>	at com.google.javascript.jscomp.NodeTraversal.traverse(NodeTraversal.java:277)<br>	at com.google.javascript.jscomp.NodeTraversal.traverse(NodeTraversal.java:456)<br>	at com.google.javascript.jscomp.CheckAccessControls.process(CheckAccessControls.java:130)<br>	at com.google.javascript.jscomp.CompilerTestCase.test(CompilerTestCase.java:804)<br>	at com.google.javascript.jscomp.CompilerTestCase.test(CompilerTestCase.java:517)<br>	at com.google.javascript.jscomp.CompilerTestCase.test(CompilerTestCase.java:491)<br>	at com.google.javascript.jscomp.CompilerTestCase.test(CompilerTestCase.java:476)<br>	at com.google.javascript.jscomp.CompilerTestCase.test(CompilerTestCase.java:464)<br>	at com.google.javascript.jscomp.CompilerTestCase.testSame(CompilerTestCase.java:653)<br>	at com.google.javascript.jscomp.CheckAccessControlsTest.testAccessOfStaticMethodOnPrivateConstructor(CheckAccessControlsTest.java:604)<br>Caused by: java.lang.NullPointerException<br>
</code></td><td>0.001</td>
</tr>
<tr valign="top" class="Error">
<td><a name="testAccessOfStaticMethodOnPrivateQualifiedConstructor"></a>testAccessOfStaticMethodOnPrivateQualifiedConstructor</td><td>Error</td><td>INTERNAL COMPILER ERROR.
Please report this problem.
null
  Node(FUNCTION ): input0:2:26
 * @private */ goog.Foo = function() { }; goog.Foo.create = function() { return new goog.Foo(); };
  Parent(ASSIGN): input0:2:15
 * @private */ goog.Foo = function() { }; goog.Foo.create = function() { return new goog.Foo(); };
<br>
<br>
<code>java.lang.RuntimeException: INTERNAL COMPILER ERROR.<br>Please report this problem.<br>null<br>  Node(FUNCTION ): input0:2:26<br> * @private */ goog.Foo = function() { }; goog.Foo.create = function() { return new goog.Foo(); };<br>  Parent(ASSIGN): input0:2:15<br> * @private */ goog.Foo = function() { }; goog.Foo.create = function() { return new goog.Foo(); };<br>
<br>	at com.google.javascript.jscomp.CheckAccessControls.checkFinalClassOverrides(CheckAccessControls.java:368)<br>	at com.google.javascript.jscomp.CheckAccessControls.visit(CheckAccessControls.java:240)<br>	at com.google.javascript.jscomp.NodeTraversal.traverseBranch(NodeTraversal.java:505)<br>	at com.google.javascript.jscomp.NodeTraversal.traverseBranch(NodeTraversal.java:498)<br>	at com.google.javascript.jscomp.NodeTraversal.traverseBranch(NodeTraversal.java:498)<br>	at com.google.javascript.jscomp.NodeTraversal.traverseBranch(NodeTraversal.java:498)<br>	at com.google.javascript.jscomp.NodeTraversal.traverseBranch(NodeTraversal.java:498)<br>	at com.google.javascript.jscomp.NodeTraversal.traverse(NodeTraversal.java:277)<br>	at com.google.javascript.jscomp.NodeTraversal.traverse(NodeTraversal.java:456)<br>	at com.google.javascript.jscomp.CheckAccessControls.process(CheckAccessControls.java:130)<br>	at com.google.javascript.jscomp.CompilerTestCase.test(CompilerTestCase.java:804)<br>	at com.google.javascript.jscomp.CompilerTestCase.test(CompilerTestCase.java:517)<br>	at com.google.javascript.jscomp.CompilerTestCase.test(CompilerTestCase.java:491)<br>	at com.google.javascript.jscomp.CompilerTestCase.test(CompilerTestCase.java:476)<br>	at com.google.javascript.jscomp.CompilerTestCase.test(CompilerTestCase.java:464)<br>	at com.google.javascript.jscomp.CompilerTestCase.testSame(CompilerTestCase.java:653)<br>	at com.google.javascript.jscomp.CheckAccessControlsTest.testAccessOfStaticMethodOnPrivateQualifiedConstructor(CheckAccessControlsTest.java:612)<br>Caused by: java.lang.NullPointerException<br>
</code></td><td>0.001</td>
</tr>
<tr valign="top" class="Error">
<td><a name="testInstanceofOfPrivateConstructor"></a>testInstanceofOfPrivateConstructor</td><td>Error</td><td>INTERNAL COMPILER ERROR.
Please report this problem.
null
  Node(FUNCTION ): input0:2:26
 * @private */ goog.Foo = function() { }; goog.Foo.create = function() { return new goog.Foo(); };
  Parent(ASSIGN): input0:2:15
 * @private */ goog.Foo = function() { }; goog.Foo.create = function() { return new goog.Foo(); };
<br>
<br>
<code>java.lang.RuntimeException: INTERNAL COMPILER ERROR.<br>Please report this problem.<br>null<br>  Node(FUNCTION ): input0:2:26<br> * @private */ goog.Foo = function() { }; goog.Foo.create = function() { return new goog.Foo(); };<br>  Parent(ASSIGN): input0:2:15<br> * @private */ goog.Foo = function() { }; goog.Foo.create = function() { return new goog.Foo(); };<br>
<br>	at com.google.javascript.jscomp.CheckAccessControls.checkFinalClassOverrides(CheckAccessControls.java:368)<br>	at com.google.javascript.jscomp.CheckAccessControls.visit(CheckAccessControls.java:240)<br>	at com.google.javascript.jscomp.NodeTraversal.traverseBranch(NodeTraversal.java:505)<br>	at com.google.javascript.jscomp.NodeTraversal.traverseBranch(NodeTraversal.java:498)<br>	at com.google.javascript.jscomp.NodeTraversal.traverseBranch(NodeTraversal.java:498)<br>	at com.google.javascript.jscomp.NodeTraversal.traverseBranch(NodeTraversal.java:498)<br>	at com.google.javascript.jscomp.NodeTraversal.traverseBranch(NodeTraversal.java:498)<br>	at com.google.javascript.jscomp.NodeTraversal.traverse(NodeTraversal.java:277)<br>	at com.google.javascript.jscomp.NodeTraversal.traverse(NodeTraversal.java:456)<br>	at com.google.javascript.jscomp.CheckAccessControls.process(CheckAccessControls.java:130)<br>	at com.google.javascript.jscomp.CompilerTestCase.test(CompilerTestCase.java:804)<br>	at com.google.javascript.jscomp.CompilerTestCase.test(CompilerTestCase.java:517)<br>	at com.google.javascript.jscomp.CompilerTestCase.test(CompilerTestCase.java:491)<br>	at com.google.javascript.jscomp.CompilerTestCase.test(CompilerTestCase.java:476)<br>	at com.google.javascript.jscomp.CompilerTestCase.test(CompilerTestCase.java:464)<br>	at com.google.javascript.jscomp.CompilerTestCase.testSame(CompilerTestCase.java:653)<br>	at com.google.javascript.jscomp.CheckAccessControlsTest.testInstanceofOfPrivateConstructor(CheckAccessControlsTest.java:621)<br>Caused by: java.lang.NullPointerException<br>
</code></td><td>0.001</td>
</tr>
<tr valign="top" class="Error">
<td><a name="testOkAssignmentOfDeprecatedProperty"></a>testOkAssignmentOfDeprecatedProperty</td><td>Error</td><td>INTERNAL COMPILER ERROR.
Please report this problem.
null
  Node(FUNCTION Foo): testcode:1:20
/** @constructor */ function Foo() { /** @deprecated */ this.bar = 3;}
  Parent(SCRIPT): testcode:1:0
/** @constructor */ function Foo() { /** @deprecated */ this.bar = 3;}
<br>
<br>
<code>java.lang.RuntimeException: INTERNAL COMPILER ERROR.<br>Please report this problem.<br>null<br>  Node(FUNCTION Foo): testcode:1:20<br>/** @constructor */ function Foo() { /** @deprecated */ this.bar = 3;}<br>  Parent(SCRIPT): testcode:1:0<br>/** @constructor */ function Foo() { /** @deprecated */ this.bar = 3;}<br>
<br>	at com.google.javascript.jscomp.CheckAccessControls.checkFinalClassOverrides(CheckAccessControls.java:368)<br>	at com.google.javascript.jscomp.CheckAccessControls.visit(CheckAccessControls.java:240)<br>	at com.google.javascript.jscomp.NodeTraversal.traverseBranch(NodeTraversal.java:505)<br>	at com.google.javascript.jscomp.NodeTraversal.traverseBranch(NodeTraversal.java:498)<br>	at com.google.javascript.jscomp.NodeTraversal.traverseBranch(NodeTraversal.java:498)<br>	at com.google.javascript.jscomp.NodeTraversal.traverse(NodeTraversal.java:277)<br>	at com.google.javascript.jscomp.NodeTraversal.traverse(NodeTraversal.java:456)<br>	at com.google.javascript.jscomp.CheckAccessControls.process(CheckAccessControls.java:130)<br>	at com.google.javascript.jscomp.CompilerTestCase.test(CompilerTestCase.java:804)<br>	at com.google.javascript.jscomp.CompilerTestCase.test(CompilerTestCase.java:447)<br>	at com.google.javascript.jscomp.CompilerTestCase.test(CompilerTestCase.java:373)<br>	at com.google.javascript.jscomp.CompilerTestCase.test(CompilerTestCase.java:342)<br>	at com.google.javascript.jscomp.CompilerTestCase.test(CompilerTestCase.java:330)<br>	at com.google.javascript.jscomp.CompilerTestCase.testSame(CompilerTestCase.java:569)<br>	at com.google.javascript.jscomp.CheckAccessControlsTest.testOkAssignmentOfDeprecatedProperty(CheckAccessControlsTest.java:630)<br>Caused by: java.lang.NullPointerException<br>
</code></td><td>0.001</td>
</tr>
<tr valign="top" class="Error">
<td><a name="testBadReadOfDeprecatedProperty"></a>testBadReadOfDeprecatedProperty</td><td>Error</td><td>INTERNAL COMPILER ERROR.
Please report this problem.
null
  Node(FUNCTION Foo): testcode:1:20
/** @constructor */ function Foo() { /** @deprecated  */ this.bar = 3;  this.baz = this.bar;}
  Parent(SCRIPT): testcode:1:0
/** @constructor */ function Foo() { /** @deprecated  */ this.bar = 3;  this.baz = this.bar;}
<br>
<br>
<code>java.lang.RuntimeException: INTERNAL COMPILER ERROR.<br>Please report this problem.<br>null<br>  Node(FUNCTION Foo): testcode:1:20<br>/** @constructor */ function Foo() { /** @deprecated  */ this.bar = 3;  this.baz = this.bar;}<br>  Parent(SCRIPT): testcode:1:0<br>/** @constructor */ function Foo() { /** @deprecated  */ this.bar = 3;  this.baz = this.bar;}<br>
<br>	at com.google.javascript.jscomp.CheckAccessControls.checkFinalClassOverrides(CheckAccessControls.java:368)<br>	at com.google.javascript.jscomp.CheckAccessControls.visit(CheckAccessControls.java:240)<br>	at com.google.javascript.jscomp.NodeTraversal.traverseBranch(NodeTraversal.java:505)<br>	at com.google.javascript.jscomp.NodeTraversal.traverseBranch(NodeTraversal.java:498)<br>	at com.google.javascript.jscomp.NodeTraversal.traverseBranch(NodeTraversal.java:498)<br>	at com.google.javascript.jscomp.NodeTraversal.traverse(NodeTraversal.java:277)<br>	at com.google.javascript.jscomp.NodeTraversal.traverse(NodeTraversal.java:456)<br>	at com.google.javascript.jscomp.CheckAccessControls.process(CheckAccessControls.java:130)<br>	at com.google.javascript.jscomp.CompilerTestCase.test(CompilerTestCase.java:804)<br>	at com.google.javascript.jscomp.CompilerTestCase.test(CompilerTestCase.java:447)<br>	at com.google.javascript.jscomp.CompilerTestCase.test(CompilerTestCase.java:373)<br>	at com.google.javascript.jscomp.CompilerTestCase.test(CompilerTestCase.java:342)<br>	at com.google.javascript.jscomp.CheckAccessControlsTest.testDep(CheckAccessControlsTest.java:79)<br>	at com.google.javascript.jscomp.CheckAccessControlsTest.testBadReadOfDeprecatedProperty(CheckAccessControlsTest.java:637)<br>Caused by: java.lang.NullPointerException<br>
</code></td><td>0.001</td>
</tr>
<tr valign="top" class="Error">
<td><a name="testAutoboxedDeprecatedProperty"></a>testAutoboxedDeprecatedProperty</td><td>Error</td><td>INTERNAL COMPILER ERROR.
Please report this problem.
null
  Node(FUNCTION String): testcode:1:20
/** @constructor */ function String() {}/** @deprecated %s */ String.prototype.length;function f() { return 'x'.length; }
  Parent(SCRIPT): testcode:1:0
/** @constructor */ function String() {}/** @deprecated %s */ String.prototype.length;function f() { return 'x'.length; }
<br>
<br>
<code>java.lang.RuntimeException: INTERNAL COMPILER ERROR.<br>Please report this problem.<br>null<br>  Node(FUNCTION String): testcode:1:20<br>/** @constructor */ function String() {}/** @deprecated %s */ String.prototype.length;function f() { return 'x'.length; }<br>  Parent(SCRIPT): testcode:1:0<br>/** @constructor */ function String() {}/** @deprecated %s */ String.prototype.length;function f() { return 'x'.length; }<br>
<br>	at com.google.javascript.jscomp.CheckAccessControls.checkFinalClassOverrides(CheckAccessControls.java:368)<br>	at com.google.javascript.jscomp.CheckAccessControls.visit(CheckAccessControls.java:240)<br>	at com.google.javascript.jscomp.NodeTraversal.traverseBranch(NodeTraversal.java:505)<br>	at com.google.javascript.jscomp.NodeTraversal.traverseBranch(NodeTraversal.java:498)<br>	at com.google.javascript.jscomp.NodeTraversal.traverseBranch(NodeTraversal.java:498)<br>	at com.google.javascript.jscomp.NodeTraversal.traverse(NodeTraversal.java:277)<br>	at com.google.javascript.jscomp.NodeTraversal.traverse(NodeTraversal.java:456)<br>	at com.google.javascript.jscomp.CheckAccessControls.process(CheckAccessControls.java:130)<br>	at com.google.javascript.jscomp.CompilerTestCase.test(CompilerTestCase.java:804)<br>	at com.google.javascript.jscomp.CompilerTestCase.test(CompilerTestCase.java:447)<br>	at com.google.javascript.jscomp.CompilerTestCase.test(CompilerTestCase.java:411)<br>	at com.google.javascript.jscomp.CompilerTestCase.test(CompilerTestCase.java:389)<br>	at com.google.javascript.jscomp.CheckAccessControlsTest.testAutoboxedDeprecatedProperty(CheckAccessControlsTest.java:648)<br>Caused by: java.lang.NullPointerException<br>
</code></td><td>0.001</td>
</tr>
<tr valign="top" class="Error">
<td><a name="testAutoboxedPrivateProperty"></a>testAutoboxedPrivateProperty</td><td>Error</td><td>INTERNAL COMPILER ERROR.
Please report this problem.
null
  Node(FUNCTION f): testcode:1:0
function f() { return 'x'.length; }
  Parent(SCRIPT): testcode:1:0
function f() { return 'x'.length; }
<br>
<br>
<code>java.lang.RuntimeException: INTERNAL COMPILER ERROR.<br>Please report this problem.<br>null<br>  Node(FUNCTION f): testcode:1:0<br>function f() { return 'x'.length; }<br>  Parent(SCRIPT): testcode:1:0<br>function f() { return 'x'.length; }<br>
<br>	at com.google.javascript.jscomp.CheckAccessControls.checkFinalClassOverrides(CheckAccessControls.java:368)<br>	at com.google.javascript.jscomp.CheckAccessControls.visit(CheckAccessControls.java:240)<br>	at com.google.javascript.jscomp.NodeTraversal.traverseBranch(NodeTraversal.java:505)<br>	at com.google.javascript.jscomp.NodeTraversal.traverseBranch(NodeTraversal.java:498)<br>	at com.google.javascript.jscomp.NodeTraversal.traverseBranch(NodeTraversal.java:498)<br>	at com.google.javascript.jscomp.NodeTraversal.traverse(NodeTraversal.java:277)<br>	at com.google.javascript.jscomp.NodeTraversal.traverse(NodeTraversal.java:456)<br>	at com.google.javascript.jscomp.CheckAccessControls.process(CheckAccessControls.java:130)<br>	at com.google.javascript.jscomp.CompilerTestCase.test(CompilerTestCase.java:804)<br>	at com.google.javascript.jscomp.CompilerTestCase.test(CompilerTestCase.java:447)<br>	at com.google.javascript.jscomp.CompilerTestCase.test(CompilerTestCase.java:411)<br>	at com.google.javascript.jscomp.CompilerTestCase.test(CompilerTestCase.java:389)<br>	at com.google.javascript.jscomp.CheckAccessControlsTest.testAutoboxedPrivateProperty(CheckAccessControlsTest.java:659)<br>Caused by: java.lang.NullPointerException<br>
</code></td><td>0.001</td>
</tr>
<tr valign="top" class="Error">
<td><a name="testNullableDeprecatedProperty"></a>testNullableDeprecatedProperty</td><td>Error</td><td>INTERNAL COMPILER ERROR.
Please report this problem.
null
  Node(FUNCTION Foo): testcode:1:20
/** @constructor */ function Foo() {}/** @deprecated  */ Foo.prototype.length;/** @param {?Foo} x */ function f(x) { return x.length; }
  Parent(SCRIPT): testcode:1:0
/** @constructor */ function Foo() {}/** @deprecated  */ Foo.prototype.length;/** @param {?Foo} x */ function f(x) { return x.length; }
<br>
<br>
<code>java.lang.RuntimeException: INTERNAL COMPILER ERROR.<br>Please report this problem.<br>null<br>  Node(FUNCTION Foo): testcode:1:20<br>/** @constructor */ function Foo() {}/** @deprecated  */ Foo.prototype.length;/** @param {?Foo} x */ function f(x) { return x.length; }<br>  Parent(SCRIPT): testcode:1:0<br>/** @constructor */ function Foo() {}/** @deprecated  */ Foo.prototype.length;/** @param {?Foo} x */ function f(x) { return x.length; }<br>
<br>	at com.google.javascript.jscomp.CheckAccessControls.checkFinalClassOverrides(CheckAccessControls.java:368)<br>	at com.google.javascript.jscomp.CheckAccessControls.visit(CheckAccessControls.java:240)<br>	at com.google.javascript.jscomp.NodeTraversal.traverseBranch(NodeTraversal.java:505)<br>	at com.google.javascript.jscomp.NodeTraversal.traverseBranch(NodeTraversal.java:498)<br>	at com.google.javascript.jscomp.NodeTraversal.traverseBranch(NodeTraversal.java:498)<br>	at com.google.javascript.jscomp.NodeTraversal.traverse(NodeTraversal.java:277)<br>	at com.google.javascript.jscomp.NodeTraversal.traverse(NodeTraversal.java:456)<br>	at com.google.javascript.jscomp.CheckAccessControls.process(CheckAccessControls.java:130)<br>	at com.google.javascript.jscomp.CompilerTestCase.test(CompilerTestCase.java:804)<br>	at com.google.javascript.jscomp.CompilerTestCase.test(CompilerTestCase.java:447)<br>	at com.google.javascript.jscomp.CompilerTestCase.test(CompilerTestCase.java:373)<br>	at com.google.javascript.jscomp.CompilerTestCase.test(CompilerTestCase.java:342)<br>	at com.google.javascript.jscomp.CheckAccessControlsTest.testDep(CheckAccessControlsTest.java:79)<br>	at com.google.javascript.jscomp.CheckAccessControlsTest.testNullableDeprecatedProperty(CheckAccessControlsTest.java:669)<br>Caused by: java.lang.NullPointerException<br>
</code></td><td>0.001</td>
</tr>
<tr valign="top" class="Error">
<td><a name="testNullablePrivateProperty"></a>testNullablePrivateProperty</td><td>Error</td><td>INTERNAL COMPILER ERROR.
Please report this problem.
null
  Node(FUNCTION Foo): input0:1:20
/** @constructor */ function Foo() {}/** @private */ Foo.prototype.length;
  Parent(SCRIPT): input0:1:0
/** @constructor */ function Foo() {}/** @private */ Foo.prototype.length;
<br>
<br>
<code>java.lang.RuntimeException: INTERNAL COMPILER ERROR.<br>Please report this problem.<br>null<br>  Node(FUNCTION Foo): input0:1:20<br>/** @constructor */ function Foo() {}/** @private */ Foo.prototype.length;<br>  Parent(SCRIPT): input0:1:0<br>/** @constructor */ function Foo() {}/** @private */ Foo.prototype.length;<br>
<br>	at com.google.javascript.jscomp.CheckAccessControls.checkFinalClassOverrides(CheckAccessControls.java:368)<br>	at com.google.javascript.jscomp.CheckAccessControls.visit(CheckAccessControls.java:240)<br>	at com.google.javascript.jscomp.NodeTraversal.traverseBranch(NodeTraversal.java:505)<br>	at com.google.javascript.jscomp.NodeTraversal.traverseBranch(NodeTraversal.java:498)<br>	at com.google.javascript.jscomp.NodeTraversal.traverseBranch(NodeTraversal.java:498)<br>	at com.google.javascript.jscomp.NodeTraversal.traverse(NodeTraversal.java:277)<br>	at com.google.javascript.jscomp.NodeTraversal.traverse(NodeTraversal.java:456)<br>	at com.google.javascript.jscomp.CheckAccessControls.process(CheckAccessControls.java:130)<br>	at com.google.javascript.jscomp.CompilerTestCase.test(CompilerTestCase.java:804)<br>	at com.google.javascript.jscomp.CompilerTestCase.test(CompilerTestCase.java:517)<br>	at com.google.javascript.jscomp.CompilerTestCase.test(CompilerTestCase.java:491)<br>	at com.google.javascript.jscomp.CompilerTestCase.test(CompilerTestCase.java:476)<br>	at com.google.javascript.jscomp.CheckAccessControlsTest.testNullablePrivateProperty(CheckAccessControlsTest.java:679)<br>Caused by: java.lang.NullPointerException<br>
</code></td><td>0.001</td>
</tr>
<tr valign="top" class="Error">
<td><a name="testConstantProperty1"></a>testConstantProperty1</td><td>Error</td><td>INTERNAL COMPILER ERROR.
Please report this problem.
null
  Node(FUNCTION A): testcode:1:20
/** @constructor */ function A() {/** @const */ this.bar = 3;}/** @constructor */ function B() {/** @const */ this.bar = 3;this.bar += 4;}
  Parent(SCRIPT): testcode:1:0
/** @constructor */ function A() {/** @const */ this.bar = 3;}/** @constructor */ function B() {/** @const */ this.bar = 3;this.bar += 4;}
<br>
<br>
<code>java.lang.RuntimeException: INTERNAL COMPILER ERROR.<br>Please report this problem.<br>null<br>  Node(FUNCTION A): testcode:1:20<br>/** @constructor */ function A() {/** @const */ this.bar = 3;}/** @constructor */ function B() {/** @const */ this.bar = 3;this.bar += 4;}<br>  Parent(SCRIPT): testcode:1:0<br>/** @constructor */ function A() {/** @const */ this.bar = 3;}/** @constructor */ function B() {/** @const */ this.bar = 3;this.bar += 4;}<br>
<br>	at com.google.javascript.jscomp.CheckAccessControls.checkFinalClassOverrides(CheckAccessControls.java:368)<br>	at com.google.javascript.jscomp.CheckAccessControls.visit(CheckAccessControls.java:240)<br>	at com.google.javascript.jscomp.NodeTraversal.traverseBranch(NodeTraversal.java:505)<br>	at com.google.javascript.jscomp.NodeTraversal.traverseBranch(NodeTraversal.java:498)<br>	at com.google.javascript.jscomp.NodeTraversal.traverseBranch(NodeTraversal.java:498)<br>	at com.google.javascript.jscomp.NodeTraversal.traverse(NodeTraversal.java:277)<br>	at com.google.javascript.jscomp.NodeTraversal.traverse(NodeTraversal.java:456)<br>	at com.google.javascript.jscomp.CheckAccessControls.process(CheckAccessControls.java:130)<br>	at com.google.javascript.jscomp.CompilerTestCase.test(CompilerTestCase.java:804)<br>	at com.google.javascript.jscomp.CompilerTestCase.test(CompilerTestCase.java:447)<br>	at com.google.javascript.jscomp.CompilerTestCase.test(CompilerTestCase.java:373)<br>	at com.google.javascript.jscomp.CompilerTestCase.test(CompilerTestCase.java:342)<br>	at com.google.javascript.jscomp.CheckAccessControlsTest.testConstantProperty1(CheckAccessControlsTest.java:687)<br>Caused by: java.lang.NullPointerException<br>
</code></td><td>0.001</td>
</tr>
<tr valign="top" class="Error">
<td><a name="testConstantProperty2"></a>testConstantProperty2</td><td>Error</td><td>INTERNAL COMPILER ERROR.
Please report this problem.
null
  Node(FUNCTION Foo): testcode:1:20
/** @constructor */ function Foo() {}/** @const */ Foo.prototype.prop = 2;var foo = new Foo();foo.prop = 3;
  Parent(SCRIPT): testcode:1:0
/** @constructor */ function Foo() {}/** @const */ Foo.prototype.prop = 2;var foo = new Foo();foo.prop = 3;
<br>
<br>
<code>java.lang.RuntimeException: INTERNAL COMPILER ERROR.<br>Please report this problem.<br>null<br>  Node(FUNCTION Foo): testcode:1:20<br>/** @constructor */ function Foo() {}/** @const */ Foo.prototype.prop = 2;var foo = new Foo();foo.prop = 3;<br>  Parent(SCRIPT): testcode:1:0<br>/** @constructor */ function Foo() {}/** @const */ Foo.prototype.prop = 2;var foo = new Foo();foo.prop = 3;<br>
<br>	at com.google.javascript.jscomp.CheckAccessControls.checkFinalClassOverrides(CheckAccessControls.java:368)<br>	at com.google.javascript.jscomp.CheckAccessControls.visit(CheckAccessControls.java:240)<br>	at com.google.javascript.jscomp.NodeTraversal.traverseBranch(NodeTraversal.java:505)<br>	at com.google.javascript.jscomp.NodeTraversal.traverseBranch(NodeTraversal.java:498)<br>	at com.google.javascript.jscomp.NodeTraversal.traverseBranch(NodeTraversal.java:498)<br>	at com.google.javascript.jscomp.NodeTraversal.traverse(NodeTraversal.java:277)<br>	at com.google.javascript.jscomp.NodeTraversal.traverse(NodeTraversal.java:456)<br>	at com.google.javascript.jscomp.CheckAccessControls.process(CheckAccessControls.java:130)<br>	at com.google.javascript.jscomp.CompilerTestCase.test(CompilerTestCase.java:804)<br>	at com.google.javascript.jscomp.CompilerTestCase.test(CompilerTestCase.java:447)<br>	at com.google.javascript.jscomp.CompilerTestCase.test(CompilerTestCase.java:373)<br>	at com.google.javascript.jscomp.CompilerTestCase.test(CompilerTestCase.java:342)<br>	at com.google.javascript.jscomp.CheckAccessControlsTest.testConstantProperty2(CheckAccessControlsTest.java:695)<br>Caused by: java.lang.NullPointerException<br>
</code></td><td>0.001</td>
</tr>
<tr valign="top" class="Error">
<td><a name="testConstantProperty4"></a>testConstantProperty4</td><td>Error</td><td>INTERNAL COMPILER ERROR.
Please report this problem.
null
  Node(FUNCTION cat): testcode:1:20
/** @constructor */ function cat(name) {}/** @const */ cat.test = 1;cat.test *= 2;
  Parent(SCRIPT): testcode:1:0
/** @constructor */ function cat(name) {}/** @const */ cat.test = 1;cat.test *= 2;
<br>
<br>
<code>java.lang.RuntimeException: INTERNAL COMPILER ERROR.<br>Please report this problem.<br>null<br>  Node(FUNCTION cat): testcode:1:20<br>/** @constructor */ function cat(name) {}/** @const */ cat.test = 1;cat.test *= 2;<br>  Parent(SCRIPT): testcode:1:0<br>/** @constructor */ function cat(name) {}/** @const */ cat.test = 1;cat.test *= 2;<br>
<br>	at com.google.javascript.jscomp.CheckAccessControls.checkFinalClassOverrides(CheckAccessControls.java:368)<br>	at com.google.javascript.jscomp.CheckAccessControls.visit(CheckAccessControls.java:240)<br>	at com.google.javascript.jscomp.NodeTraversal.traverseBranch(NodeTraversal.java:505)<br>	at com.google.javascript.jscomp.NodeTraversal.traverseBranch(NodeTraversal.java:498)<br>	at com.google.javascript.jscomp.NodeTraversal.traverseBranch(NodeTraversal.java:498)<br>	at com.google.javascript.jscomp.NodeTraversal.traverse(NodeTraversal.java:277)<br>	at com.google.javascript.jscomp.NodeTraversal.traverse(NodeTraversal.java:456)<br>	at com.google.javascript.jscomp.CheckAccessControls.process(CheckAccessControls.java:130)<br>	at com.google.javascript.jscomp.CompilerTestCase.test(CompilerTestCase.java:804)<br>	at com.google.javascript.jscomp.CompilerTestCase.test(CompilerTestCase.java:447)<br>	at com.google.javascript.jscomp.CompilerTestCase.test(CompilerTestCase.java:373)<br>	at com.google.javascript.jscomp.CompilerTestCase.test(CompilerTestCase.java:342)<br>	at com.google.javascript.jscomp.CheckAccessControlsTest.testConstantProperty4(CheckAccessControlsTest.java:708)<br>Caused by: java.lang.NullPointerException<br>
</code></td><td>0.002</td>
</tr>
<tr valign="top" class="Error">
<td><a name="testConstantProperty5"></a>testConstantProperty5</td><td>Error</td><td>INTERNAL COMPILER ERROR.
Please report this problem.
null
  Node(FUNCTION Foo): testcode:1:20
/** @constructor */ function Foo() { this.prop = 1;}/** @const */ Foo.prototype.prop;Foo.prototype.prop = 2
  Parent(SCRIPT): testcode:1:0
/** @constructor */ function Foo() { this.prop = 1;}/** @const */ Foo.prototype.prop;Foo.prototype.prop = 2
<br>
<br>
<code>java.lang.RuntimeException: INTERNAL COMPILER ERROR.<br>Please report this problem.<br>null<br>  Node(FUNCTION Foo): testcode:1:20<br>/** @constructor */ function Foo() { this.prop = 1;}/** @const */ Foo.prototype.prop;Foo.prototype.prop = 2<br>  Parent(SCRIPT): testcode:1:0<br>/** @constructor */ function Foo() { this.prop = 1;}/** @const */ Foo.prototype.prop;Foo.prototype.prop = 2<br>
<br>	at com.google.javascript.jscomp.CheckAccessControls.checkFinalClassOverrides(CheckAccessControls.java:368)<br>	at com.google.javascript.jscomp.CheckAccessControls.visit(CheckAccessControls.java:240)<br>	at com.google.javascript.jscomp.NodeTraversal.traverseBranch(NodeTraversal.java:505)<br>	at com.google.javascript.jscomp.NodeTraversal.traverseBranch(NodeTraversal.java:498)<br>	at com.google.javascript.jscomp.NodeTraversal.traverseBranch(NodeTraversal.java:498)<br>	at com.google.javascript.jscomp.NodeTraversal.traverse(NodeTraversal.java:277)<br>	at com.google.javascript.jscomp.NodeTraversal.traverse(NodeTraversal.java:456)<br>	at com.google.javascript.jscomp.CheckAccessControls.process(CheckAccessControls.java:130)<br>	at com.google.javascript.jscomp.CompilerTestCase.test(CompilerTestCase.java:804)<br>	at com.google.javascript.jscomp.CompilerTestCase.test(CompilerTestCase.java:447)<br>	at com.google.javascript.jscomp.CompilerTestCase.test(CompilerTestCase.java:373)<br>	at com.google.javascript.jscomp.CompilerTestCase.test(CompilerTestCase.java:342)<br>	at com.google.javascript.jscomp.CheckAccessControlsTest.testConstantProperty5(CheckAccessControlsTest.java:715)<br>Caused by: java.lang.NullPointerException<br>
</code></td><td>0.001</td>
</tr>
<tr valign="top" class="Error">
<td><a name="testConstantProperty6"></a>testConstantProperty6</td><td>Error</td><td>INTERNAL COMPILER ERROR.
Please report this problem.
null
  Node(FUNCTION Foo): testcode:1:20
/** @constructor */ function Foo() { this.prop = 1;}/** @const */ Foo.prototype.prop = 2;
  Parent(SCRIPT): testcode:1:0
/** @constructor */ function Foo() { this.prop = 1;}/** @const */ Foo.prototype.prop = 2;
<br>
<br>
<code>java.lang.RuntimeException: INTERNAL COMPILER ERROR.<br>Please report this problem.<br>null<br>  Node(FUNCTION Foo): testcode:1:20<br>/** @constructor */ function Foo() { this.prop = 1;}/** @const */ Foo.prototype.prop = 2;<br>  Parent(SCRIPT): testcode:1:0<br>/** @constructor */ function Foo() { this.prop = 1;}/** @const */ Foo.prototype.prop = 2;<br>
<br>	at com.google.javascript.jscomp.CheckAccessControls.checkFinalClassOverrides(CheckAccessControls.java:368)<br>	at com.google.javascript.jscomp.CheckAccessControls.visit(CheckAccessControls.java:240)<br>	at com.google.javascript.jscomp.NodeTraversal.traverseBranch(NodeTraversal.java:505)<br>	at com.google.javascript.jscomp.NodeTraversal.traverseBranch(NodeTraversal.java:498)<br>	at com.google.javascript.jscomp.NodeTraversal.traverseBranch(NodeTraversal.java:498)<br>	at com.google.javascript.jscomp.NodeTraversal.traverse(NodeTraversal.java:277)<br>	at com.google.javascript.jscomp.NodeTraversal.traverse(NodeTraversal.java:456)<br>	at com.google.javascript.jscomp.CheckAccessControls.process(CheckAccessControls.java:130)<br>	at com.google.javascript.jscomp.CompilerTestCase.test(CompilerTestCase.java:804)<br>	at com.google.javascript.jscomp.CompilerTestCase.test(CompilerTestCase.java:447)<br>	at com.google.javascript.jscomp.CompilerTestCase.test(CompilerTestCase.java:373)<br>	at com.google.javascript.jscomp.CompilerTestCase.test(CompilerTestCase.java:342)<br>	at com.google.javascript.jscomp.CheckAccessControlsTest.testConstantProperty6(CheckAccessControlsTest.java:722)<br>Caused by: java.lang.NullPointerException<br>
</code></td><td>0.001</td>
</tr>
<tr valign="top" class="Error">
<td><a name="testConstantProperty7"></a>testConstantProperty7</td><td>Error</td><td>INTERNAL COMPILER ERROR.
Please report this problem.
null
  Node(FUNCTION Foo): testcode:1:20
/** @constructor */ function Foo() {} Foo.prototype.bar_ = function() {};/** @constructor 
  Parent(SCRIPT): testcode:1:0
/** @constructor */ function Foo() {} Foo.prototype.bar_ = function() {};/** @constructor 
<br>
<br>
<code>java.lang.RuntimeException: INTERNAL COMPILER ERROR.<br>Please report this problem.<br>null<br>  Node(FUNCTION Foo): testcode:1:20<br>/** @constructor */ function Foo() {} Foo.prototype.bar_ = function() {};/** @constructor <br>  Parent(SCRIPT): testcode:1:0<br>/** @constructor */ function Foo() {} Foo.prototype.bar_ = function() {};/** @constructor <br>
<br>	at com.google.javascript.jscomp.CheckAccessControls.checkFinalClassOverrides(CheckAccessControls.java:368)<br>	at com.google.javascript.jscomp.CheckAccessControls.visit(CheckAccessControls.java:240)<br>	at com.google.javascript.jscomp.NodeTraversal.traverseBranch(NodeTraversal.java:505)<br>	at com.google.javascript.jscomp.NodeTraversal.traverseBranch(NodeTraversal.java:498)<br>	at com.google.javascript.jscomp.NodeTraversal.traverseBranch(NodeTraversal.java:498)<br>	at com.google.javascript.jscomp.NodeTraversal.traverse(NodeTraversal.java:277)<br>	at com.google.javascript.jscomp.NodeTraversal.traverse(NodeTraversal.java:456)<br>	at com.google.javascript.jscomp.CheckAccessControls.process(CheckAccessControls.java:130)<br>	at com.google.javascript.jscomp.CompilerTestCase.test(CompilerTestCase.java:804)<br>	at com.google.javascript.jscomp.CompilerTestCase.test(CompilerTestCase.java:447)<br>	at com.google.javascript.jscomp.CompilerTestCase.test(CompilerTestCase.java:373)<br>	at com.google.javascript.jscomp.CompilerTestCase.test(CompilerTestCase.java:342)<br>	at com.google.javascript.jscomp.CompilerTestCase.test(CompilerTestCase.java:330)<br>	at com.google.javascript.jscomp.CompilerTestCase.testSame(CompilerTestCase.java:569)<br>	at com.google.javascript.jscomp.CheckAccessControlsTest.testConstantProperty7(CheckAccessControlsTest.java:728)<br>Caused by: java.lang.NullPointerException<br>
</code></td><td>0.001</td>
</tr>
<tr valign="top" class="Error">
<td><a name="testConstantProperty9"></a>testConstantProperty9</td><td>Error</td><td>INTERNAL COMPILER ERROR.
Please report this problem.
null
  Node(FUNCTION A): testcode:1:20
/** @constructor */ function A() {/** @const */ this.bar = 3;}/** @constructor */ function B() {this.bar = 4;}
  Parent(SCRIPT): testcode:1:0
/** @constructor */ function A() {/** @const */ this.bar = 3;}/** @constructor */ function B() {this.bar = 4;}
<br>
<br>
<code>java.lang.RuntimeException: INTERNAL COMPILER ERROR.<br>Please report this problem.<br>null<br>  Node(FUNCTION A): testcode:1:20<br>/** @constructor */ function A() {/** @const */ this.bar = 3;}/** @constructor */ function B() {this.bar = 4;}<br>  Parent(SCRIPT): testcode:1:0<br>/** @constructor */ function A() {/** @const */ this.bar = 3;}/** @constructor */ function B() {this.bar = 4;}<br>
<br>	at com.google.javascript.jscomp.CheckAccessControls.checkFinalClassOverrides(CheckAccessControls.java:368)<br>	at com.google.javascript.jscomp.CheckAccessControls.visit(CheckAccessControls.java:240)<br>	at com.google.javascript.jscomp.NodeTraversal.traverseBranch(NodeTraversal.java:505)<br>	at com.google.javascript.jscomp.NodeTraversal.traverseBranch(NodeTraversal.java:498)<br>	at com.google.javascript.jscomp.NodeTraversal.traverseBranch(NodeTraversal.java:498)<br>	at com.google.javascript.jscomp.NodeTraversal.traverse(NodeTraversal.java:277)<br>	at com.google.javascript.jscomp.NodeTraversal.traverse(NodeTraversal.java:456)<br>	at com.google.javascript.jscomp.CheckAccessControls.process(CheckAccessControls.java:130)<br>	at com.google.javascript.jscomp.CompilerTestCase.test(CompilerTestCase.java:804)<br>	at com.google.javascript.jscomp.CompilerTestCase.test(CompilerTestCase.java:447)<br>	at com.google.javascript.jscomp.CompilerTestCase.test(CompilerTestCase.java:373)<br>	at com.google.javascript.jscomp.CompilerTestCase.test(CompilerTestCase.java:342)<br>	at com.google.javascript.jscomp.CompilerTestCase.test(CompilerTestCase.java:330)<br>	at com.google.javascript.jscomp.CompilerTestCase.testSame(CompilerTestCase.java:569)<br>	at com.google.javascript.jscomp.CheckAccessControlsTest.testConstantProperty9(CheckAccessControlsTest.java:742)<br>Caused by: java.lang.NullPointerException<br>
</code></td><td>0.001</td>
</tr>
<tr valign="top" class="Error">
<td><a name="testConstantProperty10"></a>testConstantProperty10</td><td>Error</td><td>INTERNAL COMPILER ERROR.
Please report this problem.
null
  Node(FUNCTION Foo): testcode:1:20
/** @constructor */ function Foo() { this.prop = 1;}/** @const */ Foo.prototype.prop;
  Parent(SCRIPT): testcode:1:0
/** @constructor */ function Foo() { this.prop = 1;}/** @const */ Foo.prototype.prop;
<br>
<br>
<code>java.lang.RuntimeException: INTERNAL COMPILER ERROR.<br>Please report this problem.<br>null<br>  Node(FUNCTION Foo): testcode:1:20<br>/** @constructor */ function Foo() { this.prop = 1;}/** @const */ Foo.prototype.prop;<br>  Parent(SCRIPT): testcode:1:0<br>/** @constructor */ function Foo() { this.prop = 1;}/** @const */ Foo.prototype.prop;<br>
<br>	at com.google.javascript.jscomp.CheckAccessControls.checkFinalClassOverrides(CheckAccessControls.java:368)<br>	at com.google.javascript.jscomp.CheckAccessControls.visit(CheckAccessControls.java:240)<br>	at com.google.javascript.jscomp.NodeTraversal.traverseBranch(NodeTraversal.java:505)<br>	at com.google.javascript.jscomp.NodeTraversal.traverseBranch(NodeTraversal.java:498)<br>	at com.google.javascript.jscomp.NodeTraversal.traverseBranch(NodeTraversal.java:498)<br>	at com.google.javascript.jscomp.NodeTraversal.traverse(NodeTraversal.java:277)<br>	at com.google.javascript.jscomp.NodeTraversal.traverse(NodeTraversal.java:456)<br>	at com.google.javascript.jscomp.CheckAccessControls.process(CheckAccessControls.java:130)<br>	at com.google.javascript.jscomp.CompilerTestCase.test(CompilerTestCase.java:804)<br>	at com.google.javascript.jscomp.CompilerTestCase.test(CompilerTestCase.java:447)<br>	at com.google.javascript.jscomp.CompilerTestCase.test(CompilerTestCase.java:373)<br>	at com.google.javascript.jscomp.CompilerTestCase.test(CompilerTestCase.java:342)<br>	at com.google.javascript.jscomp.CompilerTestCase.test(CompilerTestCase.java:330)<br>	at com.google.javascript.jscomp.CompilerTestCase.testSame(CompilerTestCase.java:569)<br>	at com.google.javascript.jscomp.CheckAccessControlsTest.testConstantProperty10(CheckAccessControlsTest.java:749)<br>Caused by: java.lang.NullPointerException<br>
</code></td><td>0.001</td>
</tr>
<tr valign="top" class="Error">
<td><a name="testConstantProperty11"></a>testConstantProperty11</td><td>Error</td><td>INTERNAL COMPILER ERROR.
Please report this problem.
null
  Node(FUNCTION Foo): testcode:1:20
/** @constructor */ function Foo() {}/** @const */ Foo.prototype.bar;/**
  Parent(SCRIPT): testcode:1:0
/** @constructor */ function Foo() {}/** @const */ Foo.prototype.bar;/**
<br>
<br>
<code>java.lang.RuntimeException: INTERNAL COMPILER ERROR.<br>Please report this problem.<br>null<br>  Node(FUNCTION Foo): testcode:1:20<br>/** @constructor */ function Foo() {}/** @const */ Foo.prototype.bar;/**<br>  Parent(SCRIPT): testcode:1:0<br>/** @constructor */ function Foo() {}/** @const */ Foo.prototype.bar;/**<br>
<br>	at com.google.javascript.jscomp.CheckAccessControls.checkFinalClassOverrides(CheckAccessControls.java:368)<br>	at com.google.javascript.jscomp.CheckAccessControls.visit(CheckAccessControls.java:240)<br>	at com.google.javascript.jscomp.NodeTraversal.traverseBranch(NodeTraversal.java:505)<br>	at com.google.javascript.jscomp.NodeTraversal.traverseBranch(NodeTraversal.java:498)<br>	at com.google.javascript.jscomp.NodeTraversal.traverseBranch(NodeTraversal.java:498)<br>	at com.google.javascript.jscomp.NodeTraversal.traverse(NodeTraversal.java:277)<br>	at com.google.javascript.jscomp.NodeTraversal.traverse(NodeTraversal.java:456)<br>	at com.google.javascript.jscomp.CheckAccessControls.process(CheckAccessControls.java:130)<br>	at com.google.javascript.jscomp.CompilerTestCase.test(CompilerTestCase.java:804)<br>	at com.google.javascript.jscomp.CompilerTestCase.test(CompilerTestCase.java:447)<br>	at com.google.javascript.jscomp.CompilerTestCase.test(CompilerTestCase.java:373)<br>	at com.google.javascript.jscomp.CompilerTestCase.test(CompilerTestCase.java:342)<br>	at com.google.javascript.jscomp.CheckAccessControlsTest.testConstantProperty11(CheckAccessControlsTest.java:754)<br>Caused by: java.lang.NullPointerException<br>
</code></td><td>0.002</td>
</tr>
<tr valign="top" class="Error">
<td><a name="testConstantProperty12"></a>testConstantProperty12</td><td>Error</td><td>INTERNAL COMPILER ERROR.
Please report this problem.
null
  Node(FUNCTION Foo): testcode:1:20
/** @constructor */ function Foo() {}/** @const */ Foo.prototype.bar;/**
  Parent(SCRIPT): testcode:1:0
/** @constructor */ function Foo() {}/** @const */ Foo.prototype.bar;/**
<br>
<br>
<code>java.lang.RuntimeException: INTERNAL COMPILER ERROR.<br>Please report this problem.<br>null<br>  Node(FUNCTION Foo): testcode:1:20<br>/** @constructor */ function Foo() {}/** @const */ Foo.prototype.bar;/**<br>  Parent(SCRIPT): testcode:1:0<br>/** @constructor */ function Foo() {}/** @const */ Foo.prototype.bar;/**<br>
<br>	at com.google.javascript.jscomp.CheckAccessControls.checkFinalClassOverrides(CheckAccessControls.java:368)<br>	at com.google.javascript.jscomp.CheckAccessControls.visit(CheckAccessControls.java:240)<br>	at com.google.javascript.jscomp.NodeTraversal.traverseBranch(NodeTraversal.java:505)<br>	at com.google.javascript.jscomp.NodeTraversal.traverseBranch(NodeTraversal.java:498)<br>	at com.google.javascript.jscomp.NodeTraversal.traverseBranch(NodeTraversal.java:498)<br>	at com.google.javascript.jscomp.NodeTraversal.traverse(NodeTraversal.java:277)<br>	at com.google.javascript.jscomp.NodeTraversal.traverse(NodeTraversal.java:456)<br>	at com.google.javascript.jscomp.CheckAccessControls.process(CheckAccessControls.java:130)<br>	at com.google.javascript.jscomp.CompilerTestCase.test(CompilerTestCase.java:804)<br>	at com.google.javascript.jscomp.CompilerTestCase.test(CompilerTestCase.java:447)<br>	at com.google.javascript.jscomp.CompilerTestCase.test(CompilerTestCase.java:373)<br>	at com.google.javascript.jscomp.CompilerTestCase.test(CompilerTestCase.java:342)<br>	at com.google.javascript.jscomp.CompilerTestCase.test(CompilerTestCase.java:330)<br>	at com.google.javascript.jscomp.CompilerTestCase.testSame(CompilerTestCase.java:569)<br>	at com.google.javascript.jscomp.CheckAccessControlsTest.testConstantProperty12(CheckAccessControlsTest.java:764)<br>Caused by: java.lang.NullPointerException<br>
</code></td><td>0.001</td>
</tr>
<tr valign="top" class="Error">
<td><a name="testConstantProperty13"></a>testConstantProperty13</td><td>Error</td><td>INTERNAL COMPILER ERROR.
Please report this problem.
null
  Node(FUNCTION Foo): testcode:1:20
/** @constructor */ function Foo() {}/** @const */ Foo.prototype.bar;/**
  Parent(SCRIPT): testcode:1:0
/** @constructor */ function Foo() {}/** @const */ Foo.prototype.bar;/**
<br>
<br>
<code>java.lang.RuntimeException: INTERNAL COMPILER ERROR.<br>Please report this problem.<br>null<br>  Node(FUNCTION Foo): testcode:1:20<br>/** @constructor */ function Foo() {}/** @const */ Foo.prototype.bar;/**<br>  Parent(SCRIPT): testcode:1:0<br>/** @constructor */ function Foo() {}/** @const */ Foo.prototype.bar;/**<br>
<br>	at com.google.javascript.jscomp.CheckAccessControls.checkFinalClassOverrides(CheckAccessControls.java:368)<br>	at com.google.javascript.jscomp.CheckAccessControls.visit(CheckAccessControls.java:240)<br>	at com.google.javascript.jscomp.NodeTraversal.traverseBranch(NodeTraversal.java:505)<br>	at com.google.javascript.jscomp.NodeTraversal.traverseBranch(NodeTraversal.java:498)<br>	at com.google.javascript.jscomp.NodeTraversal.traverseBranch(NodeTraversal.java:498)<br>	at com.google.javascript.jscomp.NodeTraversal.traverse(NodeTraversal.java:277)<br>	at com.google.javascript.jscomp.NodeTraversal.traverse(NodeTraversal.java:456)<br>	at com.google.javascript.jscomp.CheckAccessControls.process(CheckAccessControls.java:130)<br>	at com.google.javascript.jscomp.CompilerTestCase.test(CompilerTestCase.java:804)<br>	at com.google.javascript.jscomp.CompilerTestCase.test(CompilerTestCase.java:447)<br>	at com.google.javascript.jscomp.CompilerTestCase.test(CompilerTestCase.java:373)<br>	at com.google.javascript.jscomp.CompilerTestCase.test(CompilerTestCase.java:342)<br>	at com.google.javascript.jscomp.CheckAccessControlsTest.testConstantProperty13(CheckAccessControlsTest.java:777)<br>Caused by: java.lang.NullPointerException<br>
</code></td><td>0.001</td>
</tr>
<tr valign="top" class="Error">
<td><a name="testConstantProperty14"></a>testConstantProperty14</td><td>Error</td><td>INTERNAL COMPILER ERROR.
Please report this problem.
null
  Node(FUNCTION Foo): testcode:1:20
/** @constructor */ function Foo() {/** @const */ this.bar = 3; delete this.bar; }
  Parent(SCRIPT): testcode:1:0
/** @constructor */ function Foo() {/** @const */ this.bar = 3; delete this.bar; }
<br>
<br>
<code>java.lang.RuntimeException: INTERNAL COMPILER ERROR.<br>Please report this problem.<br>null<br>  Node(FUNCTION Foo): testcode:1:20<br>/** @constructor */ function Foo() {/** @const */ this.bar = 3; delete this.bar; }<br>  Parent(SCRIPT): testcode:1:0<br>/** @constructor */ function Foo() {/** @const */ this.bar = 3; delete this.bar; }<br>
<br>	at com.google.javascript.jscomp.CheckAccessControls.checkFinalClassOverrides(CheckAccessControls.java:368)<br>	at com.google.javascript.jscomp.CheckAccessControls.visit(CheckAccessControls.java:240)<br>	at com.google.javascript.jscomp.NodeTraversal.traverseBranch(NodeTraversal.java:505)<br>	at com.google.javascript.jscomp.NodeTraversal.traverseBranch(NodeTraversal.java:498)<br>	at com.google.javascript.jscomp.NodeTraversal.traverseBranch(NodeTraversal.java:498)<br>	at com.google.javascript.jscomp.NodeTraversal.traverse(NodeTraversal.java:277)<br>	at com.google.javascript.jscomp.NodeTraversal.traverse(NodeTraversal.java:456)<br>	at com.google.javascript.jscomp.CheckAccessControls.process(CheckAccessControls.java:130)<br>	at com.google.javascript.jscomp.CompilerTestCase.test(CompilerTestCase.java:804)<br>	at com.google.javascript.jscomp.CompilerTestCase.test(CompilerTestCase.java:447)<br>	at com.google.javascript.jscomp.CompilerTestCase.test(CompilerTestCase.java:373)<br>	at com.google.javascript.jscomp.CompilerTestCase.test(CompilerTestCase.java:342)<br>	at com.google.javascript.jscomp.CheckAccessControlsTest.testConstantProperty14(CheckAccessControlsTest.java:791)<br>Caused by: java.lang.NullPointerException<br>
</code></td><td>0.001</td>
</tr>
<tr valign="top" class="Error">
<td><a name="testSuppressConstantProperty"></a>testSuppressConstantProperty</td><td>Error</td><td>INTERNAL COMPILER ERROR.
Please report this problem.
null
  Node(FUNCTION A): testcode:1:20
/** @constructor */ function A() {/** @const */ this.bar = 3;}/**
  Parent(SCRIPT): testcode:1:0
/** @constructor */ function A() {/** @const */ this.bar = 3;}/**
<br>
<br>
<code>java.lang.RuntimeException: INTERNAL COMPILER ERROR.<br>Please report this problem.<br>null<br>  Node(FUNCTION A): testcode:1:20<br>/** @constructor */ function A() {/** @const */ this.bar = 3;}/**<br>  Parent(SCRIPT): testcode:1:0<br>/** @constructor */ function A() {/** @const */ this.bar = 3;}/**<br>
<br>	at com.google.javascript.jscomp.CheckAccessControls.checkFinalClassOverrides(CheckAccessControls.java:368)<br>	at com.google.javascript.jscomp.CheckAccessControls.visit(CheckAccessControls.java:240)<br>	at com.google.javascript.jscomp.NodeTraversal.traverseBranch(NodeTraversal.java:505)<br>	at com.google.javascript.jscomp.NodeTraversal.traverseBranch(NodeTraversal.java:498)<br>	at com.google.javascript.jscomp.NodeTraversal.traverseBranch(NodeTraversal.java:498)<br>	at com.google.javascript.jscomp.NodeTraversal.traverse(NodeTraversal.java:277)<br>	at com.google.javascript.jscomp.NodeTraversal.traverse(NodeTraversal.java:456)<br>	at com.google.javascript.jscomp.CheckAccessControls.process(CheckAccessControls.java:130)<br>	at com.google.javascript.jscomp.CompilerTestCase.test(CompilerTestCase.java:804)<br>	at com.google.javascript.jscomp.CompilerTestCase.test(CompilerTestCase.java:447)<br>	at com.google.javascript.jscomp.CompilerTestCase.test(CompilerTestCase.java:373)<br>	at com.google.javascript.jscomp.CompilerTestCase.test(CompilerTestCase.java:342)<br>	at com.google.javascript.jscomp.CompilerTestCase.test(CompilerTestCase.java:330)<br>	at com.google.javascript.jscomp.CompilerTestCase.testSame(CompilerTestCase.java:569)<br>	at com.google.javascript.jscomp.CheckAccessControlsTest.testSuppressConstantProperty(CheckAccessControlsTest.java:797)<br>Caused by: java.lang.NullPointerException<br>
</code></td><td>0.001</td>
</tr>
<tr valign="top" class="Error">
<td><a name="testSuppressConstantProperty2"></a>testSuppressConstantProperty2</td><td>Error</td><td>INTERNAL COMPILER ERROR.
Please report this problem.
null
  Node(FUNCTION A): testcode:1:20
/** @constructor */ function A() {/** @const */ this.bar = 3;}/**
  Parent(SCRIPT): testcode:1:0
/** @constructor */ function A() {/** @const */ this.bar = 3;}/**
<br>
<br>
<code>java.lang.RuntimeException: INTERNAL COMPILER ERROR.<br>Please report this problem.<br>null<br>  Node(FUNCTION A): testcode:1:20<br>/** @constructor */ function A() {/** @const */ this.bar = 3;}/**<br>  Parent(SCRIPT): testcode:1:0<br>/** @constructor */ function A() {/** @const */ this.bar = 3;}/**<br>
<br>	at com.google.javascript.jscomp.CheckAccessControls.checkFinalClassOverrides(CheckAccessControls.java:368)<br>	at com.google.javascript.jscomp.CheckAccessControls.visit(CheckAccessControls.java:240)<br>	at com.google.javascript.jscomp.NodeTraversal.traverseBranch(NodeTraversal.java:505)<br>	at com.google.javascript.jscomp.NodeTraversal.traverseBranch(NodeTraversal.java:498)<br>	at com.google.javascript.jscomp.NodeTraversal.traverseBranch(NodeTraversal.java:498)<br>	at com.google.javascript.jscomp.NodeTraversal.traverse(NodeTraversal.java:277)<br>	at com.google.javascript.jscomp.NodeTraversal.traverse(NodeTraversal.java:456)<br>	at com.google.javascript.jscomp.CheckAccessControls.process(CheckAccessControls.java:130)<br>	at com.google.javascript.jscomp.CompilerTestCase.test(CompilerTestCase.java:804)<br>	at com.google.javascript.jscomp.CompilerTestCase.test(CompilerTestCase.java:447)<br>	at com.google.javascript.jscomp.CompilerTestCase.test(CompilerTestCase.java:373)<br>	at com.google.javascript.jscomp.CompilerTestCase.test(CompilerTestCase.java:342)<br>	at com.google.javascript.jscomp.CompilerTestCase.test(CompilerTestCase.java:330)<br>	at com.google.javascript.jscomp.CompilerTestCase.testSame(CompilerTestCase.java:569)<br>	at com.google.javascript.jscomp.CheckAccessControlsTest.testSuppressConstantProperty2(CheckAccessControlsTest.java:807)<br>Caused by: java.lang.NullPointerException<br>
</code></td><td>0.001</td>
</tr>
<tr valign="top" class="Error">
<td><a name="testFinalClassCannotBeSubclassed"></a>testFinalClassCannotBeSubclassed</td><td>Error</td><td>INTERNAL COMPILER ERROR.
Please report this problem.
null
  Node(FUNCTION ): testcode:4:10
 */ Foo = function() {};
  Parent(ASSIGN): testcode:4:4
 */ Foo = function() {};
<br>
<br>
<code>java.lang.RuntimeException: INTERNAL COMPILER ERROR.<br>Please report this problem.<br>null<br>  Node(FUNCTION ): testcode:4:10<br> */ Foo = function() {};<br>  Parent(ASSIGN): testcode:4:4<br> */ Foo = function() {};<br>
<br>	at com.google.javascript.jscomp.CheckAccessControls.checkFinalClassOverrides(CheckAccessControls.java:368)<br>	at com.google.javascript.jscomp.CheckAccessControls.visit(CheckAccessControls.java:240)<br>	at com.google.javascript.jscomp.NodeTraversal.traverseBranch(NodeTraversal.java:505)<br>	at com.google.javascript.jscomp.NodeTraversal.traverseBranch(NodeTraversal.java:498)<br>	at com.google.javascript.jscomp.NodeTraversal.traverseBranch(NodeTraversal.java:498)<br>	at com.google.javascript.jscomp.NodeTraversal.traverseBranch(NodeTraversal.java:498)<br>	at com.google.javascript.jscomp.NodeTraversal.traverseBranch(NodeTraversal.java:498)<br>	at com.google.javascript.jscomp.NodeTraversal.traverse(NodeTraversal.java:277)<br>	at com.google.javascript.jscomp.NodeTraversal.traverse(NodeTraversal.java:456)<br>	at com.google.javascript.jscomp.CheckAccessControls.process(CheckAccessControls.java:130)<br>	at com.google.javascript.jscomp.CompilerTestCase.test(CompilerTestCase.java:804)<br>	at com.google.javascript.jscomp.CompilerTestCase.test(CompilerTestCase.java:447)<br>	at com.google.javascript.jscomp.CompilerTestCase.test(CompilerTestCase.java:373)<br>	at com.google.javascript.jscomp.CompilerTestCase.test(CompilerTestCase.java:342)<br>	at com.google.javascript.jscomp.CheckAccessControlsTest.testFinalClassCannotBeSubclassed(CheckAccessControlsTest.java:817)<br>Caused by: java.lang.NullPointerException<br>
</code></td><td>0.001</td>
</tr>
</table>
<div class="Properties">
<a href="javascript:displayProperties('com.google.javascript.jscomp.CheckAccessControlsTest');">
                    Properties &raquo;
                </a>
</div>
</body>
</html>
